OpenROAD v2.0-19149-g9ef9c213c 
Features included (+) or not (-): +GPU +GUI +Python
This program is licensed under the BSD-3 license. See the LICENSE file for details.
Components of this program may be licensed under more restrictive licenses which must be honored.
[INFO ORD-0030] Using 8 thread(s).
Perform port buffering...
Perform buffer insertion and gate resizing...
repair_design -verbose -match_cell_footprint
[INFO RSZ-0058] Using max wire length 23868um.
Iteration |   Area    | Resized | Buffers | Nets repaired | Remaining
---------------------------------------------------------------------
        0 |     +0.0% |       0 |       0 |             0 |      4027
       10 |     +0.0% |       0 |       0 |             0 |      4017
       20 |     +0.0% |       0 |       0 |             0 |      4007
       30 |     +0.0% |       0 |       0 |             0 |      3997
       40 |     +0.0% |       0 |       0 |             0 |      3987
       50 |     +0.0% |       0 |       0 |             0 |      3977
       60 |     +0.0% |       0 |       0 |             0 |      3967
       70 |     +0.0% |       0 |       0 |             0 |      3957
       80 |     +0.0% |       0 |       0 |             0 |      3947
       90 |     +0.0% |       0 |       0 |             0 |      3937
      100 |     +0.0% |       0 |       0 |             0 |      3927
      110 |     +0.0% |       0 |       0 |             0 |      3917
      120 |     +0.0% |       0 |       0 |             0 |      3907
      130 |     +0.0% |       0 |       0 |             0 |      3897
      140 |     +0.0% |       0 |       0 |             0 |      3887
      150 |     +0.0% |       0 |       0 |             0 |      3877
      160 |     +0.0% |       0 |       0 |             0 |      3867
      170 |     +0.0% |       0 |       0 |             0 |      3857
      180 |     +0.0% |       0 |       0 |             0 |      3847
      190 |     +0.0% |       0 |       0 |             0 |      3837
      200 |     +0.0% |       0 |       0 |             0 |      3827
      210 |     +0.0% |       0 |       0 |             0 |      3817
      220 |     +0.0% |       0 |       0 |             0 |      3807
      230 |     +0.0% |       0 |       0 |             0 |      3797
      240 |     +0.0% |       0 |       0 |             0 |      3787
      250 |     +0.0% |       0 |       0 |             0 |      3777
      260 |     +0.0% |       0 |       0 |             0 |      3767
      270 |     +0.0% |       0 |       0 |             0 |      3757
      280 |     +0.0% |       0 |       0 |             0 |      3747
      290 |     +0.0% |       0 |       0 |             0 |      3737
      300 |     +0.0% |       0 |       0 |             0 |      3727
      310 |     +0.0% |       0 |       0 |             0 |      3717
      320 |     +0.0% |       0 |       0 |             0 |      3707
      330 |     +0.0% |       0 |       0 |             0 |      3697
      340 |     +0.0% |       0 |       0 |             0 |      3687
      350 |     +0.0% |       0 |       0 |             0 |      3677
      360 |     +0.0% |       0 |       0 |             0 |      3667
      370 |     +0.0% |       0 |       0 |             0 |      3657
      380 |     +0.0% |       0 |       0 |             0 |      3647
      390 |     +0.0% |       0 |       0 |             0 |      3637
      400 |     +0.0% |       0 |       0 |             0 |      3627
      410 |     +0.0% |       0 |       0 |             0 |      3617
      420 |     +0.0% |       0 |       0 |             0 |      3607
      430 |     +0.0% |       0 |       0 |             0 |      3597
      440 |     +0.0% |       0 |       0 |             0 |      3587
      450 |     +0.0% |       0 |       0 |             0 |      3577
      460 |     +0.0% |       0 |       0 |             0 |      3567
      470 |     +0.0% |       0 |       0 |             0 |      3557
      480 |     +0.0% |       0 |       0 |             0 |      3547
      490 |     +0.0% |       0 |       0 |             0 |      3537
      500 |     +0.0% |       0 |       0 |             0 |      3527
      510 |     +0.0% |       0 |       0 |             0 |      3517
      520 |     +0.0% |       0 |       0 |             0 |      3507
      530 |     +0.0% |       0 |       0 |             0 |      3497
      540 |     +0.0% |       0 |       0 |             0 |      3487
      550 |     +0.0% |       0 |       0 |             0 |      3477
      560 |     +0.0% |       0 |       0 |             0 |      3467
      570 |     +0.0% |       0 |       0 |             0 |      3457
      580 |     +0.0% |       0 |       0 |             0 |      3447
      590 |     +0.0% |       0 |       0 |             0 |      3437
      600 |     +0.0% |       0 |       0 |             0 |      3427
      610 |     +0.0% |       0 |       0 |             0 |      3417
      620 |     +0.0% |       0 |       0 |             0 |      3407
      630 |     +0.0% |       0 |       0 |             0 |      3397
      640 |     +0.0% |       0 |       0 |             0 |      3387
      650 |     +0.0% |       0 |       0 |             0 |      3377
      660 |     +0.0% |       0 |       0 |             0 |      3367
      670 |     +0.0% |       0 |       0 |             0 |      3357
      680 |     +0.0% |       0 |       0 |             0 |      3347
      690 |     +0.0% |       0 |       0 |             0 |      3337
      700 |     +0.0% |       0 |       0 |             0 |      3327
      710 |     +0.0% |       0 |       0 |             0 |      3317
      720 |     +0.0% |       0 |       0 |             0 |      3307
      730 |     +0.0% |       0 |       0 |             0 |      3297
      740 |     +0.0% |       0 |       0 |             0 |      3287
      750 |     +0.0% |       0 |       0 |             0 |      3277
      760 |     +0.0% |       0 |       0 |             0 |      3267
      770 |     +0.0% |       0 |       0 |             0 |      3257
      780 |     +0.0% |       0 |       0 |             0 |      3247
      790 |     +0.0% |       0 |       0 |             0 |      3237
      800 |     +0.0% |       0 |       0 |             0 |      3227
      810 |     +0.0% |       0 |       0 |             0 |      3217
      820 |     +0.0% |       0 |       0 |             0 |      3207
      830 |     +0.0% |       0 |       0 |             0 |      3197
      840 |     +0.0% |       0 |       0 |             0 |      3187
      850 |     +0.0% |       0 |       0 |             0 |      3177
      860 |     +0.0% |       0 |       0 |             0 |      3167
      870 |     +0.0% |       0 |       0 |             0 |      3157
      880 |     +0.0% |       0 |       0 |             0 |      3147
      890 |     +0.0% |       0 |       0 |             0 |      3137
      900 |     +0.0% |       0 |       0 |             0 |      3127
      910 |     +0.0% |       0 |       0 |             0 |      3117
      920 |     +0.0% |       0 |       0 |             0 |      3107
      930 |     +0.0% |       0 |       0 |             0 |      3097
      940 |     +0.0% |       0 |       0 |             0 |      3087
      950 |     +0.0% |       0 |       0 |             0 |      3077
      960 |     +0.0% |       0 |       0 |             0 |      3067
      970 |     +0.0% |       0 |       0 |             0 |      3057
      980 |     +0.0% |       0 |       0 |             0 |      3047
      990 |     +0.0% |       0 |       0 |             0 |      3037
     1000 |     +0.0% |       0 |       0 |             0 |      3027
     1010 |     +0.0% |       0 |       0 |             0 |      3017
     1020 |     +0.0% |       0 |       0 |             0 |      3007
     1030 |     +0.0% |       0 |       0 |             0 |      2997
     1040 |     +0.0% |       0 |       0 |             0 |      2987
     1050 |     +0.0% |       0 |       0 |             0 |      2977
     1060 |     +0.0% |       0 |       0 |             0 |      2967
     1070 |     +0.0% |       0 |       0 |             0 |      2957
     1080 |     +0.0% |       0 |       0 |             0 |      2947
     1090 |     +0.0% |       0 |       0 |             0 |      2937
     1100 |     +0.0% |       0 |       0 |             0 |      2927
     1110 |     +0.0% |       0 |       0 |             0 |      2917
     1120 |     +0.0% |       0 |       0 |             0 |      2907
     1130 |     +0.0% |       0 |       0 |             0 |      2897
     1140 |     +0.0% |       0 |       0 |             0 |      2887
     1150 |     +0.0% |       0 |       0 |             0 |      2877
     1160 |     +0.0% |       0 |       0 |             0 |      2867
     1170 |     +0.0% |       0 |       0 |             0 |      2857
     1180 |     +0.0% |       0 |       0 |             0 |      2847
     1190 |     +0.0% |       0 |       0 |             0 |      2837
     1200 |     +0.0% |       0 |       0 |             0 |      2827
     1210 |     +0.0% |       0 |       0 |             0 |      2817
     1220 |     +0.0% |       0 |       0 |             0 |      2807
     1230 |     +0.0% |       0 |       0 |             0 |      2797
     1240 |     +0.0% |       0 |       0 |             0 |      2787
     1250 |     +0.0% |       0 |       0 |             0 |      2777
     1260 |     +0.0% |       0 |       0 |             0 |      2767
     1270 |     +0.0% |       0 |       0 |             0 |      2757
     1280 |     +0.0% |       0 |       0 |             0 |      2747
     1290 |     +0.0% |       0 |       0 |             0 |      2737
     1300 |     +0.0% |       0 |       0 |             0 |      2727
     1310 |     +0.0% |       0 |       0 |             0 |      2717
     1320 |     +0.0% |       0 |       0 |             0 |      2707
     1330 |     +0.0% |       0 |       0 |             0 |      2697
     1340 |     +0.0% |       0 |       0 |             0 |      2687
     1350 |     +0.0% |       0 |       0 |             0 |      2677
     1360 |     +0.0% |       0 |       0 |             0 |      2667
     1370 |     +0.0% |       0 |       0 |             0 |      2657
     1380 |     +0.0% |       0 |       0 |             0 |      2647
     1390 |     +0.0% |       0 |       0 |             0 |      2637
     1400 |     +0.0% |       0 |       0 |             0 |      2627
     1410 |     +0.0% |       0 |       0 |             0 |      2617
     1420 |     +0.0% |       0 |       0 |             0 |      2607
     1430 |     +0.0% |       0 |       0 |             0 |      2597
     1440 |     +0.0% |       0 |       0 |             0 |      2587
     1450 |     +0.0% |       0 |       0 |             0 |      2577
     1460 |     +0.0% |       0 |       0 |             0 |      2567
     1470 |     +0.0% |       0 |       0 |             0 |      2557
     1480 |     +0.0% |       0 |       0 |             0 |      2547
     1490 |     +0.0% |       0 |       0 |             0 |      2537
     1500 |     +0.0% |       0 |       0 |             0 |      2527
     1510 |     +0.0% |       0 |       0 |             0 |      2517
     1520 |     +0.0% |       0 |       0 |             0 |      2507
     1530 |     +0.0% |       0 |       0 |             0 |      2497
     1540 |     +0.0% |       0 |       0 |             0 |      2487
     1550 |     +0.0% |       0 |       0 |             0 |      2477
     1560 |     +0.0% |       0 |       0 |             0 |      2467
     1570 |     +0.0% |       0 |       0 |             0 |      2457
     1580 |     +0.0% |       0 |       0 |             0 |      2447
     1590 |     +0.0% |       0 |       0 |             0 |      2437
     1600 |     +0.0% |       0 |       0 |             0 |      2427
     1610 |     +0.0% |       0 |       0 |             0 |      2417
     1620 |     +0.0% |       0 |       0 |             0 |      2407
     1630 |     +0.0% |       0 |       0 |             0 |      2397
     1640 |     +0.0% |       0 |       0 |             0 |      2387
     1650 |     +0.0% |       0 |       0 |             0 |      2377
     1660 |     +0.0% |       0 |       0 |             0 |      2367
     1670 |     +0.0% |       0 |       0 |             0 |      2357
     1680 |     +0.0% |       0 |       0 |             0 |      2347
     1690 |     +0.0% |       0 |       0 |             0 |      2337
     1700 |     +0.0% |       0 |       0 |             0 |      2327
     1710 |     +0.0% |       0 |       0 |             0 |      2317
     1720 |     +0.0% |       0 |       0 |             0 |      2307
     1730 |     +0.0% |       0 |       0 |             0 |      2297
     1740 |     +0.0% |       0 |       0 |             0 |      2287
     1750 |     +0.0% |       0 |       0 |             0 |      2277
     1760 |     +0.0% |       0 |       0 |             0 |      2267
     1770 |     +0.0% |       0 |       0 |             0 |      2257
     1780 |     +0.0% |       0 |       0 |             0 |      2247
     1790 |     +0.0% |       0 |       0 |             0 |      2237
     1800 |     +0.0% |       0 |       0 |             0 |      2227
     1810 |     +0.0% |       0 |       0 |             0 |      2217
     1820 |     +0.0% |       0 |       0 |             0 |      2207
     1830 |     +0.0% |       0 |       0 |             0 |      2197
     1840 |     +0.0% |       0 |       0 |             0 |      2187
     1850 |     +0.0% |       0 |       0 |             0 |      2177
     1860 |     +0.0% |       0 |       0 |             0 |      2167
     1870 |     +0.0% |       0 |       0 |             0 |      2157
     1880 |     +0.0% |       0 |       0 |             0 |      2147
     1890 |     +0.0% |       0 |       0 |             0 |      2137
     1900 |     +0.0% |       0 |       0 |             0 |      2127
     1910 |     +0.0% |       0 |       0 |             0 |      2117
     1920 |     +0.0% |       0 |       0 |             0 |      2107
     1930 |     +0.0% |       0 |       0 |             0 |      2097
     1940 |     +0.0% |       0 |       0 |             0 |      2087
     1950 |     +0.0% |       0 |       0 |             0 |      2077
     1960 |     +0.0% |       0 |       0 |             0 |      2067
     1970 |     +0.0% |       0 |       0 |             0 |      2057
     1980 |     +0.0% |       0 |       0 |             0 |      2047
     1990 |     +0.0% |       0 |       0 |             0 |      2037
     2000 |     +0.0% |       0 |       0 |             0 |      2027
     2010 |     +0.0% |       0 |       0 |             0 |      2017
     2020 |     +0.0% |       0 |       0 |             0 |      2007
     2030 |     +0.0% |       0 |       0 |             0 |      1997
     2040 |     +0.0% |       0 |       0 |             0 |      1987
     2050 |     +0.0% |       0 |       0 |             0 |      1977
     2060 |     +0.0% |       0 |       0 |             0 |      1967
     2070 |     +0.0% |       0 |       0 |             0 |      1957
     2080 |     +0.0% |       0 |       0 |             0 |      1947
     2090 |     +0.0% |       0 |       0 |             0 |      1937
     2100 |     +0.0% |       0 |       0 |             0 |      1927
     2110 |     +0.0% |       0 |       0 |             0 |      1917
     2120 |     +0.0% |       0 |       0 |             0 |      1907
     2130 |     +0.0% |       0 |       0 |             0 |      1897
     2140 |     +0.0% |       0 |       0 |             0 |      1887
     2150 |     +0.0% |       0 |       0 |             0 |      1877
     2160 |     +0.0% |       0 |       0 |             0 |      1867
     2170 |     +0.0% |       0 |       0 |             0 |      1857
     2180 |     +0.0% |       0 |       0 |             0 |      1847
     2190 |     +0.0% |       0 |       0 |             0 |      1837
     2200 |     +0.0% |       0 |       0 |             0 |      1827
     2210 |     +0.0% |       0 |       0 |             0 |      1817
     2220 |     +0.0% |       0 |       0 |             0 |      1807
     2230 |     +0.0% |       0 |       0 |             0 |      1797
     2240 |     +0.0% |       0 |       0 |             0 |      1787
     2250 |     +0.0% |       0 |       0 |             0 |      1777
     2260 |     +0.0% |       0 |       0 |             0 |      1767
     2270 |     +0.0% |       0 |       0 |             0 |      1757
     2280 |     +0.0% |       0 |       0 |             0 |      1747
     2290 |     +0.0% |       0 |       0 |             0 |      1737
     2300 |     +0.0% |       0 |       0 |             0 |      1727
     2310 |     +0.0% |       0 |       0 |             0 |      1717
     2320 |     +0.0% |       0 |       0 |             0 |      1707
     2330 |     +0.0% |       0 |       0 |             0 |      1697
     2340 |     +0.0% |       0 |       0 |             0 |      1687
     2350 |     +0.0% |       0 |       0 |             0 |      1677
     2360 |     +0.0% |       0 |       0 |             0 |      1667
     2370 |     +0.0% |       0 |       0 |             0 |      1657
     2380 |     +0.0% |       0 |       0 |             0 |      1647
     2390 |     +0.0% |       0 |       0 |             0 |      1637
     2400 |     +0.0% |       0 |       0 |             0 |      1627
     2410 |     +0.0% |       0 |       0 |             0 |      1617
     2420 |     +0.0% |       0 |       0 |             0 |      1607
     2430 |     +0.0% |       0 |       0 |             0 |      1597
     2440 |     +0.0% |       0 |       0 |             0 |      1587
     2450 |     +0.0% |       0 |       0 |             0 |      1577
     2460 |     +0.0% |       0 |       0 |             0 |      1567
     2470 |     +0.0% |       0 |       0 |             0 |      1557
     2480 |     +0.0% |       0 |       0 |             0 |      1547
     2490 |     +0.0% |       0 |       0 |             0 |      1537
     2500 |     +0.0% |       0 |       0 |             0 |      1527
     2510 |     +0.0% |       0 |       0 |             0 |      1517
     2520 |     +0.0% |       0 |       0 |             0 |      1507
     2530 |     +0.0% |       0 |       0 |             0 |      1497
     2540 |     +0.0% |       0 |       0 |             0 |      1487
     2550 |     +0.0% |       0 |       0 |             0 |      1477
     2560 |     +0.0% |       0 |       0 |             0 |      1467
     2570 |     +0.0% |       0 |       0 |             0 |      1457
     2580 |     +0.0% |       0 |       0 |             0 |      1447
     2590 |     +0.0% |       0 |       0 |             0 |      1437
     2600 |     +0.0% |       0 |       0 |             0 |      1427
     2610 |     +0.0% |       0 |       0 |             0 |      1417
     2620 |     +0.0% |       0 |       0 |             0 |      1407
     2630 |     +0.0% |       0 |       0 |             0 |      1397
     2640 |     +0.0% |       0 |       0 |             0 |      1387
     2650 |     +0.0% |       0 |       0 |             0 |      1377
     2660 |     +0.0% |       0 |       0 |             0 |      1367
     2670 |     +0.0% |       0 |       0 |             0 |      1357
     2680 |     +0.0% |       0 |       0 |             0 |      1347
     2690 |     +0.0% |       0 |       0 |             0 |      1337
     2700 |     +0.0% |       0 |       0 |             0 |      1327
     2710 |     +0.0% |       0 |       0 |             0 |      1317
     2720 |     +0.0% |       0 |       0 |             0 |      1307
     2730 |     +0.0% |       0 |       0 |             0 |      1297
     2740 |     +0.0% |       0 |       0 |             0 |      1287
     2750 |     +0.0% |       0 |       0 |             0 |      1277
     2760 |     +0.0% |       0 |       0 |             0 |      1267
     2770 |     +0.0% |       0 |       0 |             0 |      1257
     2780 |     +0.0% |       0 |       0 |             0 |      1247
     2790 |     +0.0% |       0 |       0 |             0 |      1237
     2800 |     +0.0% |       0 |       0 |             0 |      1227
     2810 |     +0.0% |       0 |       0 |             0 |      1217
     2820 |     +0.0% |       0 |       0 |             0 |      1207
     2830 |     +0.0% |       0 |       0 |             0 |      1197
     2840 |     +0.0% |       0 |       0 |             0 |      1187
     2850 |     +0.0% |       0 |       0 |             0 |      1177
     2860 |     +0.0% |       0 |       0 |             0 |      1167
     2870 |     +0.0% |       0 |       0 |             0 |      1157
     2880 |     +0.0% |       0 |       0 |             0 |      1147
     2890 |     +0.0% |       0 |       0 |             0 |      1137
     2900 |     +0.0% |       0 |       0 |             0 |      1127
     2910 |     +0.0% |       0 |       0 |             0 |      1117
     2920 |     +0.0% |       0 |       0 |             0 |      1107
     2930 |     +0.0% |       0 |       0 |             0 |      1097
     2940 |     +0.0% |       0 |       0 |             0 |      1087
     2950 |     +0.0% |       0 |       0 |             0 |      1077
     2960 |     +0.0% |       0 |       0 |             0 |      1067
     2970 |     +0.0% |       0 |       0 |             0 |      1057
     2980 |     +0.0% |       0 |       0 |             0 |      1047
     2990 |     +0.0% |       0 |       0 |             0 |      1037
     3000 |     +0.0% |       0 |       0 |             0 |      1027
     3010 |     +0.0% |       0 |       0 |             0 |      1017
     3020 |     +0.0% |       0 |       0 |             0 |      1007
     3030 |     +0.0% |       0 |       0 |             0 |       997
     3040 |     +0.0% |       0 |       0 |             0 |       987
     3050 |     +0.0% |       0 |       0 |             0 |       977
     3060 |     +0.0% |       0 |       0 |             0 |       967
     3070 |     +0.0% |       0 |       0 |             0 |       957
     3080 |     +0.0% |       0 |       0 |             0 |       947
     3090 |     +0.0% |       0 |       0 |             0 |       937
     3100 |     +0.0% |       0 |       0 |             0 |       927
     3110 |     +0.0% |       0 |       0 |             0 |       917
     3120 |     +0.0% |       0 |       0 |             0 |       907
     3130 |     +0.0% |       0 |       0 |             0 |       897
     3140 |     +0.0% |       0 |       0 |             0 |       887
     3150 |     +0.0% |       0 |       0 |             0 |       877
     3160 |     +0.0% |       0 |       0 |             0 |       867
     3170 |     +0.0% |       0 |       0 |             0 |       857
     3180 |     +0.0% |       0 |       0 |             0 |       847
     3190 |     +0.0% |       0 |       0 |             0 |       837
     3200 |     +0.0% |       0 |       0 |             0 |       827
     3210 |     +0.0% |       0 |       0 |             0 |       817
     3220 |     +0.0% |       0 |       0 |             0 |       807
     3230 |     +0.0% |       0 |       0 |             0 |       797
     3240 |     +0.0% |       0 |       0 |             0 |       787
     3250 |     +0.0% |       0 |       0 |             0 |       777
     3260 |     +0.0% |       0 |       0 |             0 |       767
     3270 |     +0.0% |       0 |       0 |             0 |       757
     3280 |     +0.0% |       0 |       0 |             0 |       747
     3290 |     +0.0% |       0 |       0 |             0 |       737
     3300 |     +0.0% |       0 |       0 |             0 |       727
     3310 |     +0.0% |       0 |       0 |             0 |       717
     3320 |     +0.0% |       0 |       0 |             0 |       707
     3330 |     +0.0% |       0 |       0 |             0 |       697
     3340 |     +0.0% |       0 |       0 |             0 |       687
     3350 |     +0.0% |       0 |       0 |             0 |       677
     3360 |     +0.0% |       0 |       0 |             0 |       667
     3370 |     +0.0% |       0 |       0 |             0 |       657
     3380 |     +0.0% |       0 |       0 |             0 |       647
     3390 |     +0.0% |       0 |       0 |             0 |       637
     3400 |     +0.0% |       0 |       0 |             0 |       627
     3410 |     +0.0% |       0 |       0 |             0 |       617
     3420 |     +0.0% |       0 |       0 |             0 |       607
     3430 |     +0.0% |       0 |       0 |             0 |       597
     3440 |     +0.0% |       0 |       0 |             0 |       587
     3450 |     +0.0% |       0 |       0 |             0 |       577
     3460 |     +0.0% |       0 |       0 |             0 |       567
     3470 |     +0.0% |       0 |       0 |             0 |       557
     3480 |     +0.0% |       0 |       0 |             0 |       547
     3490 |     +0.0% |       0 |       0 |             0 |       537
     3500 |     +0.0% |       0 |       0 |             0 |       527
     3510 |     +0.0% |       0 |       0 |             0 |       517
     3520 |     +0.0% |       0 |       0 |             0 |       507
     3530 |     +0.0% |       0 |       0 |             0 |       497
     3540 |     +0.0% |       0 |       0 |             0 |       487
     3550 |     +0.0% |       0 |       0 |             0 |       477
     3560 |     +0.0% |       0 |       0 |             0 |       467
     3570 |     +0.0% |       0 |       0 |             0 |       457
     3580 |     +0.0% |       0 |       0 |             0 |       447
     3590 |     +0.0% |       0 |       0 |             0 |       437
     3600 |     +0.0% |       0 |       0 |             0 |       427
     3610 |     +0.0% |       0 |       0 |             0 |       417
     3620 |     +0.0% |       0 |       0 |             0 |       407
     3630 |     +0.0% |       0 |       0 |             0 |       397
     3640 |     +0.0% |       0 |       0 |             0 |       387
     3650 |     +0.0% |       0 |       0 |             0 |       377
     3660 |     +0.0% |       0 |       0 |             0 |       367
     3670 |     +0.0% |       0 |       0 |             0 |       357
     3680 |     +0.0% |       0 |       0 |             0 |       347
     3690 |     +0.0% |       0 |       0 |             0 |       337
     3700 |     +0.0% |       0 |       0 |             0 |       327
     3710 |     +0.0% |       0 |       0 |             0 |       317
     3720 |     +0.0% |       0 |       0 |             0 |       307
     3730 |     +0.0% |       0 |       0 |             0 |       297
     3740 |     +0.0% |       0 |       0 |             0 |       287
     3750 |     +0.0% |       0 |       0 |             0 |       277
     3760 |     +0.0% |       0 |       0 |             0 |       267
     3770 |     +0.0% |       0 |       0 |             0 |       257
     3780 |     +0.0% |       0 |       0 |             0 |       247
     3790 |     +0.0% |       0 |       0 |             0 |       237
     3800 |     +0.0% |       0 |       0 |             0 |       227
     3810 |     +0.0% |       0 |       0 |             0 |       217
     3820 |     +0.0% |       0 |       0 |             0 |       207
     3830 |     +0.0% |       0 |       0 |             0 |       197
     3840 |     +0.0% |       0 |       0 |             0 |       187
     3850 |     +0.0% |       0 |       0 |             0 |       177
     3860 |     +0.0% |       0 |       0 |             0 |       167
     3870 |     +0.0% |       0 |       0 |             0 |       157
     3880 |     +0.0% |       0 |       0 |             0 |       147
     3890 |     +0.0% |       0 |       0 |             0 |       137
     3900 |     +0.0% |       0 |       0 |             0 |       127
     3910 |     +0.0% |       0 |       0 |             0 |       117
     3920 |     +0.0% |       0 |       0 |             0 |       107
     3930 |     +0.0% |       0 |       0 |             0 |        97
     3940 |     +0.0% |       0 |       0 |             0 |        87
     3950 |     +0.0% |       0 |       0 |             0 |        77
     3960 |     +0.0% |       0 |       0 |             0 |        67
     3970 |     +0.0% |       0 |       0 |             0 |        57
     3980 |     +0.0% |       0 |       0 |             0 |        47
     3990 |     +0.0% |       0 |       0 |             0 |        37
     4000 |     +0.0% |       0 |       0 |             0 |        27
     4010 |     +0.0% |       0 |       0 |             0 |        17
     4020 |     +0.0% |       0 |       0 |             0 |         7
    final |     +0.0% |       0 |       0 |             0 |         0
---------------------------------------------------------------------
Repair tie lo fanout...
Repair tie hi fanout...
[INFO RSZ-0042] Inserted 16 tie sg13g2_tiehi instances.
Floating nets: 
[WARNING RSZ-0095] found 8 floating pins.
Report metrics stage 3, resizer...

==========================================================================
resizer report_design_area
--------------------------------------------------------------------------
Design area 40060 u^2 45% utilization.
Instance count before 4047, after 4062
Pin count before 13309, after 13324
Elapsed time: 0:02.22[h:]min:sec. CPU time: user 2.01 sys 0.20 (99%). Peak memory: 386680KB.
