OpenROAD v2.0-18853-gac67d5a11 
Features included (+) or not (-): +GPU +GUI +Python
This program is licensed under the BSD-3 license. See the LICENSE file for details.
Components of this program may be licensed under more restrictive licenses which must be honored.
[INFO ORD-0030] Using 8 thread(s).
Placement Analysis
---------------------------------
total displacement      40345.1 u
average displacement        3.8 u
max displacement           16.8 u
original HPWL          322406.9 u
legalized HPWL         356964.3 u
delta HPWL                   11 %

Detailed placement improvement.
Importing netlist into detailed improver.
[INFO DPO-0100] Creating network with 10638 cells, 5 terminals, 12025 edges, 33854 pins, and 0 blockages.
[INFO DPO-0109] Network stats: inst 10643, edges 12025, pins 33854
[INFO DPO-0110] Number of regions is 1
[INFO DPO-0401] Setting random seed to 1.
[INFO DPO-0402] Setting maximum displacement 5 1 to 18900 3780 units.
[INFO DPO-0320] Collected 5 fixed cells.
[INFO DPO-0318] Collected 10638 single height cells.
[INFO DPO-0321] Collected 0 wide cells.
[INFO DPO-0322] Image (400320, 400680) - (1029600, 1028160)
[INFO DPO-0310] Assigned 10638 cells into segments.  Movement in X-direction is 0.000000, movement in Y-direction is 0.000000.
[INFO DPO-0313] Found 0 cells in wrong regions.
[INFO DPO-0315] Found 0 row alignment problems.
[INFO DPO-0314] Found 0 site alignment problems.
[INFO DPO-0311] Found 0 overlaps between adjacent cells.
[INFO DPO-0312] Found 0 edge spacing violations and 0 padding violations.
[INFO DPO-0303] Running algorithm for independent set matching.
[INFO DPO-0300] Set matching objective is wirelength.
[INFO DPO-0301] Pass   1 of matching; objective is 3.580003e+08.
[INFO DPO-0302] End of matching; objective is 3.569185e+08, improvement is 0.30 percent.
[INFO DPO-0303] Running algorithm for global swaps.
[INFO DPO-0306] Pass   1 of global swaps; hpwl is 3.514060e+08.
[INFO DPO-0306] Pass   2 of global swaps; hpwl is 3.502076e+08.
[INFO DPO-0307] End of global swaps; objective is 3.502076e+08, improvement is 1.88 percent.
[INFO DPO-0303] Running algorithm for vertical swaps.
[INFO DPO-0308] Pass   1 of vertical swaps; hpwl is 3.492888e+08.
[INFO DPO-0309] End of vertical swaps; objective is 3.492888e+08, improvement is 0.26 percent.
[INFO DPO-0303] Running algorithm for reordering.
[INFO DPO-0304] Pass   1 of reordering; objective is 3.474342e+08.
[INFO DPO-0305] End of reordering; objective is 3.474342e+08, improvement is 0.53 percent.
[INFO DPO-0303] Running algorithm for random improvement.
[INFO DPO-0324] Random improver is using displacement generator.
[INFO DPO-0325] Random improver is using hpwl objective.
[INFO DPO-0326] Random improver cost string is (a).
[INFO DPO-0332] End of pass, Generator displacement called 212760 times.
[INFO DPO-0335] Generator displacement, Cumulative attempts 212760, swaps 39738, moves 39346 since last reset.
[INFO DPO-0333] End of pass, Objective hpwl, Initial cost 3.463386e+08, Scratch cost 3.431869e+08, Incremental cost 3.431869e+08, Mismatch? N
[INFO DPO-0338] End of pass, Total cost is 3.431869e+08.
[INFO DPO-0327] Pass   1 of random improver; improvement in cost is 0.91 percent.
[INFO DPO-0328] End of random improver; improvement is 0.909995 percent.
[INFO DPO-0380] Cell flipping.
[INFO DPO-0382] Changed 5273 cell orientations for row compatibility.
[INFO DPO-0383] Performed 3553 cell flips.
[INFO DPO-0384] End of flipping; objective is 3.397789e+08, improvement is 1.31 percent.
[INFO DPO-0313] Found 0 cells in wrong regions.
[INFO DPO-0315] Found 0 row alignment problems.
[INFO DPO-0314] Found 0 site alignment problems.
[INFO DPO-0311] Found 0 overlaps between adjacent cells.
[INFO DPO-0312] Found 0 edge spacing violations and 0 padding violations.
Detailed Improvement Results
------------------------------------------
Original HPWL           356964.3 u
Final HPWL              338517.9 u
Delta HPWL                  -5.2 %

[INFO DPL-0020] Mirrored 527 instances
[INFO DPL-0021] HPWL before          338517.9 u
[INFO DPL-0022] HPWL after           338388.0 u
[INFO DPL-0023] HPWL delta               -0.0 %
[INFO FLW-0012] Placement violations .
Report metrics stage 3, detailed place...

==========================================================================
detailed place report_design_area
--------------------------------------------------------------------------
Design area 154015 u^2 39% utilization.
Elapsed time: 0:05.61[h:]min:sec. CPU time: user 5.77 sys 0.07 (104%). Peak memory: 184180KB.
