Warning: Box.destroy: already destroyed!
Warning: Box.destroy: already destroyed!
Warning: Box.destroy: already destroyed!
Warning: Box.destroy: already destroyed!
Warning: Box.destroy: already destroyed!
Warning: Box.destroy: already destroyed!
Warning: Box.destroy: already destroyed!
Warning: Box.destroy: already destroyed!
Warning: Box.destroy: already destroyed!
Warning: Box.destroy: already destroyed!
Warning: Box.destroy: already destroyed!
Warning: Box.destroy: already destroyed!
Warning: Box.destroy: already destroyed!
Warning: Box.destroy: already destroyed!
Warning: Box.destroy: already destroyed!
Warning: Box.destroy: already destroyed!
Warning: Box.destroy: already destroyed!
Warning: Box.destroy: already destroyed!
[INFO] Reporting cells prior to loading DEF ...
[INFO] Reading DEF ...
[INFO] Clearing cells...
[INFO] Merging GDS/OAS files...
	/home/levin/OpenROAD-flow-scripts/flow/platforms/ihp-sg13g2/gds/sg13g2_stdcell.gds
	/home/levin/OpenROAD-flow-scripts/flow/platforms/ihp-sg13g2/gds/sg13g2_io.gds
	/home/levin/OpenROAD-flow-scripts/flow/platforms/ihp-sg13g2/gds/bondpad_70x70.gds
[INFO] Copying toplevel cell 'ascon_top'
[INFO] Checking for missing cell from GDS/OAS...
[INFO] All LEF cells have matching GDS/OAS cells
[INFO] Checking for orphan cell in the final layout...
[INFO] No orphan cells
[INFO] Reading seal GDS/OAS file...
	./designs/ihp-sg13g2/ascon/sealring.gds
[INFO] Merging 'sealring_top' as child of 'ascon_top'
[INFO] Writing out GDS/OAS './results/ihp-sg13g2/ascon/base/6_1_merged.gds'
Elapsed time: 0:03.00[h:]min:sec. CPU time: user 2.87 sys 0.27 (104%). Peak memory: 584812KB.
