
==========================================================================
global place report_tns
--------------------------------------------------------------------------
tns 0.00

==========================================================================
global place report_wns
--------------------------------------------------------------------------
wns 0.00

==========================================================================
global place report_worst_slack
--------------------------------------------------------------------------
worst slack 14.93

==========================================================================
global place report_checks -path_delay min
--------------------------------------------------------------------------
Startpoint: reset_n_phy (input port clocked by clk_25mhz)
Endpoint: ascon_top_inst.state_machine.current_state[2]$_DFFE_PN0P_
          (removal check against rising-edge clock clk_25mhz)
Path Group: asynchronous
Path Type: min

Fanout     Cap    Slew   Delay    Time   Description
-----------------------------------------------------------------------------
                  0.25    0.00    0.00   clock clk_25mhz (rise edge)
                          0.00    0.00   clock network delay (ideal)
                          2.00    2.00 ^ input external delay
     2    5.20    0.00    0.00    2.00 ^ reset_n_phy (in)
                                         reset_n_phy (net)
                  0.00    0.00    2.00 ^ u_pad_reset_n_phy/pad (sg13g2_IOPadIn)
     2    0.01    0.05    0.08    2.08 ^ u_pad_reset_n_phy/p2c (sg13g2_IOPadIn)
                                         ascon_top_inst.rst_n (net)
                  0.03    0.00    2.08 ^ fanout2083/A (sg13g2_buf_1)
     4    0.02    0.10    0.12    2.20 ^ fanout2083/X (sg13g2_buf_1)
                                         net2083 (net)
                  0.10    0.00    2.20 ^ ascon_top_inst.state_machine.current_state[2]$_DFFE_PN0P_/RESET_B (sg13g2_dfrbp_1)
                                  2.20   data arrival time

                  0.25    0.00    0.00   clock clk_25mhz (rise edge)
                          0.00    0.00   clock network delay (ideal)
                          0.15    0.15   clock uncertainty
                          0.00    0.15   clock reconvergence pessimism
                                  0.15 ^ ascon_top_inst.state_machine.current_state[2]$_DFFE_PN0P_/CLK (sg13g2_dfrbp_1)
                         -0.09    0.06   library removal time
                                  0.06   data required time
-----------------------------------------------------------------------------
                                  0.06   data required time
                                 -2.20   data arrival time
-----------------------------------------------------------------------------
                                  2.14   slack (MET)


Startpoint: msg_processed$_SDFFE_PN0P_
            (rising edge-triggered flip-flop clocked by clk_25mhz)
Endpoint: ascon_top_inst.msg_start_prev$_DFF_PN0_
          (rising edge-triggered flip-flop clocked by clk_25mhz)
Path Group: clk_25mhz
Path Type: min

Fanout     Cap    Slew   Delay    Time   Description
-----------------------------------------------------------------------------
                  0.25    0.00    0.00   clock clk_25mhz (rise edge)
                          0.00    0.00   clock network delay (ideal)
                  0.25    0.00    0.00 ^ msg_processed$_SDFFE_PN0P_/CLK (sg13g2_dfrbp_1)
     2    0.00    0.03    0.28    0.28 v msg_processed$_SDFFE_PN0P_/Q (sg13g2_dfrbp_1)
                                         msg_processed (net)
                  0.03    0.00    0.28 v ascon_top_inst.msg_start_prev$_DFF_PN0_/D (sg13g2_dfrbp_1)
                                  0.28   data arrival time

                  0.25    0.00    0.00   clock clk_25mhz (rise edge)
                          0.00    0.00   clock network delay (ideal)
                          0.15    0.15   clock uncertainty
                          0.00    0.15   clock reconvergence pessimism
                                  0.15 ^ ascon_top_inst.msg_start_prev$_DFF_PN0_/CLK (sg13g2_dfrbp_1)
                          0.01    0.16   library hold time
                                  0.16   data required time
-----------------------------------------------------------------------------
                                  0.16   data required time
                                 -0.28   data arrival time
-----------------------------------------------------------------------------
                                  0.11   slack (MET)



==========================================================================
global place report_checks -path_delay max
--------------------------------------------------------------------------
Startpoint: reset_n_phy (input port clocked by clk_25mhz)
Endpoint: ascon_top_inst.msg_start_prev$_DFF_PN0_
          (recovery check against rising-edge clock clk_25mhz)
Path Group: asynchronous
Path Type: max

Fanout     Cap    Slew   Delay    Time   Description
-----------------------------------------------------------------------------
                  0.25    0.00    0.00   clock clk_25mhz (rise edge)
                          0.00    0.00   clock network delay (ideal)
                          2.00    2.00 ^ input external delay
     2    5.24    0.00    0.00    2.00 ^ reset_n_phy (in)
                                         reset_n_phy (net)
                  0.00    0.00    2.00 ^ u_pad_reset_n_phy/pad (sg13g2_IOPadIn)
     2    0.01    0.05    0.08    2.08 ^ u_pad_reset_n_phy/p2c (sg13g2_IOPadIn)
                                         ascon_top_inst.rst_n (net)
                  0.03    0.00    2.08 ^ fanout2082/A (sg13g2_buf_1)
     8    0.05    0.23    0.21    2.29 ^ fanout2082/X (sg13g2_buf_1)
                                         net2082 (net)
                  0.23    0.00    2.29 ^ ascon_top_inst.msg_start_prev$_DFF_PN0_/RESET_B (sg13g2_dfrbp_1)
                                  2.29   data arrival time

                  0.25   20.83   20.83   clock clk_25mhz (rise edge)
                          0.00   20.83   clock network delay (ideal)
                         -0.15   20.68   clock uncertainty
                          0.00   20.68   clock reconvergence pessimism
                                 20.68 ^ ascon_top_inst.msg_start_prev$_DFF_PN0_/CLK (sg13g2_dfrbp_1)
                         -0.15   20.54   library recovery time
                                 20.54   data required time
-----------------------------------------------------------------------------
                                 20.54   data required time
                                 -2.29   data arrival time
-----------------------------------------------------------------------------
                                 18.25   slack (MET)


Startpoint: uart_tx_inst.o_Tx_Serial$_DFFE_PP_
            (rising edge-triggered flip-flop clocked by clk_25mhz)
Endpoint: tx_phy (output port clocked by clk_25mhz)
Path Group: clk_25mhz
Path Type: max

Fanout     Cap    Slew   Delay    Time   Description
-----------------------------------------------------------------------------
                  0.25    0.00    0.00   clock clk_25mhz (rise edge)
                          0.00    0.00   clock network delay (ideal)
                  0.25    0.00    0.00 ^ uart_tx_inst.o_Tx_Serial$_DFFE_PP_/CLK (sg13g2_dfrbp_1)
     4    0.05    0.22    0.42    0.42 ^ uart_tx_inst.o_Tx_Serial$_DFFE_PP_/Q (sg13g2_dfrbp_1)
                                         core_tx_phy (net)
                  0.29    0.00    0.42 ^ u_pad_tx_phy/c2p (sg13g2_IOPadOut4mA)
     2    5.00    4.68    3.33    3.75 ^ u_pad_tx_phy/pad (sg13g2_IOPadOut4mA)
                                         tx_phy (net)
                  3.51    0.00    3.75 ^ tx_phy (out)
                                  3.75   data arrival time

                  0.25   20.83   20.83   clock clk_25mhz (rise edge)
                          0.00   20.83   clock network delay (ideal)
                         -0.15   20.68   clock uncertainty
                          0.00   20.68   clock reconvergence pessimism
                         -2.00   18.68   output external delay
                                 18.68   data required time
-----------------------------------------------------------------------------
                                 18.68   data required time
                                 -3.75   data arrival time
-----------------------------------------------------------------------------
                                 14.93   slack (MET)



==========================================================================
global place report_checks -unconstrained
--------------------------------------------------------------------------
Startpoint: reset_n_phy (input port clocked by clk_25mhz)
Endpoint: ascon_top_inst.msg_start_prev$_DFF_PN0_
          (recovery check against rising-edge clock clk_25mhz)
Path Group: asynchronous
Path Type: max

Fanout     Cap    Slew   Delay    Time   Description
-----------------------------------------------------------------------------
                  0.25    0.00    0.00   clock clk_25mhz (rise edge)
                          0.00    0.00   clock network delay (ideal)
                          2.00    2.00 ^ input external delay
     2    5.24    0.00    0.00    2.00 ^ reset_n_phy (in)
                                         reset_n_phy (net)
                  0.00    0.00    2.00 ^ u_pad_reset_n_phy/pad (sg13g2_IOPadIn)
     2    0.01    0.05    0.08    2.08 ^ u_pad_reset_n_phy/p2c (sg13g2_IOPadIn)
                                         ascon_top_inst.rst_n (net)
                  0.03    0.00    2.08 ^ fanout2082/A (sg13g2_buf_1)
     8    0.05    0.23    0.21    2.29 ^ fanout2082/X (sg13g2_buf_1)
                                         net2082 (net)
                  0.23    0.00    2.29 ^ ascon_top_inst.msg_start_prev$_DFF_PN0_/RESET_B (sg13g2_dfrbp_1)
                                  2.29   data arrival time

                  0.25   20.83   20.83   clock clk_25mhz (rise edge)
                          0.00   20.83   clock network delay (ideal)
                         -0.15   20.68   clock uncertainty
                          0.00   20.68   clock reconvergence pessimism
                                 20.68 ^ ascon_top_inst.msg_start_prev$_DFF_PN0_/CLK (sg13g2_dfrbp_1)
                         -0.15   20.54   library recovery time
                                 20.54   data required time
-----------------------------------------------------------------------------
                                 20.54   data required time
                                 -2.29   data arrival time
-----------------------------------------------------------------------------
                                 18.25   slack (MET)


Startpoint: uart_tx_inst.o_Tx_Serial$_DFFE_PP_
            (rising edge-triggered flip-flop clocked by clk_25mhz)
Endpoint: tx_phy (output port clocked by clk_25mhz)
Path Group: clk_25mhz
Path Type: max

Fanout     Cap    Slew   Delay    Time   Description
-----------------------------------------------------------------------------
                  0.25    0.00    0.00   clock clk_25mhz (rise edge)
                          0.00    0.00   clock network delay (ideal)
                  0.25    0.00    0.00 ^ uart_tx_inst.o_Tx_Serial$_DFFE_PP_/CLK (sg13g2_dfrbp_1)
     4    0.05    0.22    0.42    0.42 ^ uart_tx_inst.o_Tx_Serial$_DFFE_PP_/Q (sg13g2_dfrbp_1)
                                         core_tx_phy (net)
                  0.29    0.00    0.42 ^ u_pad_tx_phy/c2p (sg13g2_IOPadOut4mA)
     2    5.00    4.68    3.33    3.75 ^ u_pad_tx_phy/pad (sg13g2_IOPadOut4mA)
                                         tx_phy (net)
                  3.51    0.00    3.75 ^ tx_phy (out)
                                  3.75   data arrival time

                  0.25   20.83   20.83   clock clk_25mhz (rise edge)
                          0.00   20.83   clock network delay (ideal)
                         -0.15   20.68   clock uncertainty
                          0.00   20.68   clock reconvergence pessimism
                         -2.00   18.68   output external delay
                                 18.68   data required time
-----------------------------------------------------------------------------
                                 18.68   data required time
                                 -3.75   data arrival time
-----------------------------------------------------------------------------
                                 14.93   slack (MET)



==========================================================================
global place report_power
--------------------------------------------------------------------------
Group                  Internal  Switching    Leakage      Total
                          Power      Power      Power      Power (Watts)
----------------------------------------------------------------
Sequential             2.34e-03   1.26e-04   6.51e-07   2.47e-03  24.9%
Combinational          4.02e-03   3.39e-03   9.99e-07   7.40e-03  74.9%
Clock                  0.00e+00   0.00e+00   0.00e+00   0.00e+00   0.0%
Macro                  0.00e+00   0.00e+00   0.00e+00   0.00e+00   0.0%
Pad                    4.63e-07   1.39e-05   1.10e-08   1.44e-05   0.1%
----------------------------------------------------------------
Total                  6.36e-03   3.53e-03   1.66e-06   9.89e-03 100.0%
                          64.3%      35.7%       0.0%
