
==========================================================================
finish report_tns
--------------------------------------------------------------------------
tns 0.00

==========================================================================
finish report_wns
--------------------------------------------------------------------------
wns 0.00

==========================================================================
finish report_worst_slack
--------------------------------------------------------------------------
worst slack 13.79

==========================================================================
finish report_clock_skew
--------------------------------------------------------------------------
Clock clk_25mhz
   1.21 source latency ascon_top_inst.ascon_permutation.s1[32]$_DFFE_PP_/CLK ^
  -0.99 target latency ascon_top_inst.ascon_permutation.state_out[260]$_SDFFCE_PP0P_/CLK ^
   0.15 clock uncertainty
   0.00 CRPR
--------------
   0.37 setup skew


==========================================================================
finish report_checks -path_delay min
--------------------------------------------------------------------------
Startpoint: reset_n_phy (input port clocked by clk_25mhz)
Endpoint: ascon_top_inst.state_machine.current_state[2]$_DFFE_PN0P_
          (removal check against rising-edge clock clk_25mhz)
Path Group: asynchronous
Path Type: min

Fanout     Cap    Slew   Delay    Time   Description
-----------------------------------------------------------------------------
                          0.00    0.00   clock clk_25mhz (rise edge)
                          0.00    0.00   clock network delay (propagated)
                          2.00    2.00 ^ input external delay
     2    5.20    0.00    0.00    2.00 ^ reset_n_phy (in)
                                         reset_n_phy (net)
                  0.00    0.00    2.00 ^ u_pad_reset_n_phy/pad (sg13g2_IOPadIn)
     2    0.06    0.12    0.11    2.11 ^ u_pad_reset_n_phy/p2c (sg13g2_IOPadIn)
                                         ascon_top_inst.rst_n (net)
                  0.09    0.01    2.12 ^ fanout2083/A (sg13g2_buf_1)
     4    0.03    0.13    0.17    2.29 ^ fanout2083/X (sg13g2_buf_1)
                                         net2083 (net)
                  0.13    0.00    2.29 ^ ascon_top_inst.state_machine.current_state[2]$_DFFE_PN0P_/RESET_B (sg13g2_dfrbp_1)
                                  2.29   data arrival time

                          0.00    0.00   clock clk_25mhz (rise edge)
                          0.00    0.00   clock source latency
     1    0.07    0.14    0.00    0.00 ^ u_pad_io_clk/p2c (sg13g2_IOPadIn)
                                         ascon_top_inst.ascon_permutation.clk (net)
                  0.11    0.02    0.02 ^ clkbuf_0_ascon_top_inst.ascon_permutation.clk/A (sg13g2_buf_2)
    16    0.31    0.63    0.51    0.53 ^ clkbuf_0_ascon_top_inst.ascon_permutation.clk/X (sg13g2_buf_2)
                                         clknet_0_ascon_top_inst.ascon_permutation.clk (net)
                  0.63    0.03    0.56 ^ clkbuf_4_9_0_ascon_top_inst.ascon_permutation.clk/A (sg13g2_buf_4)
     2    0.02    0.06    0.27    0.83 ^ clkbuf_4_9_0_ascon_top_inst.ascon_permutation.clk/X (sg13g2_buf_4)
                                         clknet_4_9_0_ascon_top_inst.ascon_permutation.clk (net)
                  0.06    0.00    0.83 ^ clkbuf_5_19__f_ascon_top_inst.ascon_permutation.clk/A (sg13g2_buf_2)
     7    0.07    0.14    0.17    1.00 ^ clkbuf_5_19__f_ascon_top_inst.ascon_permutation.clk/X (sg13g2_buf_2)
                                         clknet_5_19__leaf_ascon_top_inst.ascon_permutation.clk (net)
                  0.14    0.00    1.00 ^ clkbuf_leaf_188_ascon_top_inst.ascon_permutation.clk/A (sg13g2_buf_4)
     8    0.04    0.05    0.16    1.16 ^ clkbuf_leaf_188_ascon_top_inst.ascon_permutation.clk/X (sg13g2_buf_4)
                                         clknet_leaf_188_ascon_top_inst.ascon_permutation.clk (net)
                  0.05    0.00    1.16 ^ ascon_top_inst.state_machine.current_state[2]$_DFFE_PN0P_/CLK (sg13g2_dfrbp_1)
                          0.15    1.31   clock uncertainty
                          0.00    1.31   clock reconvergence pessimism
                         -0.13    1.18   library removal time
                                  1.18   data required time
-----------------------------------------------------------------------------
                                  1.18   data required time
                                 -2.29   data arrival time
-----------------------------------------------------------------------------
                                  1.11   slack (MET)


Startpoint: msg_processed$_SDFFE_PN0P_
            (rising edge-triggered flip-flop clocked by clk_25mhz)
Endpoint: ascon_top_inst.msg_start_prev$_DFF_PN0_
          (rising edge-triggered flip-flop clocked by clk_25mhz)
Path Group: clk_25mhz
Path Type: min

Fanout     Cap    Slew   Delay    Time   Description
-----------------------------------------------------------------------------
                          0.00    0.00   clock clk_25mhz (rise edge)
                          0.00    0.00   clock source latency
     1    0.07    0.14    0.00    0.00 ^ u_pad_io_clk/p2c (sg13g2_IOPadIn)
                                         ascon_top_inst.ascon_permutation.clk (net)
                  0.11    0.02    0.02 ^ clkbuf_0_ascon_top_inst.ascon_permutation.clk/A (sg13g2_buf_2)
    16    0.31    0.63    0.51    0.53 ^ clkbuf_0_ascon_top_inst.ascon_permutation.clk/X (sg13g2_buf_2)
                                         clknet_0_ascon_top_inst.ascon_permutation.clk (net)
                  0.63    0.03    0.56 ^ clkbuf_4_8_0_ascon_top_inst.ascon_permutation.clk/A (sg13g2_buf_4)
     2    0.02    0.06    0.26    0.83 ^ clkbuf_4_8_0_ascon_top_inst.ascon_permutation.clk/X (sg13g2_buf_4)
                                         clknet_4_8_0_ascon_top_inst.ascon_permutation.clk (net)
                  0.06    0.00    0.83 ^ clkbuf_5_17__f_ascon_top_inst.ascon_permutation.clk/A (sg13g2_buf_2)
     7    0.06    0.12    0.16    0.99 ^ clkbuf_5_17__f_ascon_top_inst.ascon_permutation.clk/X (sg13g2_buf_2)
                                         clknet_5_17__leaf_ascon_top_inst.ascon_permutation.clk (net)
                  0.12    0.00    0.99 ^ clkbuf_leaf_173_ascon_top_inst.ascon_permutation.clk/A (sg13g2_buf_4)
     7    0.03    0.05    0.15    1.14 ^ clkbuf_leaf_173_ascon_top_inst.ascon_permutation.clk/X (sg13g2_buf_4)
                                         clknet_leaf_173_ascon_top_inst.ascon_permutation.clk (net)
                  0.05    0.00    1.14 ^ msg_processed$_SDFFE_PN0P_/CLK (sg13g2_dfrbp_1)
     2    0.01    0.03    0.21    1.35 v msg_processed$_SDFFE_PN0P_/Q (sg13g2_dfrbp_1)
                                         msg_processed (net)
                  0.03    0.00    1.36 v ascon_top_inst.msg_start_prev$_DFF_PN0_/D (sg13g2_dfrbp_1)
                                  1.36   data arrival time

                          0.00    0.00   clock clk_25mhz (rise edge)
                          0.00    0.00   clock source latency
     1    0.07    0.14    0.00    0.00 ^ u_pad_io_clk/p2c (sg13g2_IOPadIn)
                                         ascon_top_inst.ascon_permutation.clk (net)
                  0.11    0.02    0.02 ^ clkbuf_0_ascon_top_inst.ascon_permutation.clk/A (sg13g2_buf_2)
    16    0.31    0.63    0.51    0.53 ^ clkbuf_0_ascon_top_inst.ascon_permutation.clk/X (sg13g2_buf_2)
                                         clknet_0_ascon_top_inst.ascon_permutation.clk (net)
                  0.63    0.03    0.56 ^ clkbuf_4_8_0_ascon_top_inst.ascon_permutation.clk/A (sg13g2_buf_4)
     2    0.02    0.06    0.26    0.83 ^ clkbuf_4_8_0_ascon_top_inst.ascon_permutation.clk/X (sg13g2_buf_4)
                                         clknet_4_8_0_ascon_top_inst.ascon_permutation.clk (net)
                  0.06    0.00    0.83 ^ clkbuf_5_17__f_ascon_top_inst.ascon_permutation.clk/A (sg13g2_buf_2)
     7    0.06    0.12    0.16    0.99 ^ clkbuf_5_17__f_ascon_top_inst.ascon_permutation.clk/X (sg13g2_buf_2)
                                         clknet_5_17__leaf_ascon_top_inst.ascon_permutation.clk (net)
                  0.12    0.00    0.99 ^ clkbuf_leaf_174_ascon_top_inst.ascon_permutation.clk/A (sg13g2_buf_4)
     7    0.03    0.05    0.15    1.14 ^ clkbuf_leaf_174_ascon_top_inst.ascon_permutation.clk/X (sg13g2_buf_4)
                                         clknet_leaf_174_ascon_top_inst.ascon_permutation.clk (net)
                  0.05    0.00    1.14 ^ ascon_top_inst.msg_start_prev$_DFF_PN0_/CLK (sg13g2_dfrbp_1)
                          0.15    1.29   clock uncertainty
                          0.00    1.29   clock reconvergence pessimism
                         -0.03    1.26   library hold time
                                  1.26   data required time
-----------------------------------------------------------------------------
                                  1.26   data required time
                                 -1.36   data arrival time
-----------------------------------------------------------------------------
                                  0.10   slack (MET)



==========================================================================
finish report_checks -path_delay max
--------------------------------------------------------------------------
Startpoint: reset_n_phy (input port clocked by clk_25mhz)
Endpoint: ascon_top_inst.msg_start_prev$_DFF_PN0_
          (recovery check against rising-edge clock clk_25mhz)
Path Group: asynchronous
Path Type: max

Fanout     Cap    Slew   Delay    Time   Description
-----------------------------------------------------------------------------
                          0.00    0.00   clock clk_25mhz (rise edge)
                          0.00    0.00   clock network delay (propagated)
                          2.00    2.00 ^ input external delay
     2    5.24    0.00    0.00    2.00 ^ reset_n_phy (in)
                                         reset_n_phy (net)
                  0.00    0.00    2.00 ^ u_pad_reset_n_phy/pad (sg13g2_IOPadIn)
     2    0.06    0.12    0.11    2.11 ^ u_pad_reset_n_phy/p2c (sg13g2_IOPadIn)
                                         ascon_top_inst.rst_n (net)
                  0.09    0.01    2.12 ^ fanout2082/A (sg13g2_buf_1)
     8    0.07    0.28    0.27    2.39 ^ fanout2082/X (sg13g2_buf_1)
                                         net2082 (net)
                  0.28    0.01    2.40 ^ ascon_top_inst.msg_start_prev$_DFF_PN0_/RESET_B (sg13g2_dfrbp_1)
                                  2.40   data arrival time

                         20.83   20.83   clock clk_25mhz (rise edge)
                          0.00   20.83   clock source latency
     1    0.07    0.14    0.00   20.83 ^ u_pad_io_clk/p2c (sg13g2_IOPadIn)
                                         ascon_top_inst.ascon_permutation.clk (net)
                  0.11    0.02   20.85 ^ clkbuf_0_ascon_top_inst.ascon_permutation.clk/A (sg13g2_buf_2)
    16    0.31    0.63    0.51   21.36 ^ clkbuf_0_ascon_top_inst.ascon_permutation.clk/X (sg13g2_buf_2)
                                         clknet_0_ascon_top_inst.ascon_permutation.clk (net)
                  0.63    0.03   21.40 ^ clkbuf_4_8_0_ascon_top_inst.ascon_permutation.clk/A (sg13g2_buf_4)
     2    0.02    0.06    0.26   21.66 ^ clkbuf_4_8_0_ascon_top_inst.ascon_permutation.clk/X (sg13g2_buf_4)
                                         clknet_4_8_0_ascon_top_inst.ascon_permutation.clk (net)
                  0.06    0.00   21.66 ^ clkbuf_5_17__f_ascon_top_inst.ascon_permutation.clk/A (sg13g2_buf_2)
     7    0.06    0.12    0.16   21.82 ^ clkbuf_5_17__f_ascon_top_inst.ascon_permutation.clk/X (sg13g2_buf_2)
                                         clknet_5_17__leaf_ascon_top_inst.ascon_permutation.clk (net)
                  0.12    0.00   21.82 ^ clkbuf_leaf_174_ascon_top_inst.ascon_permutation.clk/A (sg13g2_buf_4)
     7    0.03    0.05    0.15   21.97 ^ clkbuf_leaf_174_ascon_top_inst.ascon_permutation.clk/X (sg13g2_buf_4)
                                         clknet_leaf_174_ascon_top_inst.ascon_permutation.clk (net)
                  0.05    0.00   21.97 ^ ascon_top_inst.msg_start_prev$_DFF_PN0_/CLK (sg13g2_dfrbp_1)
                         -0.15   21.82   clock uncertainty
                          0.00   21.82   clock reconvergence pessimism
                         -0.19   21.63   library recovery time
                                 21.63   data required time
-----------------------------------------------------------------------------
                                 21.63   data required time
                                 -2.40   data arrival time
-----------------------------------------------------------------------------
                                 19.23   slack (MET)


Startpoint: uart_tx_inst.o_Tx_Serial$_DFFE_PP_
            (rising edge-triggered flip-flop clocked by clk_25mhz)
Endpoint: tx_phy (output port clocked by clk_25mhz)
Path Group: clk_25mhz
Path Type: max

Fanout     Cap    Slew   Delay    Time   Description
-----------------------------------------------------------------------------
                          0.00    0.00   clock clk_25mhz (rise edge)
                          0.00    0.00   clock source latency
     1    0.07    0.14    0.00    0.00 ^ u_pad_io_clk/p2c (sg13g2_IOPadIn)
                                         ascon_top_inst.ascon_permutation.clk (net)
                  0.11    0.02    0.02 ^ clkbuf_0_ascon_top_inst.ascon_permutation.clk/A (sg13g2_buf_2)
    16    0.31    0.63    0.51    0.53 ^ clkbuf_0_ascon_top_inst.ascon_permutation.clk/X (sg13g2_buf_2)
                                         clknet_0_ascon_top_inst.ascon_permutation.clk (net)
                  0.63    0.04    0.56 ^ clkbuf_4_10_0_ascon_top_inst.ascon_permutation.clk/A (sg13g2_buf_4)
     2    0.02    0.06    0.26    0.83 ^ clkbuf_4_10_0_ascon_top_inst.ascon_permutation.clk/X (sg13g2_buf_4)
                                         clknet_4_10_0_ascon_top_inst.ascon_permutation.clk (net)
                  0.06    0.00    0.83 ^ clkbuf_5_21__f_ascon_top_inst.ascon_permutation.clk/A (sg13g2_buf_2)
     7    0.05    0.11    0.15    0.98 ^ clkbuf_5_21__f_ascon_top_inst.ascon_permutation.clk/X (sg13g2_buf_2)
                                         clknet_5_21__leaf_ascon_top_inst.ascon_permutation.clk (net)
                  0.12    0.00    0.99 ^ clkbuf_leaf_160_ascon_top_inst.ascon_permutation.clk/A (sg13g2_buf_4)
     8    0.03    0.05    0.15    1.13 ^ clkbuf_leaf_160_ascon_top_inst.ascon_permutation.clk/X (sg13g2_buf_4)
                                         clknet_leaf_160_ascon_top_inst.ascon_permutation.clk (net)
                  0.05    0.00    1.13 ^ uart_tx_inst.o_Tx_Serial$_DFFE_PP_/CLK (sg13g2_dfrbp_1)
     4    0.06    0.27    0.38    1.51 ^ uart_tx_inst.o_Tx_Serial$_DFFE_PP_/Q (sg13g2_dfrbp_1)
                                         core_tx_phy (net)
                  0.36    0.01    1.52 ^ u_pad_tx_phy/c2p (sg13g2_IOPadOut4mA)
     2    5.00    4.68    3.37    4.89 ^ u_pad_tx_phy/pad (sg13g2_IOPadOut4mA)
                                         tx_phy (net)
                  3.51    0.00    4.89 ^ tx_phy (out)
                                  4.89   data arrival time

                         20.83   20.83   clock clk_25mhz (rise edge)
                          0.00   20.83   clock network delay (propagated)
                         -0.15   20.68   clock uncertainty
                          0.00   20.68   clock reconvergence pessimism
                         -2.00   18.68   output external delay
                                 18.68   data required time
-----------------------------------------------------------------------------
                                 18.68   data required time
                                 -4.89   data arrival time
-----------------------------------------------------------------------------
                                 13.79   slack (MET)



==========================================================================
finish report_checks -unconstrained
--------------------------------------------------------------------------
Startpoint: reset_n_phy (input port clocked by clk_25mhz)
Endpoint: ascon_top_inst.msg_start_prev$_DFF_PN0_
          (recovery check against rising-edge clock clk_25mhz)
Path Group: asynchronous
Path Type: max

Fanout     Cap    Slew   Delay    Time   Description
-----------------------------------------------------------------------------
                          0.00    0.00   clock clk_25mhz (rise edge)
                          0.00    0.00   clock network delay (propagated)
                          2.00    2.00 ^ input external delay
     2    5.24    0.00    0.00    2.00 ^ reset_n_phy (in)
                                         reset_n_phy (net)
                  0.00    0.00    2.00 ^ u_pad_reset_n_phy/pad (sg13g2_IOPadIn)
     2    0.06    0.12    0.11    2.11 ^ u_pad_reset_n_phy/p2c (sg13g2_IOPadIn)
                                         ascon_top_inst.rst_n (net)
                  0.09    0.01    2.12 ^ fanout2082/A (sg13g2_buf_1)
     8    0.07    0.28    0.27    2.39 ^ fanout2082/X (sg13g2_buf_1)
                                         net2082 (net)
                  0.28    0.01    2.40 ^ ascon_top_inst.msg_start_prev$_DFF_PN0_/RESET_B (sg13g2_dfrbp_1)
                                  2.40   data arrival time

                         20.83   20.83   clock clk_25mhz (rise edge)
                          0.00   20.83   clock source latency
     1    0.07    0.14    0.00   20.83 ^ u_pad_io_clk/p2c (sg13g2_IOPadIn)
                                         ascon_top_inst.ascon_permutation.clk (net)
                  0.11    0.02   20.85 ^ clkbuf_0_ascon_top_inst.ascon_permutation.clk/A (sg13g2_buf_2)
    16    0.31    0.63    0.51   21.36 ^ clkbuf_0_ascon_top_inst.ascon_permutation.clk/X (sg13g2_buf_2)
                                         clknet_0_ascon_top_inst.ascon_permutation.clk (net)
                  0.63    0.03   21.40 ^ clkbuf_4_8_0_ascon_top_inst.ascon_permutation.clk/A (sg13g2_buf_4)
     2    0.02    0.06    0.26   21.66 ^ clkbuf_4_8_0_ascon_top_inst.ascon_permutation.clk/X (sg13g2_buf_4)
                                         clknet_4_8_0_ascon_top_inst.ascon_permutation.clk (net)
                  0.06    0.00   21.66 ^ clkbuf_5_17__f_ascon_top_inst.ascon_permutation.clk/A (sg13g2_buf_2)
     7    0.06    0.12    0.16   21.82 ^ clkbuf_5_17__f_ascon_top_inst.ascon_permutation.clk/X (sg13g2_buf_2)
                                         clknet_5_17__leaf_ascon_top_inst.ascon_permutation.clk (net)
                  0.12    0.00   21.82 ^ clkbuf_leaf_174_ascon_top_inst.ascon_permutation.clk/A (sg13g2_buf_4)
     7    0.03    0.05    0.15   21.97 ^ clkbuf_leaf_174_ascon_top_inst.ascon_permutation.clk/X (sg13g2_buf_4)
                                         clknet_leaf_174_ascon_top_inst.ascon_permutation.clk (net)
                  0.05    0.00   21.97 ^ ascon_top_inst.msg_start_prev$_DFF_PN0_/CLK (sg13g2_dfrbp_1)
                         -0.15   21.82   clock uncertainty
                          0.00   21.82   clock reconvergence pessimism
                         -0.19   21.63   library recovery time
                                 21.63   data required time
-----------------------------------------------------------------------------
                                 21.63   data required time
                                 -2.40   data arrival time
-----------------------------------------------------------------------------
                                 19.23   slack (MET)


Startpoint: uart_tx_inst.o_Tx_Serial$_DFFE_PP_
            (rising edge-triggered flip-flop clocked by clk_25mhz)
Endpoint: tx_phy (output port clocked by clk_25mhz)
Path Group: clk_25mhz
Path Type: max

Fanout     Cap    Slew   Delay    Time   Description
-----------------------------------------------------------------------------
                          0.00    0.00   clock clk_25mhz (rise edge)
                          0.00    0.00   clock source latency
     1    0.07    0.14    0.00    0.00 ^ u_pad_io_clk/p2c (sg13g2_IOPadIn)
                                         ascon_top_inst.ascon_permutation.clk (net)
                  0.11    0.02    0.02 ^ clkbuf_0_ascon_top_inst.ascon_permutation.clk/A (sg13g2_buf_2)
    16    0.31    0.63    0.51    0.53 ^ clkbuf_0_ascon_top_inst.ascon_permutation.clk/X (sg13g2_buf_2)
                                         clknet_0_ascon_top_inst.ascon_permutation.clk (net)
                  0.63    0.04    0.56 ^ clkbuf_4_10_0_ascon_top_inst.ascon_permutation.clk/A (sg13g2_buf_4)
     2    0.02    0.06    0.26    0.83 ^ clkbuf_4_10_0_ascon_top_inst.ascon_permutation.clk/X (sg13g2_buf_4)
                                         clknet_4_10_0_ascon_top_inst.ascon_permutation.clk (net)
                  0.06    0.00    0.83 ^ clkbuf_5_21__f_ascon_top_inst.ascon_permutation.clk/A (sg13g2_buf_2)
     7    0.05    0.11    0.15    0.98 ^ clkbuf_5_21__f_ascon_top_inst.ascon_permutation.clk/X (sg13g2_buf_2)
                                         clknet_5_21__leaf_ascon_top_inst.ascon_permutation.clk (net)
                  0.12    0.00    0.99 ^ clkbuf_leaf_160_ascon_top_inst.ascon_permutation.clk/A (sg13g2_buf_4)
     8    0.03    0.05    0.15    1.13 ^ clkbuf_leaf_160_ascon_top_inst.ascon_permutation.clk/X (sg13g2_buf_4)
                                         clknet_leaf_160_ascon_top_inst.ascon_permutation.clk (net)
                  0.05    0.00    1.13 ^ uart_tx_inst.o_Tx_Serial$_DFFE_PP_/CLK (sg13g2_dfrbp_1)
     4    0.06    0.27    0.38    1.51 ^ uart_tx_inst.o_Tx_Serial$_DFFE_PP_/Q (sg13g2_dfrbp_1)
                                         core_tx_phy (net)
                  0.36    0.01    1.52 ^ u_pad_tx_phy/c2p (sg13g2_IOPadOut4mA)
     2    5.00    4.68    3.37    4.89 ^ u_pad_tx_phy/pad (sg13g2_IOPadOut4mA)
                                         tx_phy (net)
                  3.51    0.00    4.89 ^ tx_phy (out)
                                  4.89   data arrival time

                         20.83   20.83   clock clk_25mhz (rise edge)
                          0.00   20.83   clock network delay (propagated)
                         -0.15   20.68   clock uncertainty
                          0.00   20.68   clock reconvergence pessimism
                         -2.00   18.68   output external delay
                                 18.68   data required time
-----------------------------------------------------------------------------
                                 18.68   data required time
                                 -4.89   data arrival time
-----------------------------------------------------------------------------
                                 13.79   slack (MET)



==========================================================================
finish report_check_types -max_slew -max_cap -max_fanout -violators
--------------------------------------------------------------------------
max slew

Pin                                    Limit    Slew   Slack
------------------------------------------------------------
u_pad_tx_phy/pad                        1.20    4.68   -3.48 (VIOLATED)
tx_phy                                  1.20    3.51   -2.31 (VIOLATED)

max fanout

Pin                                   Limit Fanout  Slack
---------------------------------------------------------
_10953_/X                                 8    102    -94 (VIOLATED)
_13072_/X                                 8     84    -76 (VIOLATED)
_13112_/X                                 8     64    -56 (VIOLATED)
_14672_/X                                 8     63    -55 (VIOLATED)
_11366_/X                                 8     59    -51 (VIOLATED)
_09860_/X                                 8     56    -48 (VIOLATED)
_09049_/X                                 8     54    -46 (VIOLATED)
_14728_/X                                 8     52    -44 (VIOLATED)
_13085_/X                                 8     40    -32 (VIOLATED)
_09673_/X                                 8     36    -28 (VIOLATED)
_09336_/X                                 8     33    -25 (VIOLATED)
_13296_/X                                 8     31    -23 (VIOLATED)
fanout1691/X                              8     25    -17 (VIOLATED)
_09933_/X                                 8     24    -16 (VIOLATED)
_14644_/X                                 8     21    -13 (VIOLATED)
clkbuf_0_ascon_top_inst.ascon_permutation.clk/X      8     16     -8 (VIOLATED)
_10869_/Y                                 8     12     -4 (VIOLATED)

max capacitance

Pin                                    Limit     Cap   Slack
------------------------------------------------------------
u_pad_tx_phy/pad                        1.11    5.00   -3.89 (VIOLATED)
_10953_/X                               0.30    0.32   -0.02 (VIOLATED)


==========================================================================
finish max_slew_check_slack
--------------------------------------------------------------------------
-3.4838173389434814

==========================================================================
finish max_slew_check_limit
--------------------------------------------------------------------------
1.2000000476837158

==========================================================================
finish max_slew_check_slack_limit
--------------------------------------------------------------------------
-2.9032

==========================================================================
finish max_fanout_check_slack
--------------------------------------------------------------------------
-94.0

==========================================================================
finish max_fanout_check_limit
--------------------------------------------------------------------------
8.0

==========================================================================
finish max_fanout_check_slack_limit
--------------------------------------------------------------------------
-11.7500

==========================================================================
finish max_capacitance_check_slack
--------------------------------------------------------------------------
-3.888540029525757

==========================================================================
finish max_capacitance_check_limit
--------------------------------------------------------------------------
1.1114599704742432

==========================================================================
finish max_capacitance_check_slack_limit
--------------------------------------------------------------------------
-3.4986

==========================================================================
finish max_slew_violation_count
--------------------------------------------------------------------------
max slew violation count 2

==========================================================================
finish max_fanout_violation_count
--------------------------------------------------------------------------
max fanout violation count 17

==========================================================================
finish max_cap_violation_count
--------------------------------------------------------------------------
max cap violation count 2

==========================================================================
finish setup_violation_count
--------------------------------------------------------------------------
setup violation count 0

==========================================================================
finish hold_violation_count
--------------------------------------------------------------------------
hold violation count 0

==========================================================================
finish report_checks -path_delay max reg to reg
--------------------------------------------------------------------------
Startpoint: ascon_top_inst.ascon_permutation.round[3]$_DFFE_PN_
            (rising edge-triggered flip-flop clocked by clk_25mhz)
Endpoint: ascon_top_inst.ascon_permutation.state_out[17]$_SDFFCE_PP0P_
          (rising edge-triggered flip-flop clocked by clk_25mhz)
Path Group: clk_25mhz
Path Type: max

  Delay    Time   Description
---------------------------------------------------------
   0.00    0.00   clock clk_25mhz (rise edge)
   0.00    0.00   clock source latency
   0.00    0.00 ^ u_pad_io_clk/p2c (sg13g2_IOPadIn)
   0.53    0.53 ^ clkbuf_0_ascon_top_inst.ascon_permutation.clk/X (sg13g2_buf_2)
   0.29    0.82 ^ clkbuf_4_14_0_ascon_top_inst.ascon_permutation.clk/X (sg13g2_buf_4)
   0.16    0.98 ^ clkbuf_5_28__f_ascon_top_inst.ascon_permutation.clk/X (sg13g2_buf_2)
   0.15    1.14 ^ clkbuf_leaf_129_ascon_top_inst.ascon_permutation.clk/X (sg13g2_buf_4)
   0.00    1.14 ^ ascon_top_inst.ascon_permutation.round[3]$_DFFE_PN_/CLK (sg13g2_dfrbp_1)
   0.22    1.36 ^ ascon_top_inst.ascon_permutation.round[3]$_DFFE_PN_/Q (sg13g2_dfrbp_1)
   0.12    1.48 ^ _08912_/X (sg13g2_buf_1)
   0.17    1.65 ^ _08913_/Y (sg13g2_nor2b_1)
   0.12    1.76 v _08963_/Y (sg13g2_nand3_1)
   0.16    1.93 v _08964_/X (sg13g2_buf_1)
   0.13    2.05 ^ _13070_/Y (sg13g2_o21ai_1)
   0.14    2.19 ^ _13071_/X (sg13g2_buf_1)
   0.58    2.77 ^ _13072_/X (sg13g2_buf_1)
   0.86    3.63 ^ _13112_/X (sg13g2_buf_1)
   0.36    3.99 ^ _13113_/X (sg13g2_buf_1)
   0.42    4.41 ^ fanout1591/X (sg13g2_buf_1)
   0.34    4.75 v _13259_/Y (sg13g2_nand3_1)
   0.10    4.86 ^ _13260_/Y (sg13g2_o21ai_1)
   0.00    4.86 ^ ascon_top_inst.ascon_permutation.state_out[17]$_SDFFCE_PP0P_/D (sg13g2_dfrbp_1)
           4.86   data arrival time

  20.83   20.83   clock clk_25mhz (rise edge)
   0.00   20.83   clock source latency
   0.00   20.83 ^ u_pad_io_clk/p2c (sg13g2_IOPadIn)
   0.53   21.36 ^ clkbuf_0_ascon_top_inst.ascon_permutation.clk/X (sg13g2_buf_2)
   0.29   21.65 ^ clkbuf_4_1_0_ascon_top_inst.ascon_permutation.clk/X (sg13g2_buf_4)
   0.16   21.81 ^ clkbuf_5_2__f_ascon_top_inst.ascon_permutation.clk/X (sg13g2_buf_2)
   0.15   21.97 ^ clkbuf_leaf_31_ascon_top_inst.ascon_permutation.clk/X (sg13g2_buf_4)
   0.00   21.97 ^ ascon_top_inst.ascon_permutation.state_out[17]$_SDFFCE_PP0P_/CLK (sg13g2_dfrbp_1)
  -0.15   21.82   clock uncertainty
   0.00   21.82   clock reconvergence pessimism
  -0.15   21.67   library setup time
          21.67   data required time
---------------------------------------------------------
          21.67   data required time
          -4.86   data arrival time
---------------------------------------------------------
          16.81   slack (MET)



==========================================================================
finish report_checks -path_delay min reg to reg
--------------------------------------------------------------------------
Startpoint: msg_processed$_SDFFE_PN0P_
            (rising edge-triggered flip-flop clocked by clk_25mhz)
Endpoint: ascon_top_inst.msg_start_prev$_DFF_PN0_
          (rising edge-triggered flip-flop clocked by clk_25mhz)
Path Group: clk_25mhz
Path Type: min

  Delay    Time   Description
---------------------------------------------------------
   0.00    0.00   clock clk_25mhz (rise edge)
   0.00    0.00   clock source latency
   0.00    0.00 ^ u_pad_io_clk/p2c (sg13g2_IOPadIn)
   0.53    0.53 ^ clkbuf_0_ascon_top_inst.ascon_permutation.clk/X (sg13g2_buf_2)
   0.30    0.83 ^ clkbuf_4_8_0_ascon_top_inst.ascon_permutation.clk/X (sg13g2_buf_4)
   0.16    0.99 ^ clkbuf_5_17__f_ascon_top_inst.ascon_permutation.clk/X (sg13g2_buf_2)
   0.15    1.14 ^ clkbuf_leaf_173_ascon_top_inst.ascon_permutation.clk/X (sg13g2_buf_4)
   0.00    1.14 ^ msg_processed$_SDFFE_PN0P_/CLK (sg13g2_dfrbp_1)
   0.21    1.35 v msg_processed$_SDFFE_PN0P_/Q (sg13g2_dfrbp_1)
   0.00    1.36 v ascon_top_inst.msg_start_prev$_DFF_PN0_/D (sg13g2_dfrbp_1)
           1.36   data arrival time

   0.00    0.00   clock clk_25mhz (rise edge)
   0.00    0.00   clock source latency
   0.00    0.00 ^ u_pad_io_clk/p2c (sg13g2_IOPadIn)
   0.53    0.53 ^ clkbuf_0_ascon_top_inst.ascon_permutation.clk/X (sg13g2_buf_2)
   0.30    0.83 ^ clkbuf_4_8_0_ascon_top_inst.ascon_permutation.clk/X (sg13g2_buf_4)
   0.16    0.99 ^ clkbuf_5_17__f_ascon_top_inst.ascon_permutation.clk/X (sg13g2_buf_2)
   0.15    1.14 ^ clkbuf_leaf_174_ascon_top_inst.ascon_permutation.clk/X (sg13g2_buf_4)
   0.00    1.14 ^ ascon_top_inst.msg_start_prev$_DFF_PN0_/CLK (sg13g2_dfrbp_1)
   0.15    1.29   clock uncertainty
   0.00    1.29   clock reconvergence pessimism
  -0.03    1.26   library hold time
           1.26   data required time
---------------------------------------------------------
           1.26   data required time
          -1.36   data arrival time
---------------------------------------------------------
           0.10   slack (MET)



==========================================================================
finish critical path target clock latency max path
--------------------------------------------------------------------------
1.1378

==========================================================================
finish critical path target clock latency min path
--------------------------------------------------------------------------
1.1611

==========================================================================
finish critical path source clock latency min path
--------------------------------------------------------------------------
0.0000

==========================================================================
finish critical path delay
--------------------------------------------------------------------------
4.8885

==========================================================================
finish critical path slack
--------------------------------------------------------------------------
13.7948

==========================================================================
finish slack div critical path delay
--------------------------------------------------------------------------
282.188810

==========================================================================
finish report_power
--------------------------------------------------------------------------
Group                  Internal  Switching    Leakage      Total
                          Power      Power      Power      Power (Watts)
----------------------------------------------------------------
Sequential             2.41e-03   1.87e-04   6.51e-07   2.59e-03  18.5%
Combinational          4.06e-03   7.27e-03   1.08e-06   1.13e-02  80.9%
Clock                  3.46e-05   3.46e-05   1.36e-05   8.28e-05   0.6%
Macro                  0.00e+00   0.00e+00   0.00e+00   0.00e+00   0.0%
Pad                    5.28e-07   7.61e-07   1.10e-08   1.30e-06   0.0%
----------------------------------------------------------------
Total                  6.51e-03   7.49e-03   1.53e-05   1.40e-02 100.0%
                          46.4%      53.5%       0.1%
