OpenROAD v2.0-18663-g4a7c6dd8f 
Features included (+) or not (-): +GPU +GUI +Python
This program is licensed under the BSD-3 license. See the LICENSE file for details.
Components of this program may be licensed under more restrictive licenses which must be honored.
[INFO ORD-0030] Using 16 thread(s).
Placement Analysis
---------------------------------
total displacement     401709.1 u
average displacement        3.0 u
max displacement           79.1 u
original HPWL         3595506.1 u
legalized HPWL        3888204.4 u
delta HPWL                    8 %

Detailed placement improvement.
Importing netlist into detailed improver.
[INFO DPO-0100] Creating network with 131851 cells, 48 terminals, 143052 edges, 362043 pins, and 0 blockages.
[INFO DPO-0109] Network stats: inst 131899, edges 143052, pins 362043
[INFO DPO-0110] Number of regions is 1
[INFO DPO-0401] Setting random seed to 1.
[INFO DPO-0402] Setting maximum displacement 5 1 to 18900 3780 units.
[INFO DPO-0320] Collected 193 fixed cells.
[INFO DPO-0318] Collected 131849 single height cells.
[INFO DPO-0321] Collected 0 wide cells.
[INFO DPO-0322] Image (394080, 396900) - (2125440, 2124360)
[INFO DPO-0310] Assigned 131849 cells into segments.  Movement in X-direction is 0.000000, movement in Y-direction is 0.000000.
[INFO DPO-0313] Found 0 cells in wrong regions.
[INFO DPO-0315] Found 0 row alignment problems.
[INFO DPO-0314] Found 0 site alignment problems.
[INFO DPO-0311] Found 0 overlaps between adjacent cells.
[INFO DPO-0312] Found 0 edge spacing violations and 0 padding violations.
[INFO DPO-0303] Running algorithm for independent set matching.
[INFO DPO-0300] Set matching objective is wirelength.
[INFO DPO-0301] Pass   1 of matching; objective is 3.928087e+09.
[INFO DPO-0302] End of matching; objective is 3.893040e+09, improvement is 0.89 percent.
[INFO DPO-0303] Running algorithm for global swaps.
[INFO DPO-0306] Pass   1 of global swaps; hpwl is 3.849028e+09.
[INFO DPO-0306] Pass   2 of global swaps; hpwl is 3.840605e+09.
[INFO DPO-0307] End of global swaps; objective is 3.840605e+09, improvement is 1.35 percent.
[INFO DPO-0303] Running algorithm for vertical swaps.
[INFO DPO-0308] Pass   1 of vertical swaps; hpwl is 3.833595e+09.
[INFO DPO-0309] End of vertical swaps; objective is 3.833595e+09, improvement is 0.18 percent.
[INFO DPO-0303] Running algorithm for reordering.
[INFO DPO-0304] Pass   1 of reordering; objective is 3.815155e+09.
[INFO DPO-0305] End of reordering; objective is 3.815155e+09, improvement is 0.48 percent.
[INFO DPO-0303] Running algorithm for random improvement.
[INFO DPO-0324] Random improver is using displacement generator.
[INFO DPO-0325] Random improver is using hpwl objective.
[INFO DPO-0326] Random improver cost string is (a).
[INFO DPO-0332] End of pass, Generator displacement called 2636980 times.
[INFO DPO-0335] Generator displacement, Cumulative attempts 2636980, swaps 572261, moves 397953 since last reset.
[INFO DPO-0333] End of pass, Objective hpwl, Initial cost 3.811770e+09, Scratch cost 3.787068e+09, Incremental cost 3.787068e+09, Mismatch? N
[INFO DPO-0338] End of pass, Total cost is 3.787068e+09.
[INFO DPO-0327] Pass   1 of random improver; improvement in cost is 0.65 percent.
[INFO DPO-0328] End of random improver; improvement is 0.648047 percent.
[INFO DPO-0380] Cell flipping.
[INFO DPO-0382] Changed 65908 cell orientations for row compatibility.
[INFO DPO-0383] Performed 46850 cell flips.
[INFO DPO-0384] End of flipping; objective is 3.717293e+09, improvement is 1.93 percent.
[INFO DPO-0313] Found 0 cells in wrong regions.
[INFO DPO-0315] Found 0 row alignment problems.
[INFO DPO-0314] Found 0 site alignment problems.
[INFO DPO-0311] Found 0 overlaps between adjacent cells.
[INFO DPO-0312] Found 0 edge spacing violations and 0 padding violations.
Detailed Improvement Results
------------------------------------------
Original HPWL          3888204.4 u
Final HPWL             3672974.2 u
Delta HPWL                  -5.5 %

[INFO DPL-0020] Mirrored 6095 instances
[INFO DPL-0021] HPWL before          3672974.2 u
[INFO DPL-0022] HPWL after           3671876.4 u
[INFO DPL-0023] HPWL delta               -0.0 %
[INFO FLW-0012] Placement violations .
Report metrics stage 3, detailed place...

==========================================================================
detailed place report_design_area
--------------------------------------------------------------------------
Design area 1725630 u^2 58% utilization.
Elapsed time: 1:34.76[h:]min:sec. CPU time: user 94.43 sys 0.32 (99%). Peak memory: 885532KB.
