OpenROAD v2.0-18663-g4a7c6dd8f 
Features included (+) or not (-): +GPU +GUI +Python
This program is licensed under the BSD-3 license. See the LICENSE file for details.
Components of this program may be licensed under more restrictive licenses which must be honored.
[INFO ORD-0030] Using 16 thread(s).
Deleted 0 routing obstructions
[INFO RCX-0431] Defined process_corner X with ext_model_index 0
[INFO RCX-0029] Defined extraction corner X
[INFO RCX-0435] Reading extraction model file /home/daniel/work/aesc/ElemRV/tools/OpenROAD-flow-scripts/flow/platforms/ihp-sg13g2/rcx_patterns.rules ...
[INFO RCX-0436] RC segment generation SG13G2Top (max_merge_res 50.0) ...
[INFO RCX-0040] Final 491579 rc segments
[INFO RCX-0439] Coupling Cap extraction SG13G2Top ...
[INFO RCX-0440] Coupling threshhold is 0.1000 fF, coupling capacitance less than 0.1000 fF will be grounded.
[INFO RCX-0442] 11% of 822510 wires extracted
[INFO RCX-0442] 31% of 822510 wires extracted
[INFO RCX-0442] 49% of 822510 wires extracted
[INFO RCX-0442] 66% of 822510 wires extracted
[INFO RCX-0442] 80% of 822510 wires extracted
[INFO RCX-0442] 96% of 822510 wires extracted
[INFO RCX-0442] 100% of 822510 wires extracted
[INFO RCX-0045] Extract 145173 nets, 626284 rsegs, 626284 caps, 960781 ccs
[INFO RCX-0042] 100000 nets finished
[INFO RCX-0443] 145167 nets finished
[INFO PSM-0040] All shapes on net VDD are connected.
[INFO PSM-0073] Using bump pattern with x-pitch 140.0000um, y-pitch 140.0000um, and size 70.0000um with an reduction factor of 3x.
########## IR report #################
Net              : VDD
Corner           : default
Supply voltage   : 1.20e+00 V
Worstcase voltage: 1.20e+00 V
Average voltage  : 1.20e+00 V
Average IR drop  : 3.37e-05 V
Worstcase IR drop: 7.20e-05 V
Percentage drop  : 0.01 %
######################################
[INFO PSM-0040] All shapes on net VSS are connected.
[INFO PSM-0073] Using bump pattern with x-pitch 140.0000um, y-pitch 140.0000um, and size 70.0000um with an reduction factor of 3x.
########## IR report #################
Net              : VSS
Corner           : default
Supply voltage   : 0.00e+00 V
Worstcase voltage: 9.96e-05 V
Average voltage  : 2.84e-05 V
Average IR drop  : 2.84e-05 V
Worstcase IR drop: 9.96e-05 V
Percentage drop  : 0.01 %
######################################
Cell type report:                       Count       Area
  Macro                                     2  129139.14
  Input pad                                 8  115200.00
  Output pad                                7  100800.00
  Input/output pad                         33  475200.00
  Power pad                                16  230400.00
  Pad spacer                              312  562680.00
  Cover                                    64  313600.00
  Antenna cell                           8382   45624.90
  Buffer                                65911  478978.01
  Clock buffer                           2450  100768.15
  Timing Repair Buffer                    259    2251.67
  Inverter                               1233    6834.84
  Clock inverter                          769    5617.38
  Sequential cell                       11077  522550.83
  Multi-Input combinational cell        53409  586562.86
  Total                                143932 3676207.79
Report metrics stage 6, finish...

==========================================================================
finish report_design_area
--------------------------------------------------------------------------
Design area 1878328 u^2 63% utilization.
[WARNING GUI-0076] QStandardPaths: XDG_RUNTIME_DIR not set, defaulting to '/tmp/runtime-root'
Elapsed time: 3:16.74[h:]min:sec. CPU time: user 195.49 sys 1.37 (100%). Peak memory: 2655752KB.
