
==========================================================================
resizer report_tns
--------------------------------------------------------------------------
tns 0.00

==========================================================================
resizer report_wns
--------------------------------------------------------------------------
wns 0.00

==========================================================================
resizer report_worst_slack
--------------------------------------------------------------------------
worst slack 43.95

==========================================================================
resizer report_checks -path_delay min
--------------------------------------------------------------------------
Startpoint: soc.peripherals_aesCtrl.ctrl.mCounter[4]$_SDFFE_PN0P_
            (rising edge-triggered flip-flop clocked by clk_core)
Endpoint: soc.peripherals_aesCtrl.ctrl.ram
          (rising edge-triggered flip-flop clocked by clk_core)
Path Group: clk_core
Path Type: min

Fanout     Cap    Slew   Delay    Time   Description
-----------------------------------------------------------------------------
                  0.25    0.00    0.00   clock clk_core (rise edge)
                          0.00    0.00   clock network delay (ideal)
                  0.25    0.00    0.00 ^ soc.peripherals_aesCtrl.ctrl.mCounter[4]$_SDFFE_PN0P_/CLK (sg13g2_dfrbp_1)
     2    0.01    0.04    0.29    0.29 ^ soc.peripherals_aesCtrl.ctrl.mCounter[4]$_SDFFE_PN0P_/Q (sg13g2_dfrbp_1)
                                         soc.peripherals_aesCtrl.ctrl.mCounter[4] (net)
                  0.04    0.00    0.29 ^ hold57/A (sg13g2_buf_1)
     1    0.00    0.02    0.06    0.35 ^ hold57/X (sg13g2_buf_1)
                                         net57 (net)
                  0.02    0.00    0.35 ^ hold2/A (sg13g2_buf_1)
     1    0.01    0.03    0.07    0.42 ^ hold2/X (sg13g2_buf_1)
                                         net2 (net)
                  0.04    0.00    0.42 ^ soc.peripherals_aesCtrl.ctrl.ram/A_ADDR[4] (RM_IHPSG13_1P_512x32_c2_bm_bist)
                                  0.42   data arrival time

                  0.25    0.00    0.00   clock clk_core (rise edge)
                          0.00    0.00   clock network delay (ideal)
                          0.15    0.15   clock uncertainty
                          0.00    0.15   clock reconvergence pessimism
                                  0.15 ^ soc.peripherals_aesCtrl.ctrl.ram/A_CLK (RM_IHPSG13_1P_512x32_c2_bm_bist)
                          0.70    0.85   library hold time
                                  0.85   data required time
-----------------------------------------------------------------------------
                                  0.85   data required time
                                 -0.42   data arrival time
-----------------------------------------------------------------------------
                                 -0.43   slack (VIOLATED)


Startpoint: soc.jtagBridge_1.jtag_idcodeArea_shifter[31]$_SDFFE_PP0P_
            (rising edge-triggered flip-flop clocked by clk_jtag)
Endpoint: soc.jtagBridge_1.jtag_idcodeArea_shifter[30]$_SDFFE_PP0P_
          (rising edge-triggered flip-flop clocked by clk_jtag)
Path Group: clk_jtag
Path Type: min

Fanout     Cap    Slew   Delay    Time   Description
-----------------------------------------------------------------------------
                  0.25    0.00    0.00   clock clk_jtag (rise edge)
                          0.00    0.00   clock network delay (ideal)
                  0.25    0.00    0.00 ^ soc.jtagBridge_1.jtag_idcodeArea_shifter[31]$_SDFFE_PP0P_/CLK (sg13g2_dfrbp_1)
     1    0.00    0.02    0.27    0.27 v soc.jtagBridge_1.jtag_idcodeArea_shifter[31]$_SDFFE_PP0P_/Q (sg13g2_dfrbp_1)
                                         soc.jtagBridge_1.jtag_idcodeArea_shifter[31] (net)
                  0.02    0.00    0.27 v _215982_/A (sg13g2_buf_1)
     2    0.01    0.03    0.07    0.34 v _215982_/X (sg13g2_buf_1)
                                         _027127_ (net)
                  0.03    0.00    0.34 v _215983_/A (sg13g2_nand2_1)
     1    0.00    0.02    0.03    0.37 ^ _215983_/Y (sg13g2_nand2_1)
                                         _027128_ (net)
                  0.02    0.00    0.37 ^ _215985_/A1 (sg13g2_a21oi_1)
     1    0.00    0.02    0.05    0.42 v _215985_/Y (sg13g2_a21oi_1)
                                         _001509_ (net)
                  0.02    0.00    0.42 v soc.jtagBridge_1.jtag_idcodeArea_shifter[30]$_SDFFE_PP0P_/D (sg13g2_dfrbp_1)
                                  0.42   data arrival time

                  0.25    0.00    0.00   clock clk_jtag (rise edge)
                          0.00    0.00   clock network delay (ideal)
                          0.15    0.15   clock uncertainty
                          0.00    0.15   clock reconvergence pessimism
                                  0.15 ^ soc.jtagBridge_1.jtag_idcodeArea_shifter[30]$_SDFFE_PP0P_/CLK (sg13g2_dfrbp_1)
                          0.02    0.17   library hold time
                                  0.17   data required time
-----------------------------------------------------------------------------
                                  0.17   data required time
                                 -0.42   data arrival time
-----------------------------------------------------------------------------
                                  0.25   slack (MET)



==========================================================================
resizer report_checks -path_delay max
--------------------------------------------------------------------------
Startpoint: soc.system_core_cpu.decode_to_execute_RS1[1]$_DFFE_PN_
            (rising edge-triggered flip-flop clocked by clk_core)
Endpoint: soc.system_core_cpu.execute_to_memory_MUL_LH[31]$_DFFE_PP_
          (rising edge-triggered flip-flop clocked by clk_core)
Path Group: clk_core
Path Type: max

Fanout     Cap    Slew   Delay    Time   Description
-----------------------------------------------------------------------------
                  0.25    0.00    0.00   clock clk_core (rise edge)
                          0.00    0.00   clock network delay (ideal)
                  0.25    0.00    0.00 ^ soc.system_core_cpu.decode_to_execute_RS1[1]$_DFFE_PN_/CLK (sg13g2_dfrbp_1)
     1    0.01    0.04    0.30    0.30 ^ soc.system_core_cpu.decode_to_execute_RS1[1]$_DFFE_PN_/Q (sg13g2_dfrbp_1)
                                         soc.system_core_cpu.execute_RS1[1] (net)
                  0.04    0.00    0.30 ^ _126942_/A (sg13g2_buf_1)
     3    0.01    0.04    0.08    0.38 ^ _126942_/X (sg13g2_buf_1)
                                         _046014_ (net)
                  0.04    0.00    0.38 ^ _126943_/A (sg13g2_buf_1)
     3    0.01    0.05    0.08    0.46 ^ _126943_/X (sg13g2_buf_1)
                                         _046015_ (net)
                  0.05    0.00    0.46 ^ _126944_/A (sg13g2_buf_1)
     3    0.01    0.05    0.08    0.54 ^ _126944_/X (sg13g2_buf_1)
                                         _046016_ (net)
                  0.05    0.00    0.54 ^ _126945_/A (sg13g2_buf_1)
     3    0.01    0.05    0.09    0.63 ^ _126945_/X (sg13g2_buf_1)
                                         _046017_ (net)
                  0.05    0.00    0.63 ^ _126946_/A (sg13g2_buf_1)
     3    0.01    0.04    0.08    0.71 ^ _126946_/X (sg13g2_buf_1)
                                         _046018_ (net)
                  0.04    0.00    0.71 ^ _126947_/A (sg13g2_buf_1)
     3    0.01    0.04    0.08    0.79 ^ _126947_/X (sg13g2_buf_1)
                                         _046019_ (net)
                  0.04    0.00    0.79 ^ _126948_/A (sg13g2_buf_1)
     3    0.01    0.04    0.08    0.88 ^ _126948_/X (sg13g2_buf_1)
                                         _046020_ (net)
                  0.04    0.00    0.88 ^ _126949_/A (sg13g2_buf_1)
     3    0.01    0.04    0.08    0.96 ^ _126949_/X (sg13g2_buf_1)
                                         _046021_ (net)
                  0.04    0.00    0.96 ^ _126950_/A (sg13g2_buf_1)
     3    0.01    0.05    0.09    1.04 ^ _126950_/X (sg13g2_buf_1)
                                         _046022_ (net)
                  0.05    0.00    1.04 ^ _126951_/A (sg13g2_buf_1)
     3    0.01    0.04    0.08    1.12 ^ _126951_/X (sg13g2_buf_1)
                                         _046023_ (net)
                  0.04    0.00    1.12 ^ _187793_/A (sg13g2_buf_1)
     3    0.01    0.05    0.08    1.21 ^ _187793_/X (sg13g2_buf_1)
                                         _100542_ (net)
                  0.05    0.00    1.21 ^ _187794_/A (sg13g2_buf_1)
     3    0.01    0.05    0.09    1.29 ^ _187794_/X (sg13g2_buf_1)
                                         _100543_ (net)
                  0.05    0.00    1.29 ^ _187795_/A (sg13g2_buf_1)
     3    0.01    0.05    0.09    1.38 ^ _187795_/X (sg13g2_buf_1)
                                         _100544_ (net)
                  0.05    0.00    1.38 ^ _187796_/A (sg13g2_buf_1)
     3    0.01    0.05    0.09    1.47 ^ _187796_/X (sg13g2_buf_1)
                                         _100545_ (net)
                  0.05    0.00    1.47 ^ _187797_/A (sg13g2_buf_1)
     3    0.01    0.05    0.09    1.55 ^ _187797_/X (sg13g2_buf_1)
                                         _100546_ (net)
                  0.05    0.00    1.55 ^ _187798_/A (sg13g2_buf_1)
     3    0.01    0.06    0.09    1.65 ^ _187798_/X (sg13g2_buf_1)
                                         _100547_ (net)
                  0.06    0.00    1.65 ^ _187799_/A (sg13g2_buf_1)
     3    0.01    0.05    0.09    1.73 ^ _187799_/X (sg13g2_buf_1)
                                         _100548_ (net)
                  0.05    0.00    1.73 ^ _187800_/A (sg13g2_buf_1)
     3    0.01    0.05    0.08    1.82 ^ _187800_/X (sg13g2_buf_1)
                                         _100549_ (net)
                  0.05    0.00    1.82 ^ _187801_/A (sg13g2_buf_1)
     3    0.01    0.05    0.09    1.90 ^ _187801_/X (sg13g2_buf_1)
                                         _100550_ (net)
                  0.05    0.00    1.90 ^ _187802_/A (sg13g2_buf_1)
     3    0.01    0.05    0.09    1.99 ^ _187802_/X (sg13g2_buf_1)
                                         _100551_ (net)
                  0.05    0.00    1.99 ^ _187803_/B (sg13g2_nand2_1)
     1    0.01    0.05    0.06    2.05 v _187803_/Y (sg13g2_nand2_1)
                                         _100552_ (net)
                  0.05    0.00    2.05 v _187804_/B (sg13g2_xor2_1)
     1    0.01    0.08    0.09    2.14 ^ _187804_/X (sg13g2_xor2_1)
                                         _100553_ (net)
                  0.08    0.00    2.14 ^ _187805_/A (sg13g2_buf_1)
     2    0.01    0.05    0.10    2.24 ^ _187805_/X (sg13g2_buf_1)
                                         _100554_ (net)
                  0.05    0.00    2.24 ^ _187806_/B (sg13g2_xor2_1)
     1    0.00    0.05    0.10    2.33 ^ _187806_/X (sg13g2_xor2_1)
                                         _100555_ (net)
                  0.05    0.00    2.33 ^ _187807_/A (sg13g2_buf_1)
     3    0.01    0.06    0.09    2.43 ^ _187807_/X (sg13g2_buf_1)
                                         _100556_ (net)
                  0.06    0.00    2.43 ^ _187808_/B (sg13g2_xor2_1)
     1    0.00    0.05    0.10    2.53 ^ _187808_/X (sg13g2_xor2_1)
                                         _100557_ (net)
                  0.05    0.00    2.53 ^ _187809_/A (sg13g2_buf_1)
     2    0.01    0.07    0.10    2.63 ^ _187809_/X (sg13g2_buf_1)
                                         _100558_ (net)
                  0.07    0.00    2.63 ^ _187836_/A (sg13g2_buf_8)
     3    0.02    0.02    0.09    2.71 ^ _187836_/X (sg13g2_buf_8)
                                         _100585_ (net)
                  0.02    0.00    2.71 ^ _187837_/S (sg13g2_mux2_1)
     1    0.00    0.03    0.15    2.86 v _187837_/X (sg13g2_mux2_1)
                                         _100586_ (net)
                  0.03    0.00    2.86 v _187838_/A (sg13g2_buf_1)
     1    0.00    0.02    0.06    2.93 v _187838_/X (sg13g2_buf_1)
                                         _100587_ (net)
                  0.02    0.00    2.93 v _187859_/B (sg13g2_nor4_1)
     1    0.00    0.11    0.13    3.06 ^ _187859_/Y (sg13g2_nor4_1)
                                         _100608_ (net)
                  0.11    0.00    3.06 ^ _187860_/A (sg13g2_buf_1)
     2    0.01    0.03    0.10    3.16 ^ _187860_/X (sg13g2_buf_1)
                                         _100609_ (net)
                  0.03    0.00    3.16 ^ _187861_/A (sg13g2_buf_1)
     3    0.01    0.06    0.09    3.24 ^ _187861_/X (sg13g2_buf_1)
                                         _100610_ (net)
                  0.06    0.00    3.24 ^ _188453_/A (sg13g2_nand2_1)
     1    0.00    0.03    0.05    3.29 v _188453_/Y (sg13g2_nand2_1)
                                         _101200_ (net)
                  0.03    0.00    3.29 v _188454_/A (sg13g2_buf_1)
     2    0.01    0.03    0.07    3.37 v _188454_/X (sg13g2_buf_1)
                                         _101201_ (net)
                  0.03    0.00    3.37 v _188455_/C (sg13g2_nand3b_1)
     1    0.00    0.03    0.04    3.41 ^ _188455_/Y (sg13g2_nand3b_1)
                                         _101202_ (net)
                  0.03    0.00    3.41 ^ _188456_/A (sg13g2_buf_1)
     1    0.00    0.02    0.06    3.47 ^ _188456_/X (sg13g2_buf_1)
                                         _101203_ (net)
                  0.02    0.00    3.47 ^ _188457_/C (sg13g2_nand3b_1)
     1    0.00    0.05    0.07    3.54 v _188457_/Y (sg13g2_nand3b_1)
                                         _101204_ (net)
                  0.05    0.00    3.54 v _188458_/A (sg13g2_buf_1)
     2    0.01    0.03    0.08    3.62 v _188458_/X (sg13g2_buf_1)
                                         _101205_ (net)
                  0.03    0.00    3.62 v _188632_/A1 (sg13g2_o21ai_1)
     1    0.00    0.06    0.08    3.70 ^ _188632_/Y (sg13g2_o21ai_1)
                                         _101378_ (net)
                  0.06    0.00    3.70 ^ _188633_/A (sg13g2_buf_1)
     3    0.01    0.05    0.09    3.80 ^ _188633_/X (sg13g2_buf_1)
                                         _101379_ (net)
                  0.05    0.00    3.80 ^ _189006_/A1 (sg13g2_a21o_1)
     1    0.01    0.04    0.11    3.91 ^ _189006_/X (sg13g2_a21o_1)
                                         _101750_ (net)
                  0.04    0.00    3.91 ^ _189007_/A (sg13g2_buf_1)
     2    0.01    0.05    0.08    3.99 ^ _189007_/X (sg13g2_buf_1)
                                         _101751_ (net)
                  0.05    0.00    3.99 ^ _189395_/A1 (sg13g2_a21oi_1)
     1    0.00    0.05    0.06    4.05 v _189395_/Y (sg13g2_a21oi_1)
                                         _102137_ (net)
                  0.05    0.00    4.05 v _189396_/A (sg13g2_buf_1)
     2    0.01    0.03    0.08    4.13 v _189396_/X (sg13g2_buf_1)
                                         _102138_ (net)
                  0.03    0.00    4.13 v _189952_/A2 (sg13g2_o21ai_1)
     1    0.00    0.07    0.08    4.20 ^ _189952_/Y (sg13g2_o21ai_1)
                                         _102692_ (net)
                  0.07    0.00    4.20 ^ _189953_/A (sg13g2_buf_1)
     3    0.01    0.05    0.09    4.30 ^ _189953_/X (sg13g2_buf_1)
                                         _102693_ (net)
                  0.05    0.00    4.30 ^ _190562_/A1 (sg13g2_a21o_1)
     1    0.00    0.03    0.10    4.40 ^ _190562_/X (sg13g2_a21o_1)
                                         _103297_ (net)
                  0.03    0.00    4.40 ^ _190563_/A (sg13g2_buf_1)
     1    0.00    0.02    0.06    4.46 ^ _190563_/X (sg13g2_buf_1)
                                         _103298_ (net)
                  0.02    0.00    4.46 ^ _190565_/A1 (sg13g2_a21oi_1)
     1    0.00    0.05    0.06    4.51 v _190565_/Y (sg13g2_a21oi_1)
                                         _103300_ (net)
                  0.05    0.00    4.51 v _190566_/A (sg13g2_buf_1)
     2    0.01    0.03    0.08    4.59 v _190566_/X (sg13g2_buf_1)
                                         _103301_ (net)
                  0.03    0.00    4.59 v _190720_/C (sg13g2_nor4_1)
     1    0.00    0.11    0.12    4.71 ^ _190720_/Y (sg13g2_nor4_1)
                                         _103453_ (net)
                  0.11    0.00    4.71 ^ _190721_/A (sg13g2_buf_1)
     2    0.01    0.04    0.10    4.81 ^ _190721_/X (sg13g2_buf_1)
                                         _103454_ (net)
                  0.04    0.00    4.81 ^ _191001_/A2 (sg13g2_o21ai_1)
     1    0.00    0.04    0.05    4.87 v _191001_/Y (sg13g2_o21ai_1)
                                         _103732_ (net)
                  0.04    0.00    4.87 v _191002_/A (sg13g2_buf_1)
     3    0.01    0.04    0.08    4.95 v _191002_/X (sg13g2_buf_1)
                                         _103733_ (net)
                  0.04    0.00    4.95 v _191148_/B (sg13g2_nand3_1)
     1    0.00    0.03    0.04    4.99 ^ _191148_/Y (sg13g2_nand3_1)
                                         _103877_ (net)
                  0.03    0.00    4.99 ^ _191149_/A (sg13g2_buf_1)
     1    0.00    0.02    0.06    5.05 ^ _191149_/X (sg13g2_buf_1)
                                         _103878_ (net)
                  0.02    0.00    5.05 ^ _191151_/A2 (sg13g2_a21oi_1)
     1    0.00    0.04    0.05    5.11 v _191151_/Y (sg13g2_a21oi_1)
                                         _103880_ (net)
                  0.04    0.00    5.11 v _191152_/A (sg13g2_buf_1)
     2    0.01    0.03    0.07    5.18 v _191152_/X (sg13g2_buf_1)
                                         _103881_ (net)
                  0.03    0.00    5.18 v _191273_/A2 (sg13g2_o21ai_1)
     1    0.00    0.06    0.07    5.25 ^ _191273_/Y (sg13g2_o21ai_1)
                                         _103999_ (net)
                  0.06    0.00    5.25 ^ _191274_/A (sg13g2_buf_1)
     1    0.00    0.03    0.08    5.33 ^ _191274_/X (sg13g2_buf_1)
                                         _104000_ (net)
                  0.03    0.00    5.33 ^ _191277_/A2 (sg13g2_a22oi_1)
     1    0.00    0.05    0.06    5.39 v _191277_/Y (sg13g2_a22oi_1)
                                         _104003_ (net)
                  0.05    0.00    5.39 v _191278_/A (sg13g2_buf_1)
     1    0.00    0.02    0.07    5.46 v _191278_/X (sg13g2_buf_1)
                                         _104004_ (net)
                  0.02    0.00    5.46 v _191290_/A2 (sg13g2_o21ai_1)
     1    0.00    0.06    0.07    5.53 ^ _191290_/Y (sg13g2_o21ai_1)
                                         _104016_ (net)
                  0.06    0.00    5.53 ^ _191291_/A (sg13g2_buf_1)
     1    0.01    0.03    0.08    5.62 ^ _191291_/X (sg13g2_buf_1)
                                         _104017_ (net)
                  0.03    0.00    5.62 ^ _191292_/B (sg13g2_xnor2_1)
     1    0.00    0.05    0.06    5.67 v _191292_/Y (sg13g2_xnor2_1)
                                         _104018_ (net)
                  0.05    0.00    5.67 v _191296_/A2 (sg13g2_o21ai_1)
     1    0.00    0.07    0.08    5.75 ^ _191296_/Y (sg13g2_o21ai_1)
                                         _104022_ (net)
                  0.07    0.00    5.75 ^ _191297_/A (sg13g2_buf_1)
     1    0.00    0.02    0.07    5.83 ^ _191297_/X (sg13g2_buf_1)
                                         _008287_ (net)
                  0.02    0.00    5.83 ^ soc.system_core_cpu.execute_to_memory_MUL_LH[31]$_DFFE_PP_/D (sg13g2_dfrbp_1)
                                  5.83   data arrival time

                  0.25   50.00   50.00   clock clk_core (rise edge)
                          0.00   50.00   clock network delay (ideal)
                         -0.15   49.85   clock uncertainty
                          0.00   49.85   clock reconvergence pessimism
                                 49.85 ^ soc.system_core_cpu.execute_to_memory_MUL_LH[31]$_DFFE_PP_/CLK (sg13g2_dfrbp_1)
                         -0.08   49.77   library setup time
                                 49.77   data required time
-----------------------------------------------------------------------------
                                 49.77   data required time
                                 -5.83   data arrival time
-----------------------------------------------------------------------------
                                 43.95   slack (MET)


Startpoint: soc.jtagBridge_1.jtag_tap_fsm_state[3]$_DFF_P_
            (rising edge-triggered flip-flop clocked by clk_jtag)
Endpoint: soc.jtagBridge_1.jtag_tap_tdoUnbufferd_regNext$_DFF_N_
          (rising edge-triggered flip-flop clocked by clk_jtag')
Path Group: clk_jtag
Path Type: max

Fanout     Cap    Slew   Delay    Time   Description
-----------------------------------------------------------------------------
                  0.25    0.00    0.00   clock clk_jtag (rise edge)
                          0.00    0.00   clock network delay (ideal)
                  0.25    0.00    0.00 ^ soc.jtagBridge_1.jtag_tap_fsm_state[3]$_DFF_P_/CLK (sg13g2_dfrbp_1)
     1    0.00    0.03    0.28    0.28 ^ soc.jtagBridge_1.jtag_tap_fsm_state[3]$_DFF_P_/Q (sg13g2_dfrbp_1)
                                         soc.jtagBridge_1.jtag_tap_fsm_state[3] (net)
                  0.03    0.00    0.28 ^ _123210_/A (sg13g2_buf_1)
     2    0.01    0.03    0.07    0.35 ^ _123210_/X (sg13g2_buf_1)
                                         _042387_ (net)
                  0.03    0.00    0.35 ^ _123211_/A (sg13g2_inv_1)
     1    0.00    0.02    0.03    0.38 v _123211_/Y (sg13g2_inv_1)
                                         _042388_ (net)
                  0.02    0.00    0.38 v _123212_/A (sg13g2_buf_1)
     3    0.01    0.03    0.07    0.45 v _123212_/X (sg13g2_buf_1)
                                         _042389_ (net)
                  0.03    0.00    0.45 v _123213_/B (sg13g2_nor2_1)
     1    0.00    0.04    0.05    0.50 ^ _123213_/Y (sg13g2_nor2_1)
                                         _042390_ (net)
                  0.04    0.00    0.50 ^ _123214_/A (sg13g2_buf_1)
     3    0.01    0.05    0.08    0.58 ^ _123214_/X (sg13g2_buf_1)
                                         _042391_ (net)
                  0.05    0.00    0.58 ^ _123215_/A (sg13g2_inv_1)
     1    0.00    0.02    0.03    0.61 v _123215_/Y (sg13g2_inv_1)
                                         _042392_ (net)
                  0.02    0.00    0.61 v _123216_/A (sg13g2_buf_1)
     2    0.01    0.03    0.06    0.68 v _123216_/X (sg13g2_buf_1)
                                         _042393_ (net)
                  0.03    0.00    0.68 v _123217_/A (sg13g2_buf_1)
     3    0.01    0.04    0.08    0.75 v _123217_/X (sg13g2_buf_1)
                                         _042394_ (net)
                  0.04    0.00    0.75 v _123218_/C (sg13g2_nor3_1)
     1    0.00    0.07    0.07    0.83 ^ _123218_/Y (sg13g2_nor3_1)
                                         _042395_ (net)
                  0.07    0.00    0.83 ^ _123219_/A (sg13g2_buf_1)
     3    0.01    0.05    0.10    0.92 ^ _123219_/X (sg13g2_buf_1)
                                         _042396_ (net)
                  0.05    0.00    0.92 ^ _123220_/A (sg13g2_buf_1)
     3    0.01    0.04    0.08    1.00 ^ _123220_/X (sg13g2_buf_1)
                                         _042397_ (net)
                  0.04    0.00    1.00 ^ _123221_/A (sg13g2_buf_1)
     3    0.01    0.05    0.08    1.09 ^ _123221_/X (sg13g2_buf_1)
                                         _042398_ (net)
                  0.05    0.00    1.09 ^ _123222_/A (sg13g2_buf_1)
     3    0.01    0.05    0.09    1.18 ^ _123222_/X (sg13g2_buf_1)
                                         _042399_ (net)
                  0.05    0.00    1.18 ^ _228941_/B (sg13g2_nand4_1)
     1    0.00    0.07    0.09    1.27 v _228941_/Y (sg13g2_nand4_1)
                                         _038371_ (net)
                  0.07    0.00    1.27 v _228942_/A (sg13g2_buf_1)
     1    0.00    0.02    0.08    1.35 v _228942_/X (sg13g2_buf_1)
                                         _038372_ (net)
                  0.02    0.00    1.35 v _228943_/B1 (sg13g2_o21ai_1)
     1    0.03    0.29    0.12    1.47 ^ _228943_/Y (sg13g2_o21ai_1)
                                         _038373_ (net)
                  0.29    0.00    1.47 ^ _228944_/A (sg13g2_buf_1)
     1    0.00    0.03    0.13    1.60 ^ _228944_/X (sg13g2_buf_1)
                                         soc.jtagBridge_1.jtag_tap_tdoUnbufferd (net)
                  0.03    0.00    1.60 ^ soc.jtagBridge_1.jtag_tap_tdoUnbufferd_regNext$_DFF_N_/D (sg13g2_dfrbp_1)
                                  1.60   data arrival time

                  0.25   50.00   50.00   clock clk_jtag' (rise edge)
                          0.00   50.00   clock network delay (ideal)
                         -0.15   49.85   clock uncertainty
                          0.00   49.85   clock reconvergence pessimism
                                 49.85 ^ soc.jtagBridge_1.jtag_tap_tdoUnbufferd_regNext$_DFF_N_/CLK (sg13g2_dfrbp_1)
                         -0.08   49.77   library setup time
                                 49.77   data required time
-----------------------------------------------------------------------------
                                 49.77   data required time
                                 -1.60   data arrival time
-----------------------------------------------------------------------------
                                 48.17   slack (MET)



==========================================================================
resizer report_checks -unconstrained
--------------------------------------------------------------------------
Startpoint: soc.system_core_cpu.decode_to_execute_RS1[1]$_DFFE_PN_
            (rising edge-triggered flip-flop clocked by clk_core)
Endpoint: soc.system_core_cpu.execute_to_memory_MUL_LH[31]$_DFFE_PP_
          (rising edge-triggered flip-flop clocked by clk_core)
Path Group: clk_core
Path Type: max

Fanout     Cap    Slew   Delay    Time   Description
-----------------------------------------------------------------------------
                  0.25    0.00    0.00   clock clk_core (rise edge)
                          0.00    0.00   clock network delay (ideal)
                  0.25    0.00    0.00 ^ soc.system_core_cpu.decode_to_execute_RS1[1]$_DFFE_PN_/CLK (sg13g2_dfrbp_1)
     1    0.01    0.04    0.30    0.30 ^ soc.system_core_cpu.decode_to_execute_RS1[1]$_DFFE_PN_/Q (sg13g2_dfrbp_1)
                                         soc.system_core_cpu.execute_RS1[1] (net)
                  0.04    0.00    0.30 ^ _126942_/A (sg13g2_buf_1)
     3    0.01    0.04    0.08    0.38 ^ _126942_/X (sg13g2_buf_1)
                                         _046014_ (net)
                  0.04    0.00    0.38 ^ _126943_/A (sg13g2_buf_1)
     3    0.01    0.05    0.08    0.46 ^ _126943_/X (sg13g2_buf_1)
                                         _046015_ (net)
                  0.05    0.00    0.46 ^ _126944_/A (sg13g2_buf_1)
     3    0.01    0.05    0.08    0.54 ^ _126944_/X (sg13g2_buf_1)
                                         _046016_ (net)
                  0.05    0.00    0.54 ^ _126945_/A (sg13g2_buf_1)
     3    0.01    0.05    0.09    0.63 ^ _126945_/X (sg13g2_buf_1)
                                         _046017_ (net)
                  0.05    0.00    0.63 ^ _126946_/A (sg13g2_buf_1)
     3    0.01    0.04    0.08    0.71 ^ _126946_/X (sg13g2_buf_1)
                                         _046018_ (net)
                  0.04    0.00    0.71 ^ _126947_/A (sg13g2_buf_1)
     3    0.01    0.04    0.08    0.79 ^ _126947_/X (sg13g2_buf_1)
                                         _046019_ (net)
                  0.04    0.00    0.79 ^ _126948_/A (sg13g2_buf_1)
     3    0.01    0.04    0.08    0.88 ^ _126948_/X (sg13g2_buf_1)
                                         _046020_ (net)
                  0.04    0.00    0.88 ^ _126949_/A (sg13g2_buf_1)
     3    0.01    0.04    0.08    0.96 ^ _126949_/X (sg13g2_buf_1)
                                         _046021_ (net)
                  0.04    0.00    0.96 ^ _126950_/A (sg13g2_buf_1)
     3    0.01    0.05    0.09    1.04 ^ _126950_/X (sg13g2_buf_1)
                                         _046022_ (net)
                  0.05    0.00    1.04 ^ _126951_/A (sg13g2_buf_1)
     3    0.01    0.04    0.08    1.12 ^ _126951_/X (sg13g2_buf_1)
                                         _046023_ (net)
                  0.04    0.00    1.12 ^ _187793_/A (sg13g2_buf_1)
     3    0.01    0.05    0.08    1.21 ^ _187793_/X (sg13g2_buf_1)
                                         _100542_ (net)
                  0.05    0.00    1.21 ^ _187794_/A (sg13g2_buf_1)
     3    0.01    0.05    0.09    1.29 ^ _187794_/X (sg13g2_buf_1)
                                         _100543_ (net)
                  0.05    0.00    1.29 ^ _187795_/A (sg13g2_buf_1)
     3    0.01    0.05    0.09    1.38 ^ _187795_/X (sg13g2_buf_1)
                                         _100544_ (net)
                  0.05    0.00    1.38 ^ _187796_/A (sg13g2_buf_1)
     3    0.01    0.05    0.09    1.47 ^ _187796_/X (sg13g2_buf_1)
                                         _100545_ (net)
                  0.05    0.00    1.47 ^ _187797_/A (sg13g2_buf_1)
     3    0.01    0.05    0.09    1.55 ^ _187797_/X (sg13g2_buf_1)
                                         _100546_ (net)
                  0.05    0.00    1.55 ^ _187798_/A (sg13g2_buf_1)
     3    0.01    0.06    0.09    1.65 ^ _187798_/X (sg13g2_buf_1)
                                         _100547_ (net)
                  0.06    0.00    1.65 ^ _187799_/A (sg13g2_buf_1)
     3    0.01    0.05    0.09    1.73 ^ _187799_/X (sg13g2_buf_1)
                                         _100548_ (net)
                  0.05    0.00    1.73 ^ _187800_/A (sg13g2_buf_1)
     3    0.01    0.05    0.08    1.82 ^ _187800_/X (sg13g2_buf_1)
                                         _100549_ (net)
                  0.05    0.00    1.82 ^ _187801_/A (sg13g2_buf_1)
     3    0.01    0.05    0.09    1.90 ^ _187801_/X (sg13g2_buf_1)
                                         _100550_ (net)
                  0.05    0.00    1.90 ^ _187802_/A (sg13g2_buf_1)
     3    0.01    0.05    0.09    1.99 ^ _187802_/X (sg13g2_buf_1)
                                         _100551_ (net)
                  0.05    0.00    1.99 ^ _187803_/B (sg13g2_nand2_1)
     1    0.01    0.05    0.06    2.05 v _187803_/Y (sg13g2_nand2_1)
                                         _100552_ (net)
                  0.05    0.00    2.05 v _187804_/B (sg13g2_xor2_1)
     1    0.01    0.08    0.09    2.14 ^ _187804_/X (sg13g2_xor2_1)
                                         _100553_ (net)
                  0.08    0.00    2.14 ^ _187805_/A (sg13g2_buf_1)
     2    0.01    0.05    0.10    2.24 ^ _187805_/X (sg13g2_buf_1)
                                         _100554_ (net)
                  0.05    0.00    2.24 ^ _187806_/B (sg13g2_xor2_1)
     1    0.00    0.05    0.10    2.33 ^ _187806_/X (sg13g2_xor2_1)
                                         _100555_ (net)
                  0.05    0.00    2.33 ^ _187807_/A (sg13g2_buf_1)
     3    0.01    0.06    0.09    2.43 ^ _187807_/X (sg13g2_buf_1)
                                         _100556_ (net)
                  0.06    0.00    2.43 ^ _187808_/B (sg13g2_xor2_1)
     1    0.00    0.05    0.10    2.53 ^ _187808_/X (sg13g2_xor2_1)
                                         _100557_ (net)
                  0.05    0.00    2.53 ^ _187809_/A (sg13g2_buf_1)
     2    0.01    0.07    0.10    2.63 ^ _187809_/X (sg13g2_buf_1)
                                         _100558_ (net)
                  0.07    0.00    2.63 ^ _187836_/A (sg13g2_buf_8)
     3    0.02    0.02    0.09    2.71 ^ _187836_/X (sg13g2_buf_8)
                                         _100585_ (net)
                  0.02    0.00    2.71 ^ _187837_/S (sg13g2_mux2_1)
     1    0.00    0.03    0.15    2.86 v _187837_/X (sg13g2_mux2_1)
                                         _100586_ (net)
                  0.03    0.00    2.86 v _187838_/A (sg13g2_buf_1)
     1    0.00    0.02    0.06    2.93 v _187838_/X (sg13g2_buf_1)
                                         _100587_ (net)
                  0.02    0.00    2.93 v _187859_/B (sg13g2_nor4_1)
     1    0.00    0.11    0.13    3.06 ^ _187859_/Y (sg13g2_nor4_1)
                                         _100608_ (net)
                  0.11    0.00    3.06 ^ _187860_/A (sg13g2_buf_1)
     2    0.01    0.03    0.10    3.16 ^ _187860_/X (sg13g2_buf_1)
                                         _100609_ (net)
                  0.03    0.00    3.16 ^ _187861_/A (sg13g2_buf_1)
     3    0.01    0.06    0.09    3.24 ^ _187861_/X (sg13g2_buf_1)
                                         _100610_ (net)
                  0.06    0.00    3.24 ^ _188453_/A (sg13g2_nand2_1)
     1    0.00    0.03    0.05    3.29 v _188453_/Y (sg13g2_nand2_1)
                                         _101200_ (net)
                  0.03    0.00    3.29 v _188454_/A (sg13g2_buf_1)
     2    0.01    0.03    0.07    3.37 v _188454_/X (sg13g2_buf_1)
                                         _101201_ (net)
                  0.03    0.00    3.37 v _188455_/C (sg13g2_nand3b_1)
     1    0.00    0.03    0.04    3.41 ^ _188455_/Y (sg13g2_nand3b_1)
                                         _101202_ (net)
                  0.03    0.00    3.41 ^ _188456_/A (sg13g2_buf_1)
     1    0.00    0.02    0.06    3.47 ^ _188456_/X (sg13g2_buf_1)
                                         _101203_ (net)
                  0.02    0.00    3.47 ^ _188457_/C (sg13g2_nand3b_1)
     1    0.00    0.05    0.07    3.54 v _188457_/Y (sg13g2_nand3b_1)
                                         _101204_ (net)
                  0.05    0.00    3.54 v _188458_/A (sg13g2_buf_1)
     2    0.01    0.03    0.08    3.62 v _188458_/X (sg13g2_buf_1)
                                         _101205_ (net)
                  0.03    0.00    3.62 v _188632_/A1 (sg13g2_o21ai_1)
     1    0.00    0.06    0.08    3.70 ^ _188632_/Y (sg13g2_o21ai_1)
                                         _101378_ (net)
                  0.06    0.00    3.70 ^ _188633_/A (sg13g2_buf_1)
     3    0.01    0.05    0.09    3.80 ^ _188633_/X (sg13g2_buf_1)
                                         _101379_ (net)
                  0.05    0.00    3.80 ^ _189006_/A1 (sg13g2_a21o_1)
     1    0.01    0.04    0.11    3.91 ^ _189006_/X (sg13g2_a21o_1)
                                         _101750_ (net)
                  0.04    0.00    3.91 ^ _189007_/A (sg13g2_buf_1)
     2    0.01    0.05    0.08    3.99 ^ _189007_/X (sg13g2_buf_1)
                                         _101751_ (net)
                  0.05    0.00    3.99 ^ _189395_/A1 (sg13g2_a21oi_1)
     1    0.00    0.05    0.06    4.05 v _189395_/Y (sg13g2_a21oi_1)
                                         _102137_ (net)
                  0.05    0.00    4.05 v _189396_/A (sg13g2_buf_1)
     2    0.01    0.03    0.08    4.13 v _189396_/X (sg13g2_buf_1)
                                         _102138_ (net)
                  0.03    0.00    4.13 v _189952_/A2 (sg13g2_o21ai_1)
     1    0.00    0.07    0.08    4.20 ^ _189952_/Y (sg13g2_o21ai_1)
                                         _102692_ (net)
                  0.07    0.00    4.20 ^ _189953_/A (sg13g2_buf_1)
     3    0.01    0.05    0.09    4.30 ^ _189953_/X (sg13g2_buf_1)
                                         _102693_ (net)
                  0.05    0.00    4.30 ^ _190562_/A1 (sg13g2_a21o_1)
     1    0.00    0.03    0.10    4.40 ^ _190562_/X (sg13g2_a21o_1)
                                         _103297_ (net)
                  0.03    0.00    4.40 ^ _190563_/A (sg13g2_buf_1)
     1    0.00    0.02    0.06    4.46 ^ _190563_/X (sg13g2_buf_1)
                                         _103298_ (net)
                  0.02    0.00    4.46 ^ _190565_/A1 (sg13g2_a21oi_1)
     1    0.00    0.05    0.06    4.51 v _190565_/Y (sg13g2_a21oi_1)
                                         _103300_ (net)
                  0.05    0.00    4.51 v _190566_/A (sg13g2_buf_1)
     2    0.01    0.03    0.08    4.59 v _190566_/X (sg13g2_buf_1)
                                         _103301_ (net)
                  0.03    0.00    4.59 v _190720_/C (sg13g2_nor4_1)
     1    0.00    0.11    0.12    4.71 ^ _190720_/Y (sg13g2_nor4_1)
                                         _103453_ (net)
                  0.11    0.00    4.71 ^ _190721_/A (sg13g2_buf_1)
     2    0.01    0.04    0.10    4.81 ^ _190721_/X (sg13g2_buf_1)
                                         _103454_ (net)
                  0.04    0.00    4.81 ^ _191001_/A2 (sg13g2_o21ai_1)
     1    0.00    0.04    0.05    4.87 v _191001_/Y (sg13g2_o21ai_1)
                                         _103732_ (net)
                  0.04    0.00    4.87 v _191002_/A (sg13g2_buf_1)
     3    0.01    0.04    0.08    4.95 v _191002_/X (sg13g2_buf_1)
                                         _103733_ (net)
                  0.04    0.00    4.95 v _191148_/B (sg13g2_nand3_1)
     1    0.00    0.03    0.04    4.99 ^ _191148_/Y (sg13g2_nand3_1)
                                         _103877_ (net)
                  0.03    0.00    4.99 ^ _191149_/A (sg13g2_buf_1)
     1    0.00    0.02    0.06    5.05 ^ _191149_/X (sg13g2_buf_1)
                                         _103878_ (net)
                  0.02    0.00    5.05 ^ _191151_/A2 (sg13g2_a21oi_1)
     1    0.00    0.04    0.05    5.11 v _191151_/Y (sg13g2_a21oi_1)
                                         _103880_ (net)
                  0.04    0.00    5.11 v _191152_/A (sg13g2_buf_1)
     2    0.01    0.03    0.07    5.18 v _191152_/X (sg13g2_buf_1)
                                         _103881_ (net)
                  0.03    0.00    5.18 v _191273_/A2 (sg13g2_o21ai_1)
     1    0.00    0.06    0.07    5.25 ^ _191273_/Y (sg13g2_o21ai_1)
                                         _103999_ (net)
                  0.06    0.00    5.25 ^ _191274_/A (sg13g2_buf_1)
     1    0.00    0.03    0.08    5.33 ^ _191274_/X (sg13g2_buf_1)
                                         _104000_ (net)
                  0.03    0.00    5.33 ^ _191277_/A2 (sg13g2_a22oi_1)
     1    0.00    0.05    0.06    5.39 v _191277_/Y (sg13g2_a22oi_1)
                                         _104003_ (net)
                  0.05    0.00    5.39 v _191278_/A (sg13g2_buf_1)
     1    0.00    0.02    0.07    5.46 v _191278_/X (sg13g2_buf_1)
                                         _104004_ (net)
                  0.02    0.00    5.46 v _191290_/A2 (sg13g2_o21ai_1)
     1    0.00    0.06    0.07    5.53 ^ _191290_/Y (sg13g2_o21ai_1)
                                         _104016_ (net)
                  0.06    0.00    5.53 ^ _191291_/A (sg13g2_buf_1)
     1    0.01    0.03    0.08    5.62 ^ _191291_/X (sg13g2_buf_1)
                                         _104017_ (net)
                  0.03    0.00    5.62 ^ _191292_/B (sg13g2_xnor2_1)
     1    0.00    0.05    0.06    5.67 v _191292_/Y (sg13g2_xnor2_1)
                                         _104018_ (net)
                  0.05    0.00    5.67 v _191296_/A2 (sg13g2_o21ai_1)
     1    0.00    0.07    0.08    5.75 ^ _191296_/Y (sg13g2_o21ai_1)
                                         _104022_ (net)
                  0.07    0.00    5.75 ^ _191297_/A (sg13g2_buf_1)
     1    0.00    0.02    0.07    5.83 ^ _191297_/X (sg13g2_buf_1)
                                         _008287_ (net)
                  0.02    0.00    5.83 ^ soc.system_core_cpu.execute_to_memory_MUL_LH[31]$_DFFE_PP_/D (sg13g2_dfrbp_1)
                                  5.83   data arrival time

                  0.25   50.00   50.00   clock clk_core (rise edge)
                          0.00   50.00   clock network delay (ideal)
                         -0.15   49.85   clock uncertainty
                          0.00   49.85   clock reconvergence pessimism
                                 49.85 ^ soc.system_core_cpu.execute_to_memory_MUL_LH[31]$_DFFE_PP_/CLK (sg13g2_dfrbp_1)
                         -0.08   49.77   library setup time
                                 49.77   data required time
-----------------------------------------------------------------------------
                                 49.77   data required time
                                 -5.83   data arrival time
-----------------------------------------------------------------------------
                                 43.95   slack (MET)


Startpoint: soc.jtagBridge_1.jtag_tap_fsm_state[3]$_DFF_P_
            (rising edge-triggered flip-flop clocked by clk_jtag)
Endpoint: soc.jtagBridge_1.jtag_tap_tdoUnbufferd_regNext$_DFF_N_
          (rising edge-triggered flip-flop clocked by clk_jtag')
Path Group: clk_jtag
Path Type: max

Fanout     Cap    Slew   Delay    Time   Description
-----------------------------------------------------------------------------
                  0.25    0.00    0.00   clock clk_jtag (rise edge)
                          0.00    0.00   clock network delay (ideal)
                  0.25    0.00    0.00 ^ soc.jtagBridge_1.jtag_tap_fsm_state[3]$_DFF_P_/CLK (sg13g2_dfrbp_1)
     1    0.00    0.03    0.28    0.28 ^ soc.jtagBridge_1.jtag_tap_fsm_state[3]$_DFF_P_/Q (sg13g2_dfrbp_1)
                                         soc.jtagBridge_1.jtag_tap_fsm_state[3] (net)
                  0.03    0.00    0.28 ^ _123210_/A (sg13g2_buf_1)
     2    0.01    0.03    0.07    0.35 ^ _123210_/X (sg13g2_buf_1)
                                         _042387_ (net)
                  0.03    0.00    0.35 ^ _123211_/A (sg13g2_inv_1)
     1    0.00    0.02    0.03    0.38 v _123211_/Y (sg13g2_inv_1)
                                         _042388_ (net)
                  0.02    0.00    0.38 v _123212_/A (sg13g2_buf_1)
     3    0.01    0.03    0.07    0.45 v _123212_/X (sg13g2_buf_1)
                                         _042389_ (net)
                  0.03    0.00    0.45 v _123213_/B (sg13g2_nor2_1)
     1    0.00    0.04    0.05    0.50 ^ _123213_/Y (sg13g2_nor2_1)
                                         _042390_ (net)
                  0.04    0.00    0.50 ^ _123214_/A (sg13g2_buf_1)
     3    0.01    0.05    0.08    0.58 ^ _123214_/X (sg13g2_buf_1)
                                         _042391_ (net)
                  0.05    0.00    0.58 ^ _123215_/A (sg13g2_inv_1)
     1    0.00    0.02    0.03    0.61 v _123215_/Y (sg13g2_inv_1)
                                         _042392_ (net)
                  0.02    0.00    0.61 v _123216_/A (sg13g2_buf_1)
     2    0.01    0.03    0.06    0.68 v _123216_/X (sg13g2_buf_1)
                                         _042393_ (net)
                  0.03    0.00    0.68 v _123217_/A (sg13g2_buf_1)
     3    0.01    0.04    0.08    0.75 v _123217_/X (sg13g2_buf_1)
                                         _042394_ (net)
                  0.04    0.00    0.75 v _123218_/C (sg13g2_nor3_1)
     1    0.00    0.07    0.07    0.83 ^ _123218_/Y (sg13g2_nor3_1)
                                         _042395_ (net)
                  0.07    0.00    0.83 ^ _123219_/A (sg13g2_buf_1)
     3    0.01    0.05    0.10    0.92 ^ _123219_/X (sg13g2_buf_1)
                                         _042396_ (net)
                  0.05    0.00    0.92 ^ _123220_/A (sg13g2_buf_1)
     3    0.01    0.04    0.08    1.00 ^ _123220_/X (sg13g2_buf_1)
                                         _042397_ (net)
                  0.04    0.00    1.00 ^ _123221_/A (sg13g2_buf_1)
     3    0.01    0.05    0.08    1.09 ^ _123221_/X (sg13g2_buf_1)
                                         _042398_ (net)
                  0.05    0.00    1.09 ^ _123222_/A (sg13g2_buf_1)
     3    0.01    0.05    0.09    1.18 ^ _123222_/X (sg13g2_buf_1)
                                         _042399_ (net)
                  0.05    0.00    1.18 ^ _228941_/B (sg13g2_nand4_1)
     1    0.00    0.07    0.09    1.27 v _228941_/Y (sg13g2_nand4_1)
                                         _038371_ (net)
                  0.07    0.00    1.27 v _228942_/A (sg13g2_buf_1)
     1    0.00    0.02    0.08    1.35 v _228942_/X (sg13g2_buf_1)
                                         _038372_ (net)
                  0.02    0.00    1.35 v _228943_/B1 (sg13g2_o21ai_1)
     1    0.03    0.29    0.12    1.47 ^ _228943_/Y (sg13g2_o21ai_1)
                                         _038373_ (net)
                  0.29    0.00    1.47 ^ _228944_/A (sg13g2_buf_1)
     1    0.00    0.03    0.13    1.60 ^ _228944_/X (sg13g2_buf_1)
                                         soc.jtagBridge_1.jtag_tap_tdoUnbufferd (net)
                  0.03    0.00    1.60 ^ soc.jtagBridge_1.jtag_tap_tdoUnbufferd_regNext$_DFF_N_/D (sg13g2_dfrbp_1)
                                  1.60   data arrival time

                  0.25   50.00   50.00   clock clk_jtag' (rise edge)
                          0.00   50.00   clock network delay (ideal)
                         -0.15   49.85   clock uncertainty
                          0.00   49.85   clock reconvergence pessimism
                                 49.85 ^ soc.jtagBridge_1.jtag_tap_tdoUnbufferd_regNext$_DFF_N_/CLK (sg13g2_dfrbp_1)
                         -0.08   49.77   library setup time
                                 49.77   data required time
-----------------------------------------------------------------------------
                                 49.77   data required time
                                 -1.60   data arrival time
-----------------------------------------------------------------------------
                                 48.17   slack (MET)



==========================================================================
resizer report_check_types -max_slew -max_cap -max_fanout -violators
--------------------------------------------------------------------------
max slew

Pin                                    Limit    Slew   Slack
------------------------------------------------------------
sg13g2_IOPad_io_pins_8/pad              1.20    4.92   -3.72 (VIOLATED)
sg13g2_IOPad_io_pins_9/pad              1.20    4.92   -3.72 (VIOLATED)
sg13g2_IOPad_io_pins_17/pad             1.20    4.92   -3.72 (VIOLATED)
sg13g2_IOPad_io_pins_10/pad             1.20    4.92   -3.72 (VIOLATED)
sg13g2_IOPad_io_pins_0/pad              1.20    4.92   -3.72 (VIOLATED)
sg13g2_IOPad_io_pins_1/pad              1.20    4.92   -3.72 (VIOLATED)
sg13g2_IOPad_io_spi_dq_0/pad            1.20    4.92   -3.72 (VIOLATED)
sg13g2_IOPad_io_pins_11/pad             1.20    4.92   -3.72 (VIOLATED)
sg13g2_IOPad_io_pins_12/pad             1.20    4.92   -3.72 (VIOLATED)
sg13g2_IOPad_io_pins_13/pad             1.20    4.92   -3.72 (VIOLATED)
sg13g2_IOPad_io_pins_14/pad             1.20    4.92   -3.72 (VIOLATED)
sg13g2_IOPad_io_pins_15/pad             1.20    4.92   -3.72 (VIOLATED)
sg13g2_IOPad_io_pins_16/pad             1.20    4.92   -3.72 (VIOLATED)
sg13g2_IOPad_io_pins_18/pad             1.20    4.92   -3.72 (VIOLATED)
sg13g2_IOPad_io_pins_19/pad             1.20    4.92   -3.72 (VIOLATED)
sg13g2_IOPad_io_pins_2/pad              1.20    4.92   -3.72 (VIOLATED)
sg13g2_IOPad_io_pins_3/pad              1.20    4.92   -3.72 (VIOLATED)
sg13g2_IOPad_io_pins_4/pad              1.20    4.92   -3.72 (VIOLATED)
sg13g2_IOPad_io_pins_5/pad              1.20    4.92   -3.72 (VIOLATED)
sg13g2_IOPad_io_pins_6/pad              1.20    4.92   -3.72 (VIOLATED)
sg13g2_IOPad_io_pins_7/pad              1.20    4.92   -3.72 (VIOLATED)
sg13g2_IOPad_io_hyperbus_cs_0/pad       1.20    4.68   -3.48 (VIOLATED)
sg13g2_IOPad_io_hyperbus_cs_1/pad       1.20    4.68   -3.48 (VIOLATED)
sg13g2_IOPad_io_hyperbus_reset/pad      1.20    4.68   -3.48 (VIOLATED)
sg13g2_IOPad_io_spi_sck/pad             1.20    4.68   -3.48 (VIOLATED)
sg13g2_IOPad_io_jtag_tdo/pad            1.20    4.68   -3.48 (VIOLATED)
sg13g2_IOPad_io_spi_cs_0/pad            1.20    4.68   -3.48 (VIOLATED)
sg13g2_IOPad_io_hyperbus_dq_0/pad       1.20    2.03   -0.83 (VIOLATED)
sg13g2_IOPad_io_hyperbus_dq_1/pad       1.20    2.03   -0.83 (VIOLATED)
sg13g2_IOPad_io_hyperbus_dq_7/pad       1.20    2.03   -0.83 (VIOLATED)
sg13g2_IOPad_io_hyperbus_dq_2/pad       1.20    2.03   -0.83 (VIOLATED)
sg13g2_IOPad_io_hyperbus_dq_6/pad       1.20    2.03   -0.83 (VIOLATED)
sg13g2_IOPad_io_hyperbus_dq_5/pad       1.20    2.03   -0.83 (VIOLATED)
sg13g2_IOPad_io_hyperbus_dq_3/pad       1.20    2.03   -0.83 (VIOLATED)
sg13g2_IOPad_io_hyperbus_dq_4/pad       1.20    2.03   -0.83 (VIOLATED)
sg13g2_IOPad_io_hyperbus_rwds/pad       1.20    1.96   -0.76 (VIOLATED)
io_pins_9_PAD                           3.00    3.69   -0.69 (VIOLATED)
io_pins_8_PAD                           3.00    3.69   -0.69 (VIOLATED)
io_pins_17_PAD                          3.00    3.69   -0.69 (VIOLATED)
io_pins_10_PAD                          3.00    3.69   -0.69 (VIOLATED)
io_spi_dq_0_PAD                         3.00    3.69   -0.69 (VIOLATED)
io_pins_0_PAD                           3.00    3.69   -0.69 (VIOLATED)
io_pins_14_PAD                          3.00    3.69   -0.69 (VIOLATED)
io_pins_11_PAD                          3.00    3.69   -0.69 (VIOLATED)
io_pins_12_PAD                          3.00    3.69   -0.69 (VIOLATED)
io_pins_13_PAD                          3.00    3.69   -0.69 (VIOLATED)
io_pins_15_PAD                          3.00    3.69   -0.69 (VIOLATED)
io_pins_16_PAD                          3.00    3.69   -0.69 (VIOLATED)
io_pins_1_PAD                           3.00    3.69   -0.69 (VIOLATED)
io_pins_7_PAD                           3.00    3.69   -0.69 (VIOLATED)
io_pins_18_PAD                          3.00    3.69   -0.69 (VIOLATED)
io_pins_19_PAD                          3.00    3.69   -0.69 (VIOLATED)
io_pins_2_PAD                           3.00    3.69   -0.69 (VIOLATED)
io_pins_3_PAD                           3.00    3.69   -0.69 (VIOLATED)
io_pins_4_PAD                           3.00    3.69   -0.69 (VIOLATED)
io_pins_5_PAD                           3.00    3.69   -0.69 (VIOLATED)
io_pins_6_PAD                           3.00    3.69   -0.69 (VIOLATED)
io_hyperbus_reset_PAD                   3.00    3.51   -0.51 (VIOLATED)
io_hyperbus_cs_0_PAD                    3.00    3.51   -0.51 (VIOLATED)
io_hyperbus_cs_1_PAD                    3.00    3.51   -0.51 (VIOLATED)
io_spi_sck_PAD                          3.00    3.51   -0.51 (VIOLATED)
io_jtag_tdo_PAD                         3.00    3.51   -0.51 (VIOLATED)
io_spi_cs_0_PAD                         3.00    3.51   -0.51 (VIOLATED)
sg13g2_IOPad_io_hyperbus_ck/pad         1.20    1.24   -0.04 (VIOLATED)

max capacitance

Pin                                    Limit     Cap   Slack
------------------------------------------------------------
io_hyperbus_dq_0_PAD                    0.50    5.37   -4.87 (VIOLATED)
io_hyperbus_dq_1_PAD                    0.50    5.37   -4.87 (VIOLATED)
io_hyperbus_dq_2_PAD                    0.50    5.37   -4.87 (VIOLATED)
io_hyperbus_dq_3_PAD                    0.50    5.37   -4.87 (VIOLATED)
io_hyperbus_dq_4_PAD                    0.50    5.37   -4.87 (VIOLATED)
io_hyperbus_dq_5_PAD                    0.50    5.37   -4.87 (VIOLATED)
io_hyperbus_dq_6_PAD                    0.50    5.37   -4.87 (VIOLATED)
io_hyperbus_dq_7_PAD                    0.50    5.37   -4.87 (VIOLATED)
io_hyperbus_rwds_PAD                    0.50    5.37   -4.87 (VIOLATED)
sg13g2_IOPad_io_hyperbus_dq_0/pad       0.50    5.37   -4.87 (VIOLATED)
sg13g2_IOPad_io_hyperbus_dq_1/pad       0.50    5.37   -4.87 (VIOLATED)
sg13g2_IOPad_io_hyperbus_dq_2/pad       0.50    5.37   -4.87 (VIOLATED)
sg13g2_IOPad_io_hyperbus_dq_3/pad       0.50    5.37   -4.87 (VIOLATED)
sg13g2_IOPad_io_hyperbus_dq_4/pad       0.50    5.37   -4.87 (VIOLATED)
sg13g2_IOPad_io_hyperbus_dq_5/pad       0.50    5.37   -4.87 (VIOLATED)
sg13g2_IOPad_io_hyperbus_dq_6/pad       0.50    5.37   -4.87 (VIOLATED)
sg13g2_IOPad_io_hyperbus_dq_7/pad       0.50    5.37   -4.87 (VIOLATED)
sg13g2_IOPad_io_hyperbus_rwds/pad       0.50    5.37   -4.87 (VIOLATED)
io_clock_PAD                            0.50    5.24   -4.74 (VIOLATED)
io_jtag_tck_PAD                         0.50    5.24   -4.74 (VIOLATED)
io_jtag_tdi_PAD                         0.50    5.24   -4.74 (VIOLATED)
io_jtag_tms_PAD                         0.50    5.24   -4.74 (VIOLATED)
io_reset_PAD                            0.50    5.24   -4.74 (VIOLATED)
io_pins_0_PAD                           0.50    5.21   -4.71 (VIOLATED)
io_pins_10_PAD                          0.50    5.21   -4.71 (VIOLATED)
io_pins_11_PAD                          0.50    5.21   -4.71 (VIOLATED)
io_pins_12_PAD                          0.50    5.21   -4.71 (VIOLATED)
io_pins_13_PAD                          0.50    5.21   -4.71 (VIOLATED)
io_pins_14_PAD                          0.50    5.21   -4.71 (VIOLATED)
io_pins_15_PAD                          0.50    5.21   -4.71 (VIOLATED)
io_pins_16_PAD                          0.50    5.21   -4.71 (VIOLATED)
io_pins_17_PAD                          0.50    5.21   -4.71 (VIOLATED)
io_pins_18_PAD                          0.50    5.21   -4.71 (VIOLATED)
io_pins_19_PAD                          0.50    5.21   -4.71 (VIOLATED)
io_pins_1_PAD                           0.50    5.21   -4.71 (VIOLATED)
io_pins_2_PAD                           0.50    5.21   -4.71 (VIOLATED)
io_pins_3_PAD                           0.50    5.21   -4.71 (VIOLATED)
io_pins_4_PAD                           0.50    5.21   -4.71 (VIOLATED)
io_pins_5_PAD                           0.50    5.21   -4.71 (VIOLATED)
io_pins_6_PAD                           0.50    5.21   -4.71 (VIOLATED)
io_pins_7_PAD                           0.50    5.21   -4.71 (VIOLATED)
io_pins_8_PAD                           0.50    5.21   -4.71 (VIOLATED)
io_pins_9_PAD                           0.50    5.21   -4.71 (VIOLATED)
io_spi_dq_0_PAD                         0.50    5.21   -4.71 (VIOLATED)
io_spi_dq_1_PAD                         0.50    5.21   -4.71 (VIOLATED)
io_spi_dq_2_PAD                         0.50    5.21   -4.71 (VIOLATED)
io_spi_dq_3_PAD                         0.50    5.21   -4.71 (VIOLATED)
sg13g2_IOPad_io_pins_0/pad              0.50    5.21   -4.71 (VIOLATED)
sg13g2_IOPad_io_pins_1/pad              0.50    5.21   -4.71 (VIOLATED)
sg13g2_IOPad_io_pins_10/pad             0.50    5.21   -4.71 (VIOLATED)
sg13g2_IOPad_io_pins_11/pad             0.50    5.21   -4.71 (VIOLATED)
sg13g2_IOPad_io_pins_12/pad             0.50    5.21   -4.71 (VIOLATED)
sg13g2_IOPad_io_pins_13/pad             0.50    5.21   -4.71 (VIOLATED)
sg13g2_IOPad_io_pins_14/pad             0.50    5.21   -4.71 (VIOLATED)
sg13g2_IOPad_io_pins_15/pad             0.50    5.21   -4.71 (VIOLATED)
sg13g2_IOPad_io_pins_16/pad             0.50    5.21   -4.71 (VIOLATED)
sg13g2_IOPad_io_pins_17/pad             0.50    5.21   -4.71 (VIOLATED)
sg13g2_IOPad_io_pins_18/pad             0.50    5.21   -4.71 (VIOLATED)
sg13g2_IOPad_io_pins_19/pad             0.50    5.21   -4.71 (VIOLATED)
sg13g2_IOPad_io_pins_2/pad              0.50    5.21   -4.71 (VIOLATED)
sg13g2_IOPad_io_pins_3/pad              0.50    5.21   -4.71 (VIOLATED)
sg13g2_IOPad_io_pins_4/pad              0.50    5.21   -4.71 (VIOLATED)
sg13g2_IOPad_io_pins_5/pad              0.50    5.21   -4.71 (VIOLATED)
sg13g2_IOPad_io_pins_6/pad              0.50    5.21   -4.71 (VIOLATED)
sg13g2_IOPad_io_pins_7/pad              0.50    5.21   -4.71 (VIOLATED)
sg13g2_IOPad_io_pins_8/pad              0.50    5.21   -4.71 (VIOLATED)
sg13g2_IOPad_io_pins_9/pad              0.50    5.21   -4.71 (VIOLATED)
sg13g2_IOPad_io_spi_dq_0/pad            0.50    5.21   -4.71 (VIOLATED)
sg13g2_IOPad_io_spi_dq_1/pad            0.50    5.21   -4.71 (VIOLATED)
sg13g2_IOPad_io_spi_dq_2/pad            0.50    5.21   -4.71 (VIOLATED)
sg13g2_IOPad_io_spi_dq_3/pad            0.50    5.21   -4.71 (VIOLATED)
io_forFutureUse_0_PAD                   0.50    5.00   -4.50 (VIOLATED)
io_forFutureUse_1_PAD                   0.50    5.00   -4.50 (VIOLATED)
io_forFutureUse_2_PAD                   0.50    5.00   -4.50 (VIOLATED)
io_hyperbus_ck_PAD                      0.50    5.00   -4.50 (VIOLATED)
io_hyperbus_cs_0_PAD                    0.50    5.00   -4.50 (VIOLATED)
io_hyperbus_cs_1_PAD                    0.50    5.00   -4.50 (VIOLATED)
io_hyperbus_reset_PAD                   0.50    5.00   -4.50 (VIOLATED)
io_jtag_tdo_PAD                         0.50    5.00   -4.50 (VIOLATED)
io_spi_cs_0_PAD                         0.50    5.00   -4.50 (VIOLATED)
io_spi_sck_PAD                          0.50    5.00   -4.50 (VIOLATED)
sg13g2_IOPad_io_hyperbus_ck/pad         0.50    5.00   -4.50 (VIOLATED)
sg13g2_IOPad_io_hyperbus_cs_0/pad       0.50    5.00   -4.50 (VIOLATED)
sg13g2_IOPad_io_hyperbus_cs_1/pad       0.50    5.00   -4.50 (VIOLATED)
sg13g2_IOPad_io_hyperbus_reset/pad      0.50    5.00   -4.50 (VIOLATED)
sg13g2_IOPad_io_jtag_tdo/pad            0.50    5.00   -4.50 (VIOLATED)
sg13g2_IOPad_io_spi_cs_0/pad            0.50    5.00   -4.50 (VIOLATED)
sg13g2_IOPad_io_spi_sck/pad             0.50    5.00   -4.50 (VIOLATED)
soc.peripherals_aesCtrl.ctrl.ram/A_DOUT[2]    0.00    0.01   -0.01 (VIOLATED)
soc.peripherals_aesCtrl.ctrl.ram/A_DOUT[0]    0.00    0.01   -0.01 (VIOLATED)
soc.peripherals_aesCtrl.ctrl.ram/A_DOUT[6]    0.00    0.01   -0.01 (VIOLATED)
soc.peripherals_aesCtrl.ctrl.ram/A_DOUT[3]    0.00    0.01   -0.01 (VIOLATED)
soc.peripherals_aesCtrl.ctrl.ram/A_DOUT[7]    0.00    0.01   -0.01 (VIOLATED)
soc.peripherals_aesCtrl.ctrl.ram/A_DOUT[21]    0.00    0.01   -0.01 (VIOLATED)
soc.peripherals_aesCtrl.ctrl.ram/A_DOUT[20]    0.00    0.01   -0.01 (VIOLATED)
soc.peripherals_aesCtrl.ctrl.ram/A_DOUT[22]    0.00    0.01   -0.01 (VIOLATED)
soc.peripherals_aesCtrl.ctrl.ram/A_DOUT[24]    0.00    0.00   -0.00 (VIOLATED)
soc.peripherals_aesCtrl.ctrl.ram/A_DOUT[25]    0.00    0.00   -0.00 (VIOLATED)
soc.peripherals_aesCtrl.ctrl.ram/A_DOUT[27]    0.00    0.00   -0.00 (VIOLATED)
soc.peripherals_aesCtrl.ctrl.ram/A_DOUT[19]    0.00    0.00   -0.00 (VIOLATED)
soc.peripherals_aesCtrl.ctrl.ram/A_DOUT[13]    0.00    0.00   -0.00 (VIOLATED)
soc.peripherals_aesCtrl.ctrl.ram/A_DOUT[15]    0.00    0.00   -0.00 (VIOLATED)
soc.peripherals_aesCtrl.ctrl.ram/A_DOUT[14]    0.00    0.00   -0.00 (VIOLATED)
soc.peripherals_aesCtrl.ctrl.ram/A_DOUT[16]    0.00    0.00   -0.00 (VIOLATED)
soc.peripherals_aesCtrl.ctrl.ram/A_DOUT[17]    0.00    0.00   -0.00 (VIOLATED)
soc.peripherals_aesCtrl.ctrl.ram/A_DOUT[11]    0.00    0.00   -0.00 (VIOLATED)
soc.peripherals_aesCtrl.ctrl.ram/A_DOUT[18]    0.00    0.00   -0.00 (VIOLATED)
soc.peripherals_aesCtrl.ctrl.ram/A_DOUT[12]    0.00    0.00   -0.00 (VIOLATED)
soc.peripherals_aesCtrl.ctrl.ram/A_DOUT[10]    0.00    0.00   -0.00 (VIOLATED)
soc.peripherals_aesCtrl.ctrl.ram/A_DOUT[9]    0.00    0.00   -0.00 (VIOLATED)
soc.peripherals_aesCtrl.ctrl.ram/A_DOUT[8]    0.00    0.00   -0.00 (VIOLATED)
soc.system_onChipCtrl.engine_ram/A_DOUT[3]    0.00    0.00   -0.00 (VIOLATED)
soc.system_onChipCtrl.engine_ram/A_DOUT[7]    0.00    0.00   -0.00 (VIOLATED)
soc.system_onChipCtrl.engine_ram/A_DOUT[6]    0.00    0.00   -0.00 (VIOLATED)
soc.system_onChipCtrl.engine_ram/A_DOUT[5]    0.00    0.00   -0.00 (VIOLATED)
soc.system_onChipCtrl.engine_ram/A_DOUT[4]    0.00    0.00   -0.00 (VIOLATED)
soc.system_onChipCtrl.engine_ram/A_DOUT[2]    0.00    0.00   -0.00 (VIOLATED)
soc.system_onChipCtrl.engine_ram/A_DOUT[1]    0.00    0.00   -0.00 (VIOLATED)
soc.peripherals_aesCtrl.ctrl.ram/A_DOUT[26]    0.00    0.00   -0.00 (VIOLATED)
soc.system_onChipCtrl.engine_ram/A_DOUT[0]    0.00    0.00   -0.00 (VIOLATED)
soc.peripherals_aesCtrl.ctrl.ram/A_DOUT[4]    0.00    0.00   -0.00 (VIOLATED)
soc.peripherals_aesCtrl.ctrl.ram/A_DOUT[5]    0.00    0.00   -0.00 (VIOLATED)
soc.peripherals_aesCtrl.ctrl.ram/A_DOUT[1]    0.00    0.00   -0.00 (VIOLATED)
soc.peripherals_aesCtrl.ctrl.ram/A_DOUT[23]    0.00    0.00   -0.00 (VIOLATED)


==========================================================================
resizer max_slew_check_slack
--------------------------------------------------------------------------
-3.7175440788269043

==========================================================================
resizer max_slew_check_limit
--------------------------------------------------------------------------
1.2000000476837158

==========================================================================
resizer max_slew_check_slack_limit
--------------------------------------------------------------------------
-3.0980

==========================================================================
resizer max_fanout_check_slack
--------------------------------------------------------------------------
0.0

==========================================================================
resizer max_fanout_check_limit
--------------------------------------------------------------------------
8.0

==========================================================================
resizer max_fanout_check_slack_limit
--------------------------------------------------------------------------
0.0000

==========================================================================
resizer max_capacitance_check_slack
--------------------------------------------------------------------------
-4.874009132385254

==========================================================================
resizer max_capacitance_check_limit
--------------------------------------------------------------------------
0.5

==========================================================================
resizer max_capacitance_check_slack_limit
--------------------------------------------------------------------------
-9.7480

==========================================================================
resizer max_slew_violation_count
--------------------------------------------------------------------------
max slew violation count 64

==========================================================================
resizer max_fanout_violation_count
--------------------------------------------------------------------------
max fanout violation count 0

==========================================================================
resizer max_cap_violation_count
--------------------------------------------------------------------------
max cap violation count 124

==========================================================================
resizer setup_violation_count
--------------------------------------------------------------------------
setup violation count 0

==========================================================================
resizer hold_violation_count
--------------------------------------------------------------------------
hold violation count 44

==========================================================================
resizer report_checks -path_delay max reg to reg
--------------------------------------------------------------------------
Startpoint: soc.system_core_cpu.decode_to_execute_RS1[1]$_DFFE_PN_
            (rising edge-triggered flip-flop clocked by clk_core)
Endpoint: soc.system_core_cpu.execute_to_memory_MUL_LH[31]$_DFFE_PP_
          (rising edge-triggered flip-flop clocked by clk_core)
Path Group: clk_core
Path Type: max

  Delay    Time   Description
---------------------------------------------------------
   0.00    0.00   clock clk_core (rise edge)
   0.00    0.00   clock network delay (ideal)
   0.00    0.00 ^ soc.system_core_cpu.decode_to_execute_RS1[1]$_DFFE_PN_/CLK (sg13g2_dfrbp_1)
   0.30    0.30 ^ soc.system_core_cpu.decode_to_execute_RS1[1]$_DFFE_PN_/Q (sg13g2_dfrbp_1)
   0.08    0.38 ^ _126942_/X (sg13g2_buf_1)
   0.08    0.46 ^ _126943_/X (sg13g2_buf_1)
   0.08    0.54 ^ _126944_/X (sg13g2_buf_1)
   0.09    0.63 ^ _126945_/X (sg13g2_buf_1)
   0.08    0.71 ^ _126946_/X (sg13g2_buf_1)
   0.08    0.79 ^ _126947_/X (sg13g2_buf_1)
   0.08    0.88 ^ _126948_/X (sg13g2_buf_1)
   0.08    0.96 ^ _126949_/X (sg13g2_buf_1)
   0.09    1.04 ^ _126950_/X (sg13g2_buf_1)
   0.08    1.12 ^ _126951_/X (sg13g2_buf_1)
   0.08    1.21 ^ _187793_/X (sg13g2_buf_1)
   0.09    1.29 ^ _187794_/X (sg13g2_buf_1)
   0.09    1.38 ^ _187795_/X (sg13g2_buf_1)
   0.09    1.47 ^ _187796_/X (sg13g2_buf_1)
   0.09    1.55 ^ _187797_/X (sg13g2_buf_1)
   0.09    1.65 ^ _187798_/X (sg13g2_buf_1)
   0.09    1.73 ^ _187799_/X (sg13g2_buf_1)
   0.08    1.82 ^ _187800_/X (sg13g2_buf_1)
   0.09    1.90 ^ _187801_/X (sg13g2_buf_1)
   0.09    1.99 ^ _187802_/X (sg13g2_buf_1)
   0.06    2.05 v _187803_/Y (sg13g2_nand2_1)
   0.09    2.14 ^ _187804_/X (sg13g2_xor2_1)
   0.10    2.24 ^ _187805_/X (sg13g2_buf_1)
   0.10    2.33 ^ _187806_/X (sg13g2_xor2_1)
   0.09    2.43 ^ _187807_/X (sg13g2_buf_1)
   0.10    2.53 ^ _187808_/X (sg13g2_xor2_1)
   0.10    2.63 ^ _187809_/X (sg13g2_buf_1)
   0.09    2.71 ^ _187836_/X (sg13g2_buf_8)
   0.15    2.86 v _187837_/X (sg13g2_mux2_1)
   0.06    2.93 v _187838_/X (sg13g2_buf_1)
   0.13    3.06 ^ _187859_/Y (sg13g2_nor4_1)
   0.10    3.16 ^ _187860_/X (sg13g2_buf_1)
   0.09    3.24 ^ _187861_/X (sg13g2_buf_1)
   0.05    3.29 v _188453_/Y (sg13g2_nand2_1)
   0.07    3.37 v _188454_/X (sg13g2_buf_1)
   0.04    3.41 ^ _188455_/Y (sg13g2_nand3b_1)
   0.06    3.47 ^ _188456_/X (sg13g2_buf_1)
   0.07    3.54 v _188457_/Y (sg13g2_nand3b_1)
   0.08    3.62 v _188458_/X (sg13g2_buf_1)
   0.08    3.70 ^ _188632_/Y (sg13g2_o21ai_1)
   0.09    3.80 ^ _188633_/X (sg13g2_buf_1)
   0.11    3.91 ^ _189006_/X (sg13g2_a21o_1)
   0.08    3.99 ^ _189007_/X (sg13g2_buf_1)
   0.06    4.05 v _189395_/Y (sg13g2_a21oi_1)
   0.08    4.13 v _189396_/X (sg13g2_buf_1)
   0.08    4.20 ^ _189952_/Y (sg13g2_o21ai_1)
   0.09    4.30 ^ _189953_/X (sg13g2_buf_1)
   0.10    4.40 ^ _190562_/X (sg13g2_a21o_1)
   0.06    4.46 ^ _190563_/X (sg13g2_buf_1)
   0.06    4.51 v _190565_/Y (sg13g2_a21oi_1)
   0.08    4.59 v _190566_/X (sg13g2_buf_1)
   0.12    4.71 ^ _190720_/Y (sg13g2_nor4_1)
   0.10    4.81 ^ _190721_/X (sg13g2_buf_1)
   0.05    4.87 v _191001_/Y (sg13g2_o21ai_1)
   0.08    4.95 v _191002_/X (sg13g2_buf_1)
   0.04    4.99 ^ _191148_/Y (sg13g2_nand3_1)
   0.06    5.05 ^ _191149_/X (sg13g2_buf_1)
   0.05    5.11 v _191151_/Y (sg13g2_a21oi_1)
   0.07    5.18 v _191152_/X (sg13g2_buf_1)
   0.07    5.25 ^ _191273_/Y (sg13g2_o21ai_1)
   0.08    5.33 ^ _191274_/X (sg13g2_buf_1)
   0.06    5.39 v _191277_/Y (sg13g2_a22oi_1)
   0.07    5.46 v _191278_/X (sg13g2_buf_1)
   0.07    5.53 ^ _191290_/Y (sg13g2_o21ai_1)
   0.08    5.62 ^ _191291_/X (sg13g2_buf_1)
   0.06    5.67 v _191292_/Y (sg13g2_xnor2_1)
   0.08    5.75 ^ _191296_/Y (sg13g2_o21ai_1)
   0.07    5.83 ^ _191297_/X (sg13g2_buf_1)
   0.00    5.83 ^ soc.system_core_cpu.execute_to_memory_MUL_LH[31]$_DFFE_PP_/D (sg13g2_dfrbp_1)
           5.83   data arrival time

  50.00   50.00   clock clk_core (rise edge)
   0.00   50.00   clock network delay (ideal)
  -0.15   49.85   clock uncertainty
   0.00   49.85   clock reconvergence pessimism
          49.85 ^ soc.system_core_cpu.execute_to_memory_MUL_LH[31]$_DFFE_PP_/CLK (sg13g2_dfrbp_1)
  -0.08   49.77   library setup time
          49.77   data required time
---------------------------------------------------------
          49.77   data required time
          -5.83   data arrival time
---------------------------------------------------------
          43.95   slack (MET)


Startpoint: soc.jtagBridge_1.jtag_tap_fsm_state[3]$_DFF_P_
            (rising edge-triggered flip-flop clocked by clk_jtag)
Endpoint: soc.jtagBridge_1.jtag_tap_tdoUnbufferd_regNext$_DFF_N_
          (rising edge-triggered flip-flop clocked by clk_jtag')
Path Group: clk_jtag
Path Type: max

  Delay    Time   Description
---------------------------------------------------------
   0.00    0.00   clock clk_jtag (rise edge)
   0.00    0.00   clock network delay (ideal)
   0.00    0.00 ^ soc.jtagBridge_1.jtag_tap_fsm_state[3]$_DFF_P_/CLK (sg13g2_dfrbp_1)
   0.28    0.28 ^ soc.jtagBridge_1.jtag_tap_fsm_state[3]$_DFF_P_/Q (sg13g2_dfrbp_1)
   0.07    0.35 ^ _123210_/X (sg13g2_buf_1)
   0.03    0.38 v _123211_/Y (sg13g2_inv_1)
   0.07    0.45 v _123212_/X (sg13g2_buf_1)
   0.05    0.50 ^ _123213_/Y (sg13g2_nor2_1)
   0.08    0.58 ^ _123214_/X (sg13g2_buf_1)
   0.03    0.61 v _123215_/Y (sg13g2_inv_1)
   0.06    0.68 v _123216_/X (sg13g2_buf_1)
   0.08    0.75 v _123217_/X (sg13g2_buf_1)
   0.07    0.83 ^ _123218_/Y (sg13g2_nor3_1)
   0.10    0.92 ^ _123219_/X (sg13g2_buf_1)
   0.08    1.00 ^ _123220_/X (sg13g2_buf_1)
   0.08    1.09 ^ _123221_/X (sg13g2_buf_1)
   0.09    1.18 ^ _123222_/X (sg13g2_buf_1)
   0.09    1.27 v _228941_/Y (sg13g2_nand4_1)
   0.08    1.35 v _228942_/X (sg13g2_buf_1)
   0.12    1.47 ^ _228943_/Y (sg13g2_o21ai_1)
   0.13    1.60 ^ _228944_/X (sg13g2_buf_1)
   0.00    1.60 ^ soc.jtagBridge_1.jtag_tap_tdoUnbufferd_regNext$_DFF_N_/D (sg13g2_dfrbp_1)
           1.60   data arrival time

  50.00   50.00   clock clk_jtag' (rise edge)
   0.00   50.00   clock network delay (ideal)
  -0.15   49.85   clock uncertainty
   0.00   49.85   clock reconvergence pessimism
          49.85 ^ soc.jtagBridge_1.jtag_tap_tdoUnbufferd_regNext$_DFF_N_/CLK (sg13g2_dfrbp_1)
  -0.08   49.77   library setup time
          49.77   data required time
---------------------------------------------------------
          49.77   data required time
          -1.60   data arrival time
---------------------------------------------------------
          48.17   slack (MET)



==========================================================================
resizer report_checks -path_delay min reg to reg
--------------------------------------------------------------------------
Startpoint: soc.peripherals_aesCtrl.ctrl.mCounter[4]$_SDFFE_PN0P_
            (rising edge-triggered flip-flop clocked by clk_core)
Endpoint: soc.peripherals_aesCtrl.ctrl.ram
          (rising edge-triggered flip-flop clocked by clk_core)
Path Group: clk_core
Path Type: min

  Delay    Time   Description
---------------------------------------------------------
   0.00    0.00   clock clk_core (rise edge)
   0.00    0.00   clock network delay (ideal)
   0.00    0.00 ^ soc.peripherals_aesCtrl.ctrl.mCounter[4]$_SDFFE_PN0P_/CLK (sg13g2_dfrbp_1)
   0.29    0.29 ^ soc.peripherals_aesCtrl.ctrl.mCounter[4]$_SDFFE_PN0P_/Q (sg13g2_dfrbp_1)
   0.06    0.35 ^ hold57/X (sg13g2_buf_1)
   0.07    0.42 ^ hold2/X (sg13g2_buf_1)
   0.00    0.42 ^ soc.peripherals_aesCtrl.ctrl.ram/A_ADDR[4] (RM_IHPSG13_1P_512x32_c2_bm_bist)
           0.42   data arrival time

   0.00    0.00   clock clk_core (rise edge)
   0.00    0.00   clock network delay (ideal)
   0.15    0.15   clock uncertainty
   0.00    0.15   clock reconvergence pessimism
           0.15 ^ soc.peripherals_aesCtrl.ctrl.ram/A_CLK (RM_IHPSG13_1P_512x32_c2_bm_bist)
   0.70    0.85   library hold time
           0.85   data required time
---------------------------------------------------------
           0.85   data required time
          -0.42   data arrival time
---------------------------------------------------------
          -0.43   slack (VIOLATED)


Startpoint: soc.jtagBridge_1.jtag_idcodeArea_shifter[31]$_SDFFE_PP0P_
            (rising edge-triggered flip-flop clocked by clk_jtag)
Endpoint: soc.jtagBridge_1.jtag_idcodeArea_shifter[30]$_SDFFE_PP0P_
          (rising edge-triggered flip-flop clocked by clk_jtag)
Path Group: clk_jtag
Path Type: min

  Delay    Time   Description
---------------------------------------------------------
   0.00    0.00   clock clk_jtag (rise edge)
   0.00    0.00   clock network delay (ideal)
   0.00    0.00 ^ soc.jtagBridge_1.jtag_idcodeArea_shifter[31]$_SDFFE_PP0P_/CLK (sg13g2_dfrbp_1)
   0.27    0.27 v soc.jtagBridge_1.jtag_idcodeArea_shifter[31]$_SDFFE_PP0P_/Q (sg13g2_dfrbp_1)
   0.07    0.34 v _215982_/X (sg13g2_buf_1)
   0.03    0.37 ^ _215983_/Y (sg13g2_nand2_1)
   0.05    0.42 v _215985_/Y (sg13g2_a21oi_1)
   0.00    0.42 v soc.jtagBridge_1.jtag_idcodeArea_shifter[30]$_SDFFE_PP0P_/D (sg13g2_dfrbp_1)
           0.42   data arrival time

   0.00    0.00   clock clk_jtag (rise edge)
   0.00    0.00   clock network delay (ideal)
   0.15    0.15   clock uncertainty
   0.00    0.15   clock reconvergence pessimism
           0.15 ^ soc.jtagBridge_1.jtag_idcodeArea_shifter[30]$_SDFFE_PP0P_/CLK (sg13g2_dfrbp_1)
   0.02    0.17   library hold time
           0.17   data required time
---------------------------------------------------------
           0.17   data required time
          -0.42   data arrival time
---------------------------------------------------------
           0.25   slack (MET)



==========================================================================
resizer critical path target clock latency max path
--------------------------------------------------------------------------
0

==========================================================================
resizer critical path target clock latency min path
--------------------------------------------------------------------------
0

==========================================================================
resizer critical path source clock latency min path
--------------------------------------------------------------------------
0

==========================================================================
resizer critical path delay
--------------------------------------------------------------------------
5.8263

==========================================================================
resizer critical path slack
--------------------------------------------------------------------------
43.9470

==========================================================================
resizer slack div critical path delay
--------------------------------------------------------------------------
754.286597

==========================================================================
resizer report_power
--------------------------------------------------------------------------
Group                  Internal  Switching    Leakage      Total
                          Power      Power      Power      Power (Watts)
----------------------------------------------------------------
Sequential             3.10e-03   8.97e-05   5.18e-06   3.20e-03  26.3%
Combinational          5.24e-03   3.12e-03   1.42e-05   8.37e-03  68.7%
Clock                  1.51e-08   8.40e-09   1.73e-10   2.37e-08   0.0%
Macro                  3.18e-05   0.00e+00   2.97e-07   3.21e-05   0.3%
Pad                    4.87e-05   5.28e-04   9.58e-08   5.77e-04   4.7%
----------------------------------------------------------------
Total                  8.42e-03   3.74e-03   1.98e-05   1.22e-02 100.0%
                          69.1%      30.7%       0.2%
