violation type: Short
	srcs: net:_081607_ net:_081719_
	bbox = (807.1850, 928.9400) - (807.3850, 929.1400) on Layer Metal2
violation type: Short
	srcs: net:_082206_ net:_083067_
	bbox = (807.2600, 1012.1000) - (807.4600, 1012.3000) on Layer Metal2
violation type: Short
	srcs: net:_082044_ net:_082049_
	bbox = (801.5700, 966.7400) - (801.7700, 966.9400) on Layer Metal2
violation type: Short
	srcs: net:_083562_ net:_083563_
	bbox = (813.1400, 990.6800) - (813.3400, 990.8800) on Layer Metal2
violation type: Short
	srcs: net:_083563_ net:_083564_
	bbox = (814.1550, 990.6800) - (814.3550, 990.8800) on Layer Metal2
violation type: Short
	srcs: net:_083669_ net:_083964_
	bbox = (797.2500, 984.8000) - (797.3800, 985.0000) on Layer Metal2
violation type: Short
	srcs: net:_083669_ net:_083964_
	bbox = (797.2500, 984.8000) - (797.4500, 985.0000) on Layer Metal2
violation type: Short
	srcs: net:_083669_ net:_083964_
	bbox = (797.2500, 984.8150) - (797.3800, 985.0000) on Layer Metal2
violation type: Short
	srcs: net:_083669_ net:_083964_
	bbox = (797.2500, 984.8150) - (797.4500, 985.0000) on Layer Metal2
violation type: Short
	srcs: net:_082070_ net:_083564_
	bbox = (814.8300, 989.0000) - (815.0300, 989.2000) on Layer Metal2
violation type: Short
	srcs: net:_069004_ net:_082204_
	bbox = (776.0600, 1009.5800) - (776.2600, 1009.7800) on Layer Metal2
violation type: Short
	srcs: net:_067910_ net:_083892_
	bbox = (838.4000, 1027.6400) - (838.6000, 1027.8400) on Layer Metal2
violation type: Short
	srcs: net:_097704_ net:_097705_
	bbox = (1905.2000, 1541.7200) - (1905.4000, 1541.9200) on Layer Metal2
violation type: Short
	srcs: net:_062733_ net:_072331_
	bbox = (751.1000, 1122.1400) - (751.3000, 1122.3400) on Layer Metal2
violation type: Short
	srcs: net:_072287_ net:_072331_
	bbox = (755.9000, 1121.7200) - (756.1000, 1121.9200) on Layer Metal2
violation type: Short
	srcs: net:_072287_ net:_084020_
	bbox = (755.9000, 1120.9050) - (756.1000, 1121.0800) on Layer Metal2
violation type: Short
	srcs: net:_072287_ net:_084020_
	bbox = (755.9000, 1120.9050) - (756.1000, 1121.1050) on Layer Metal2
violation type: Short
	srcs: net:_072287_ net:_084020_
	bbox = (755.9000, 1120.9050) - (756.1000, 1121.0100) on Layer Metal2
violation type: Short
	srcs: net:_000720_ net:_072287_
	bbox = (756.8600, 1122.1400) - (757.0600, 1122.3400) on Layer Metal2
violation type: Short
	srcs: net:_032926_ net:_081861_
	bbox = (754.4600, 1117.9400) - (754.6600, 1118.1400) on Layer Metal2
violation type: Short
	srcs: net:_032927_ net:_082715_
	bbox = (753.5000, 1118.7800) - (753.7000, 1118.9800) on Layer Metal2
violation type: Short
	srcs: net:_032926_ net:_032927_
	bbox = (753.5000, 1118.3600) - (753.7000, 1118.5600) on Layer Metal2
violation type: Short
	srcs: net:_032927_ net:_072336_
	bbox = (752.5000, 1120.0400) - (752.7000, 1120.2400) on Layer Metal2
violation type: Short
	srcs: net:_032927_ net:_072336_
	bbox = (752.5500, 1120.0400) - (752.7000, 1120.2400) on Layer Metal2
violation type: Short
	srcs: net:_032927_ net:_072336_
	bbox = (752.5500, 1120.0400) - (752.7500, 1120.2400) on Layer Metal2
violation type: Short
	srcs: net:_032927_ net:_072336_
	bbox = (752.5000, 1120.0400) - (752.7500, 1120.2400) on Layer Metal2
violation type: Short
	srcs: net:_004172_ net:_072331_
	bbox = (749.6600, 1121.7200) - (749.8600, 1121.9200) on Layer Metal2
violation type: Short
	srcs: net:_032916_ net:_081406_
	bbox = (754.4600, 1122.1400) - (754.6600, 1122.3400) on Layer Metal2
violation type: Short
	srcs: net:_032916_ net:_081406_
	bbox = (754.4600, 1122.1400) - (754.6050, 1122.3400) on Layer Metal2
violation type: Short
	srcs: net:_032916_ net:_081406_
	bbox = (754.4150, 1122.1400) - (754.7050, 1122.3400) on Layer Metal2
violation type: Short
	srcs: net:_000720_ net:_084020_
	bbox = (756.8600, 1120.8100) - (757.0600, 1121.0100) on Layer Metal2
violation type: Short
	srcs: net:_000720_ net:_084020_
	bbox = (756.8600, 1120.8100) - (757.0600, 1121.0800) on Layer Metal2
violation type: Short
	srcs: net:_000720_ net:_084020_
	bbox = (756.8600, 1120.8800) - (757.0600, 1121.0100) on Layer Metal2
violation type: Short
	srcs: net:_000720_ net:_084020_
	bbox = (756.8600, 1120.8800) - (757.0600, 1121.0800) on Layer Metal2
violation type: Short
	srcs: net:_000720_ net:_084020_
	bbox = (756.8600, 1120.9050) - (757.0600, 1121.0800) on Layer Metal2
violation type: Short
	srcs: net:_000720_ net:_084020_
	bbox = (756.8600, 1120.9050) - (757.0600, 1121.0100) on Layer Metal2
violation type: Short
	srcs: net:_000720_ net:_072331_
	bbox = (756.8600, 1121.7200) - (757.0600, 1121.9200) on Layer Metal2
violation type: Short
	srcs: net:_030556_ net:_030572_
	bbox = (789.9250, 1109.1200) - (790.1250, 1109.3200) on Layer Metal2
violation type: Short
	srcs: net:_030556_ net:_030572_
	bbox = (789.8700, 1109.1200) - (790.1600, 1109.3200) on Layer Metal2
violation type: Short
	srcs: net:_080777_ net:_080789_
	bbox = (808.6300, 1096.9400) - (808.8300, 1097.1400) on Layer Metal2
violation type: Short
	srcs: net:_080875_ net:_080877_
	bbox = (817.5800, 1097.3600) - (817.7800, 1097.5600) on Layer Metal2
violation type: Short
	srcs: net:_080875_ net:_080877_
	bbox = (817.5800, 1097.3600) - (818.0200, 1097.5600) on Layer Metal2
violation type: Short
	srcs: net:_080875_ net:_080877_
	bbox = (817.8200, 1097.3600) - (818.0200, 1097.5600) on Layer Metal2
violation type: Short
	srcs: net:_080739_ net:_080877_
	bbox = (823.5800, 1099.4600) - (823.7800, 1099.6600) on Layer Metal2
violation type: Short
	srcs: net:_078960_ net:_080877_
	bbox = (819.2600, 1097.7800) - (819.4600, 1097.9800) on Layer Metal3
violation type: Short
	srcs: net:_041793_ net:_041794_
	bbox = (997.3400, 1078.0400) - (997.5400, 1078.2400) on Layer Metal2
violation type: Short
	srcs: net:_082061_ net:_082204_
	bbox = (841.8200, 1002.0200) - (842.0200, 1002.2200) on Layer Metal2
violation type: Short
	srcs: net:_037325_ net:_081577_
	bbox = (857.0900, 1131.1700) - (857.1400, 1131.3700) on Layer Metal2
violation type: Short
	srcs: net:_037325_ net:_081577_
	bbox = (856.9400, 1131.1700) - (857.1400, 1131.3700) on Layer Metal2
violation type: Short
	srcs: net:_081746_ net:_083327_
	bbox = (858.7700, 1136.2100) - (858.8200, 1136.2250) on Layer Metal2
violation type: Short
	srcs: net:_081938_ net:_083983_
	bbox = (884.0600, 1134.7400) - (884.2600, 1134.9400) on Layer Metal2
violation type: Short
	srcs: net:_061432_ net:_083983_
	bbox = (905.5950, 1131.8000) - (905.7950, 1132.0000) on Layer Metal2
violation type: Short
	srcs: net:_081879_ net:_083983_
	bbox = (884.0600, 1135.1600) - (884.2600, 1135.3600) on Layer Metal2
violation type: Short
	srcs: net:_072070_ net:_072318_
	bbox = (749.1800, 1115.0000) - (749.3800, 1115.2000) on Layer Metal2
violation type: Short
	srcs: net:_072209_ net:_083539_
	bbox = (744.1750, 1093.1600) - (744.3750, 1093.3600) on Layer Metal2
violation type: Short
	srcs: net:_071843_ net:_083539_
	bbox = (744.1750, 1090.6650) - (744.3750, 1090.8400) on Layer Metal2
violation type: Short
	srcs: net:_071843_ net:_083539_
	bbox = (744.1750, 1090.6650) - (744.3750, 1090.8650) on Layer Metal2
violation type: Short
	srcs: net:_071843_ net:_083539_
	bbox = (744.1750, 1090.6650) - (744.3400, 1090.8950) on Layer Metal2
violation type: Short
	srcs: net:_071843_ net:_083539_
	bbox = (744.1750, 1090.6950) - (744.3750, 1090.8650) on Layer Metal2
violation type: Short
	srcs: net:_071843_ net:_083539_
	bbox = (744.1750, 1090.6950) - (744.3400, 1090.8950) on Layer Metal2
violation type: Short
	srcs: net:_071843_ net:_083539_
	bbox = (744.1750, 1090.6950) - (744.3750, 1090.8400) on Layer Metal2
violation type: Short
	srcs: net:_071843_ net:_083539_
	bbox = (744.1750, 1090.6400) - (744.3750, 1090.8400) on Layer Metal2
violation type: Short
	srcs: net:_071843_ net:_083539_
	bbox = (744.1750, 1090.6400) - (744.3750, 1090.8650) on Layer Metal2
violation type: Short
	srcs: net:_071843_ net:_083539_
	bbox = (744.1750, 1090.6400) - (744.3400, 1090.8950) on Layer Metal2
violation type: Short
	srcs: net:_081841_ net:VSS
	bbox = (861.0200, 1122.5600) - (861.2200, 1122.7600) on Layer Metal2
violation type: Short
	srcs: net:_081665_ net:_083138_
	bbox = (894.0850, 1054.1000) - (894.2850, 1054.3000) on Layer Metal2
violation type: Short
	srcs: net:_083717_ net:_083718_
	bbox = (884.7650, 1059.9800) - (884.9650, 1060.1800) on Layer Metal2
violation type: Short
	srcs: net:_081211_ net:_081242_
	bbox = (886.9400, 1063.7600) - (886.9450, 1063.9600) on Layer Metal2
violation type: Short
	srcs: net:_066368_ net:_080867_
	bbox = (867.3850, 1091.0600) - (867.5850, 1091.2600) on Layer Metal2
violation type: Short
	srcs: net:_080867_ net:_080870_
	bbox = (865.8250, 1091.9000) - (866.0250, 1092.1000) on Layer Metal2
violation type: Short
	srcs: net:_080787_ net:_081125_
	bbox = (846.6200, 1088.9600) - (846.8200, 1089.1600) on Layer Metal2
violation type: Short
	srcs: net:_080747_ net:_080921_
	bbox = (890.1500, 1088.9600) - (890.3500, 1089.1600) on Layer Metal2
violation type: Short
	srcs: net:_081191_ net:_082084_
	bbox = (866.3000, 1104.0800) - (866.5000, 1104.2800) on Layer Metal2
violation type: Short
	srcs: net:_081259_ net:_083101_
	bbox = (864.8600, 1093.1600) - (865.0600, 1093.3600) on Layer Metal2
violation type: Short
	srcs: net:_078864_ net:_081096_
	bbox = (932.3000, 1081.4000) - (932.5000, 1081.6000) on Layer Metal2
violation type: Short
	srcs: net:_080938_ net:_081016_
	bbox = (882.3400, 1090.6400) - (883.0600, 1090.6650) on Layer Metal2
violation type: Short
	srcs: net:_030540_ net:_081526_
	bbox = (878.7250, 1120.9750) - (878.7400, 1121.0800) on Layer Metal2
violation type: Short
	srcs: net:_030540_ net:_081526_
	bbox = (878.0600, 1120.9750) - (878.2600, 1121.1750) on Layer Metal2
violation type: Short
	srcs: net:_030540_ net:_081526_
	bbox = (878.0600, 1120.9750) - (878.2600, 1121.0800) on Layer Metal2
violation type: Short
	srcs: net:_033093_ net:_083466_
	bbox = (885.5000, 1122.5600) - (885.7000, 1122.7600) on Layer Metal2
violation type: Short
	srcs: net:_030540_ net:_082344_
	bbox = (883.6400, 1120.8800) - (883.7100, 1121.0800) on Layer Metal2
violation type: Short
	srcs: net:_081745_ net:_082344_
	bbox = (883.0300, 1120.0400) - (883.2300, 1120.2400) on Layer Metal2
violation type: Short
	srcs: net:_030540_ net:_082344_
	bbox = (883.6400, 1120.8800) - (883.7550, 1121.0800) on Layer Metal2
violation type: Metal Spacing
	srcs: net:_081607_ net:_081719_
	bbox = (806.7800, 928.9000) - (806.9800, 928.9400) on Layer Metal2
violation type: Metal Spacing
	srcs: net:_081607_ net:_081719_
	bbox = (806.7800, 928.9000) - (807.3850, 928.9400) on Layer Metal2
violation type: Metal Spacing
	srcs: net:_081668_ net:_083057_
	bbox = (809.4250, 1026.1700) - (809.6100, 1026.3700) on Layer Metal2
violation type: Metal Spacing
	srcs: net:_082047_
	bbox = (801.1150, 965.2600) - (801.4600, 965.2700) on Layer Metal2
violation type: Metal Spacing
	srcs: net:_082044_ net:_082049_
	bbox = (801.4600, 966.7400) - (801.5700, 967.3600) on Layer Metal2
violation type: Metal Spacing
	srcs: net:_082044_ net:_082049_
	bbox = (801.4600, 967.1600) - (801.5700, 967.3600) on Layer Metal2
violation type: Metal Spacing
	srcs: net:_082044_ net:_082049_
	bbox = (801.4600, 966.7300) - (801.4700, 966.7400) on Layer Metal2
violation type: Metal Spacing
	srcs: net:_082044_ net:_082049_
	bbox = (801.4700, 966.7300) - (801.7700, 966.7400) on Layer Metal2
violation type: Metal Spacing
	srcs: net:_081944_ net:_082673_
	bbox = (808.5700, 965.4800) - (808.6600, 965.6550) on Layer Metal2
violation type: Metal Spacing
	srcs: net:_081944_ net:_082673_
	bbox = (808.5700, 965.4800) - (808.6600, 965.6800) on Layer Metal2
violation type: Metal Spacing
	srcs: net:_082673_
	bbox = (808.8600, 965.4550) - (808.9400, 965.6800) on Layer Metal2
violation type: Metal Spacing
	srcs: net:_082673_
	bbox = (808.8600, 965.4800) - (808.9400, 965.6800) on Layer Metal2
violation type: Metal Spacing
	srcs: net:_083296_ net:_083302_
	bbox = (828.8500, 980.6000) - (829.0400, 980.8000) on Layer Metal2
violation type: Metal Spacing
	srcs: net:_083669_ net:_083964_
	bbox = (797.1800, 984.7900) - (797.3800, 984.8000) on Layer Metal2
violation type: Metal Spacing
	srcs: net:_083669_ net:_083964_
	bbox = (797.1800, 984.7900) - (797.4500, 984.8000) on Layer Metal2
violation type: Metal Spacing
	srcs: net:_083669_ net:_083964_
	bbox = (797.1800, 984.7900) - (797.3800, 984.8150) on Layer Metal2
violation type: Metal Spacing
	srcs: net:_083669_ net:_083964_
	bbox = (797.1800, 984.7900) - (797.4500, 984.8150) on Layer Metal2
violation type: Metal Spacing
	srcs: net:_083576_
	bbox = (823.1850, 992.1400) - (823.4250, 992.1500) on Layer Metal2
violation type: Metal Spacing
	srcs: net:_083943_
	bbox = (814.6150, 1022.3800) - (814.9000, 1022.4400) on Layer Metal2
violation type: Metal Spacing
	srcs: net:_083943_
	bbox = (811.2750, 1023.0100) - (811.4850, 1023.0200) on Layer Metal2
violation type: Metal Spacing
	srcs: net:_047125_ net:_097704_
	bbox = (1906.9000, 1541.0800) - (1906.9400, 1541.0900) on Layer Metal2
violation type: Metal Spacing
	srcs: net:_047125_ net:_097645_
	bbox = (1905.5850, 1540.0400) - (1905.7350, 1540.2400) on Layer Metal2
violation type: Metal Spacing
	srcs: net:_047125_ net:_097645_
	bbox = (1905.5850, 1540.1450) - (1905.7350, 1540.2400) on Layer Metal2
violation type: Metal Spacing
	srcs: net:_047125_ net:_097645_
	bbox = (1905.5850, 1540.1650) - (1905.7350, 1540.2400) on Layer Metal2
violation type: Metal Spacing
	srcs: net:_067297_ net:_082051_
	bbox = (835.9000, 1064.1800) - (836.0300, 1064.3800) on Layer Metal2
violation type: Metal Spacing
	srcs: net:_062733_ net:_072331_
	bbox = (750.3400, 1122.1400) - (750.4150, 1122.3400) on Layer Metal2
violation type: Metal Spacing
	srcs: net:_082051_
	bbox = (828.4400, 1062.9100) - (828.6850, 1062.9200) on Layer Metal2
violation type: Metal Spacing
	srcs: net:_082051_
	bbox = (829.9700, 1063.5400) - (830.1950, 1063.5500) on Layer Metal2
violation type: Metal Spacing
	srcs: net:_082051_
	bbox = (829.9950, 1063.7500) - (830.2600, 1063.7600) on Layer Metal2
violation type: Metal Spacing
	srcs: net:_072186_ net:_083815_
	bbox = (760.0550, 1091.2600) - (760.2200, 1091.2700) on Layer Metal2
violation type: Metal Spacing
	srcs: net:_083703_
	bbox = (779.6150, 1094.4100) - (779.9800, 1094.4200) on Layer Metal2
violation type: Metal Spacing
	srcs: net:_032927_ net:_081861_
	bbox = (753.7000, 1117.9400) - (753.8300, 1118.1400) on Layer Metal2
violation type: Metal Spacing
	srcs: net:_004172_ net:_072331_
	bbox = (749.8600, 1121.7200) - (749.9000, 1122.3400) on Layer Metal2
violation type: Metal Spacing
	srcs: net:_004172_ net:_072331_
	bbox = (749.8600, 1122.1400) - (749.9000, 1122.3400) on Layer Metal2
violation type: Metal Spacing
	srcs: net:_032918_ net:_032925_
	bbox = (754.4200, 1116.7850) - (754.5500, 1116.8800) on Layer Metal2
violation type: Metal Spacing
	srcs: net:_032918_ net:_032925_
	bbox = (754.6400, 1116.8800) - (754.8400, 1116.8900) on Layer Metal2
violation type: Metal Spacing
	srcs: net:_032918_ net:_032925_
	bbox = (754.5500, 1116.8800) - (754.8400, 1116.8900) on Layer Metal2
violation type: Metal Spacing
	srcs: net:_000720_ net:_084020_
	bbox = (756.8600, 1120.6600) - (757.1050, 1120.8100) on Layer Metal2
violation type: Metal Spacing
	srcs: net:_083115_
	bbox = (768.8150, 1113.1000) - (769.0600, 1113.1100) on Layer Metal2
violation type: Metal Spacing
	srcs: net:_080754_
	bbox = (775.7600, 1113.1000) - (776.0250, 1113.1600) on Layer Metal2
violation type: Metal Spacing
	srcs: net:_080739_ net:_082561_
	bbox = (819.2600, 1097.9800) - (819.4600, 1098.1850) on Layer Metal2
violation type: Metal Spacing
	srcs: net:_080739_ net:_082561_
	bbox = (819.2600, 1097.9800) - (819.4600, 1098.0250) on Layer Metal2
violation type: Metal Spacing
	srcs: net:_080739_ net:_082561_
	bbox = (819.2150, 1097.9800) - (819.5050, 1098.1850) on Layer Metal2
violation type: Metal Spacing
	srcs: net:_080739_ net:_082561_
	bbox = (819.2150, 1097.9800) - (819.5050, 1098.0250) on Layer Metal2
violation type: Metal Spacing
	srcs: net:_030581_
	bbox = (830.5150, 1097.9800) - (830.7600, 1098.1100) on Layer Metal2
violation type: Metal Spacing
	srcs: net:_082562_
	bbox = (822.7050, 1113.1000) - (822.9950, 1113.1100) on Layer Metal2
violation type: Metal Spacing
	srcs: net:_082561_
	bbox = (818.2600, 1098.1850) - (818.4200, 1098.2250) on Layer Metal2
violation type: Metal Spacing
	srcs: net:_082561_
	bbox = (818.2600, 1098.0250) - (818.4200, 1098.2250) on Layer Metal2
violation type: Metal Spacing
	srcs: net:_082561_
	bbox = (818.2600, 1097.9900) - (818.4200, 1098.2250) on Layer Metal2
violation type: Metal Spacing
	srcs: net:_082561_
	bbox = (818.2600, 1098.2000) - (818.4200, 1098.2250) on Layer Metal2
violation type: Metal Spacing
	srcs: net:_082561_
	bbox = (817.7750, 1112.2600) - (818.0200, 1112.2700) on Layer Metal2
violation type: Metal Spacing
	srcs: net:_003335_ net:_030568_
	bbox = (790.3550, 1108.2800) - (790.3700, 1108.4800) on Layer Metal2
violation type: Metal Spacing
	srcs: net:_041793_
	bbox = (996.1450, 1078.8650) - (996.3100, 1079.0800) on Layer Metal2
violation type: Metal Spacing
	srcs: net:_041793_
	bbox = (996.1450, 1078.8800) - (996.3100, 1079.0800) on Layer Metal2
violation type: Metal Spacing
	srcs: net:_037417_ net:_063013_
	bbox = (900.2500, 1131.8000) - (900.4400, 1131.9050) on Layer Metal2
violation type: Metal Spacing
	srcs: net:_037417_ net:_063013_
	bbox = (900.6200, 1132.4200) - (900.6400, 1132.4300) on Layer Metal2
violation type: Metal Spacing
	srcs: net:_037417_ net:_063013_
	bbox = (900.5800, 1132.2200) - (900.6200, 1132.4200) on Layer Metal2
violation type: Metal Spacing
	srcs: net:_037417_ net:_063013_
	bbox = (900.6200, 1132.4200) - (900.8200, 1132.4300) on Layer Metal2
violation type: Metal Spacing
	srcs: net:_037417_ net:_063013_
	bbox = (900.6200, 1132.4200) - (901.0700, 1132.4300) on Layer Metal2
violation type: Metal Spacing
	srcs: net:_037325_ net:_081577_
	bbox = (856.8400, 1130.9600) - (856.9400, 1131.3700) on Layer Metal2
violation type: Metal Spacing
	srcs: net:_037325_ net:_081577_
	bbox = (856.8400, 1130.9600) - (856.9400, 1131.1600) on Layer Metal2
violation type: Metal Spacing
	srcs: net:_037325_ net:_039865_
	bbox = (856.8850, 1131.9750) - (857.0900, 1132.0000) on Layer Metal2
violation type: Metal Spacing
	srcs: net:_037325_ net:_039865_
	bbox = (856.8850, 1131.8650) - (856.9400, 1131.9750) on Layer Metal2
violation type: Metal Spacing
	srcs: net:_081746_ net:_083327_
	bbox = (858.8600, 1136.1850) - (859.0600, 1136.2100) on Layer Metal2
violation type: Metal Spacing
	srcs: net:_081746_ net:_083327_
	bbox = (858.7700, 1136.1850) - (859.0600, 1136.2100) on Layer Metal2
violation type: Metal Spacing
	srcs: net:_081746_ net:_083327_
	bbox = (859.0600, 1136.2000) - (859.1000, 1136.2100) on Layer Metal2
violation type: Metal Spacing
	srcs: net:_082222_
	bbox = (873.8900, 1139.1400) - (874.1800, 1139.3100) on Layer Metal2
violation type: Metal Spacing
	srcs: net:_083340_ net:_083358_
	bbox = (873.9700, 1131.8000) - (874.1750, 1132.0000) on Layer Metal2
violation type: Metal Spacing
	srcs: net:_037415_ net:_037420_
	bbox = (901.7800, 1131.1600) - (901.8200, 1131.1700) on Layer Metal2
violation type: Metal Spacing
	srcs: net:_037420_
	bbox = (903.2750, 1131.1600) - (903.5200, 1131.1700) on Layer Metal2
violation type: Metal Spacing
	srcs: net:_037418_
	bbox = (900.3600, 1133.0500) - (900.6400, 1133.0600) on Layer Metal2
violation type: Metal Spacing
	srcs: net:_037417_
	bbox = (902.8750, 1132.2100) - (903.0850, 1132.2200) on Layer Metal2
violation type: Metal Spacing
	srcs: net:_081882_ net:_081890_
	bbox = (891.7300, 1048.6400) - (891.9200, 1048.8400) on Layer Metal2
violation type: Metal Spacing
	srcs: net:_081256_ net:_083911_
	bbox = (929.8600, 1090.7750) - (930.0500, 1090.8400) on Layer Metal2
violation type: Metal Spacing
	srcs: net:_066359_ net:_082419_
	bbox = (850.9300, 1078.8800) - (851.1350, 1079.0800) on Layer Metal2
violation type: Metal Spacing
	srcs: net:_083529_
	bbox = (855.2200, 1086.4400) - (855.2350, 1086.6400) on Layer Metal2
violation type: Metal Spacing
	srcs: net:_083529_
	bbox = (855.2200, 1086.4250) - (855.2350, 1086.6400) on Layer Metal2
violation type: Metal Spacing
	srcs: net:_083529_ net:_083545_
	bbox = (854.6850, 1086.4300) - (854.7800, 1086.4400) on Layer Metal2
violation type: Metal Spacing
	srcs: net:_083529_ net:_083545_
	bbox = (854.6400, 1086.4300) - (854.7800, 1086.4400) on Layer Metal2
violation type: Metal Spacing
	srcs: net:_081229_
	bbox = (844.4200, 1101.9700) - (844.4600, 1101.9800) on Layer Metal2
violation type: Metal Spacing
	srcs: net:_081229_
	bbox = (844.4600, 1101.9700) - (844.7500, 1101.9800) on Layer Metal2
violation type: Metal Spacing
	srcs: net:_083545_
	bbox = (854.3950, 1086.2200) - (854.6400, 1086.2300) on Layer Metal2
violation type: Metal Spacing
	srcs: net:_066368_ net:_080870_
	bbox = (866.1700, 1090.6400) - (866.2450, 1090.8400) on Layer Metal2
violation type: Metal Spacing
	srcs: net:_030466_
	bbox = (869.2700, 1060.1800) - (869.5600, 1060.1900) on Layer Metal2
violation type: Metal Spacing
	srcs: net:_081221_ net:_081242_
	bbox = (887.1400, 1064.1800) - (887.3300, 1064.3800) on Layer Metal2
violation type: Metal Spacing
	srcs: net:_080938_ net:_081068_
	bbox = (882.0350, 1090.6400) - (882.0700, 1090.6650) on Layer Metal2
violation type: Metal Spacing
	srcs: net:_081777_ net:_081787_
	bbox = (885.9700, 1116.6800) - (886.1600, 1116.8800) on Layer Metal2
violation type: Metal Spacing
	srcs: net:_082001_ net:_082009_
	bbox = (881.6500, 1116.6800) - (881.8400, 1116.8800) on Layer Metal2
violation type: Metal Spacing
	srcs: net:_030540_ net:_081526_
	bbox = (877.6400, 1121.1750) - (877.8400, 1121.3000) on Layer Metal2
violation type: Metal Spacing
	srcs: net:_030540_ net:_081526_
	bbox = (877.6400, 1121.1750) - (878.2600, 1121.3000) on Layer Metal2
violation type: Metal Spacing
	srcs: net:_030540_ net:_083466_
	bbox = (883.8400, 1121.3000) - (883.9700, 1121.5000) on Layer Metal2
violation type: Metal Spacing
	srcs: net:_082507_
	bbox = (915.4100, 1078.6600) - (915.6750, 1078.6700) on Layer Metal2
violation type: Metal Spacing
	srcs: net:_082448_
	bbox = (907.7200, 1113.7300) - (907.9650, 1113.7400) on Layer Metal2
