
==========================================================================
global route report_tns
--------------------------------------------------------------------------
tns 0.00

==========================================================================
global route report_wns
--------------------------------------------------------------------------
wns 0.00

==========================================================================
global route report_worst_slack
--------------------------------------------------------------------------
worst slack 10.12

==========================================================================
global route report_clock_skew
--------------------------------------------------------------------------
Clock clk
   0.40 source latency cpu_inst.IR[7]$_DFFE_PN1P_/CLK ^
  -0.38 target latency cpu_inst.operand_addr[8]$_DFFE_PP_/CLK ^
   0.15 clock uncertainty
   0.00 CRPR
--------------
   0.17 setup skew


==========================================================================
global route report_checks -path_delay min
--------------------------------------------------------------------------
Startpoint: reset_n (input port clocked by clk)
Endpoint: cpu_inst.addr[7]$_DFFE_PN0P_
          (removal check against rising-edge clock clk)
Path Group: asynchronous
Path Type: min

Fanout     Cap    Slew   Delay    Time   Description
-----------------------------------------------------------------------------
                          0.00    0.00   clock clk (rise edge)
                          0.00    0.00   clock network delay (propagated)
                          2.00    2.00 ^ input external delay
     2    5.20    0.00    0.00    2.00 ^ reset_n (in)
                                         reset_n (net)
                  0.00    0.00    2.00 ^ u_pad_reset_n/pad (sg13g2_IOPadIn)
     3    0.03    0.07    0.09    2.09 ^ u_pad_reset_n/p2c (sg13g2_IOPadIn)
                                         cpu_inst.reset_n (net)
                  0.05    0.00    2.09 ^ fanout860/A (sg13g2_buf_1)
     4    0.03    0.15    0.16    2.25 ^ fanout860/X (sg13g2_buf_1)
                                         net860 (net)
                  0.15    0.00    2.25 ^ cpu_inst.addr[7]$_DFFE_PN0P_/RESET_B (sg13g2_dfrbp_1)
                                  2.25   data arrival time

                          0.00    0.00   clock clk (rise edge)
                          0.00    0.00   clock source latency
     1    0.04    0.08    0.00    0.00 ^ u_pad_clk/p2c (sg13g2_IOPadIn)
                                         clk_phy (net)
                  0.06    0.00    0.00 ^ clkbuf_0_clk_phy/A (sg13g2_buf_4)
     4    0.10    0.11    0.17    0.17 ^ clkbuf_0_clk_phy/X (sg13g2_buf_4)
                                         clknet_0_clk_phy (net)
                  0.11    0.00    0.18 ^ clkbuf_2_2_0_clk_phy/A (sg13g2_buf_8)
     4    0.03    0.03    0.11    0.28 ^ clkbuf_2_2_0_clk_phy/X (sg13g2_buf_8)
                                         clknet_2_2_0_clk_phy (net)
                  0.03    0.00    0.29 ^ clkbuf_4_11__f_clk_phy/A (sg13g2_buf_4)
     7    0.04    0.05    0.11    0.39 ^ clkbuf_4_11__f_clk_phy/X (sg13g2_buf_4)
                                         clknet_4_11__leaf_clk_phy (net)
                  0.05    0.00    0.39 ^ cpu_inst.addr[7]$_DFFE_PN0P_/CLK (sg13g2_dfrbp_1)
                          0.15    0.54   clock uncertainty
                          0.00    0.54   clock reconvergence pessimism
                         -0.13    0.41   library removal time
                                  0.41   data required time
-----------------------------------------------------------------------------
                                  0.41   data required time
                                 -2.25   data arrival time
-----------------------------------------------------------------------------
                                  1.84   slack (MET)


Startpoint: cpu_inst.SP[0]$_DFFE_PN1P_
            (rising edge-triggered flip-flop clocked by clk)
Endpoint: cpu_inst.SP[0]$_DFFE_PN1P_
          (rising edge-triggered flip-flop clocked by clk)
Path Group: clk
Path Type: min

Fanout     Cap    Slew   Delay    Time   Description
-----------------------------------------------------------------------------
                          0.00    0.00   clock clk (rise edge)
                          0.00    0.00   clock source latency
     1    0.04    0.08    0.00    0.00 ^ u_pad_clk/p2c (sg13g2_IOPadIn)
                                         clk_phy (net)
                  0.06    0.00    0.00 ^ clkbuf_0_clk_phy/A (sg13g2_buf_4)
     4    0.10    0.11    0.17    0.17 ^ clkbuf_0_clk_phy/X (sg13g2_buf_4)
                                         clknet_0_clk_phy (net)
                  0.11    0.00    0.18 ^ clkbuf_2_3_0_clk_phy/A (sg13g2_buf_8)
     4    0.03    0.03    0.11    0.28 ^ clkbuf_2_3_0_clk_phy/X (sg13g2_buf_8)
                                         clknet_2_3_0_clk_phy (net)
                  0.03    0.00    0.28 ^ clkbuf_4_12__f_clk_phy/A (sg13g2_buf_4)
     7    0.03    0.04    0.10    0.38 ^ clkbuf_4_12__f_clk_phy/X (sg13g2_buf_4)
                                         clknet_4_12__leaf_clk_phy (net)
                  0.04    0.00    0.38 ^ cpu_inst.SP[0]$_DFFE_PN1P_/CLK (sg13g2_dfrbp_1)
     1    0.00    0.02    0.20    0.58 v cpu_inst.SP[0]$_DFFE_PN1P_/Q (sg13g2_dfrbp_1)
                                         _0058_ (net)
                  0.02    0.00    0.58 v _5694_/A (sg13g2_nand2_1)
     1    0.00    0.02    0.03    0.61 ^ _5694_/Y (sg13g2_nand2_1)
                                         _1542_ (net)
                  0.02    0.00    0.61 ^ _5695_/B1 (sg13g2_o21ai_1)
     1    0.00    0.03    0.04    0.65 v _5695_/Y (sg13g2_o21ai_1)
                                         _0103_ (net)
                  0.03    0.00    0.65 v cpu_inst.SP[0]$_DFFE_PN1P_/D (sg13g2_dfrbp_1)
                                  0.65   data arrival time

                          0.00    0.00   clock clk (rise edge)
                          0.00    0.00   clock source latency
     1    0.04    0.08    0.00    0.00 ^ u_pad_clk/p2c (sg13g2_IOPadIn)
                                         clk_phy (net)
                  0.06    0.00    0.00 ^ clkbuf_0_clk_phy/A (sg13g2_buf_4)
     4    0.10    0.11    0.17    0.17 ^ clkbuf_0_clk_phy/X (sg13g2_buf_4)
                                         clknet_0_clk_phy (net)
                  0.11    0.00    0.18 ^ clkbuf_2_3_0_clk_phy/A (sg13g2_buf_8)
     4    0.03    0.03    0.11    0.28 ^ clkbuf_2_3_0_clk_phy/X (sg13g2_buf_8)
                                         clknet_2_3_0_clk_phy (net)
                  0.03    0.00    0.28 ^ clkbuf_4_12__f_clk_phy/A (sg13g2_buf_4)
     7    0.03    0.04    0.10    0.38 ^ clkbuf_4_12__f_clk_phy/X (sg13g2_buf_4)
                                         clknet_4_12__leaf_clk_phy (net)
                  0.04    0.00    0.38 ^ cpu_inst.SP[0]$_DFFE_PN1P_/CLK (sg13g2_dfrbp_1)
                          0.15    0.53   clock uncertainty
                          0.00    0.53   clock reconvergence pessimism
                         -0.03    0.50   library hold time
                                  0.50   data required time
-----------------------------------------------------------------------------
                                  0.50   data required time
                                 -0.65   data arrival time
-----------------------------------------------------------------------------
                                  0.15   slack (MET)



==========================================================================
global route report_checks -path_delay max
--------------------------------------------------------------------------
Startpoint: reset_n (input port clocked by clk)
Endpoint: cpu_inst.IR[5]$_DFFE_PN1P_
          (recovery check against rising-edge clock clk)
Path Group: asynchronous
Path Type: max

Fanout     Cap    Slew   Delay    Time   Description
-----------------------------------------------------------------------------
                          0.00    0.00   clock clk (rise edge)
                          0.00    0.00   clock network delay (propagated)
                          2.00    2.00 ^ input external delay
     2    5.24    0.00    0.00    2.00 ^ reset_n (in)
                                         reset_n (net)
                  0.00    0.00    2.00 ^ u_pad_reset_n/pad (sg13g2_IOPadIn)
     3    0.03    0.07    0.09    2.09 ^ u_pad_reset_n/p2c (sg13g2_IOPadIn)
                                         cpu_inst.reset_n (net)
                  0.05    0.00    2.09 ^ fanout853/A (sg13g2_buf_1)
     4    0.01    0.06    0.10    2.19 ^ fanout853/X (sg13g2_buf_1)
                                         net853 (net)
                  0.06    0.00    2.19 ^ fanout848/A (sg13g2_buf_1)
     7    0.07    0.30    0.27    2.46 ^ fanout848/X (sg13g2_buf_1)
                                         net848 (net)
                  0.30    0.00    2.46 ^ fanout847/A (sg13g2_buf_1)
     8    0.07    0.27    0.32    2.77 ^ fanout847/X (sg13g2_buf_1)
                                         net847 (net)
                  0.27    0.00    2.77 ^ fanout846/A (sg13g2_buf_1)
     8    0.07    0.30    0.33    3.10 ^ fanout846/X (sg13g2_buf_1)
                                         net846 (net)
                  0.30    0.00    3.10 ^ cpu_inst.IR[5]$_DFFE_PN1P_/RESET_B (sg13g2_dfrbp_1)
                                  3.10   data arrival time

                         20.83   20.83   clock clk (rise edge)
                          0.00   20.83   clock source latency
     1    0.04    0.08    0.00   20.83 ^ u_pad_clk/p2c (sg13g2_IOPadIn)
                                         clk_phy (net)
                  0.06    0.00   20.83 ^ clkbuf_0_clk_phy/A (sg13g2_buf_4)
     4    0.10    0.11    0.17   21.01 ^ clkbuf_0_clk_phy/X (sg13g2_buf_4)
                                         clknet_0_clk_phy (net)
                  0.11    0.00   21.01 ^ clkbuf_2_0_0_clk_phy/A (sg13g2_buf_8)
     4    0.02    0.03    0.11   21.12 ^ clkbuf_2_0_0_clk_phy/X (sg13g2_buf_8)
                                         clknet_2_0_0_clk_phy (net)
                  0.03    0.00   21.12 ^ clkbuf_4_1__f_clk_phy/A (sg13g2_buf_4)
     7    0.03    0.05    0.10   21.22 ^ clkbuf_4_1__f_clk_phy/X (sg13g2_buf_4)
                                         clknet_4_1__leaf_clk_phy (net)
                  0.05    0.00   21.22 ^ cpu_inst.IR[5]$_DFFE_PN1P_/CLK (sg13g2_dfrbp_1)
                         -0.15   21.07   clock uncertainty
                          0.00   21.07   clock reconvergence pessimism
                         -0.20   20.87   library recovery time
                                 20.87   data required time
-----------------------------------------------------------------------------
                                 20.87   data required time
                                 -3.10   data arrival time
-----------------------------------------------------------------------------
                                 17.77   slack (MET)


Startpoint: data_2 (input port clocked by clk)
Endpoint: cpu_inst.N$_DFFE_PN0P_
          (rising edge-triggered flip-flop clocked by clk)
Path Group: clk
Path Type: max

Fanout     Cap    Slew   Delay    Time   Description
-----------------------------------------------------------------------------
                          0.00    0.00   clock clk (rise edge)
                          0.00    0.00   clock network delay (propagated)
                          2.00    2.00 v input external delay
     2    5.20    4.53    2.23    4.23 v data_2 (inout)
                                         data_2 (net)
                  4.53    0.00    4.23 v u_pad_data_2/pad (sg13g2_IOPadInOut4mA)
     1    0.03    0.15    2.80    7.03 v u_pad_data_2/p2c (sg13g2_IOPadInOut4mA)
                                         data_in_phy_2 (net)
                  0.11    0.00    7.03 v _3628_/A (sg13g2_buf_8)
     5    0.07    0.04    0.13    7.16 v _3628_/X (sg13g2_buf_8)
                                         _2475_ (net)
                  0.04    0.00    7.16 v _3785_/A (sg13g2_buf_1)
     3    0.01    0.04    0.08    7.24 v _3785_/X (sg13g2_buf_1)
                                         _3038_ (net)
                  0.04    0.00    7.24 v fanout832/A (sg13g2_buf_1)
     8    0.10    0.32    0.29    7.54 v fanout832/X (sg13g2_buf_1)
                                         net832 (net)
                  0.32    0.00    7.54 v _3889_/A (sg13g2_buf_1)
     3    0.01    0.05    0.16    7.70 v _3889_/X (sg13g2_buf_1)
                                         _3142_ (net)
                  0.05    0.00    7.70 v fanout789/A (sg13g2_buf_1)
     8    0.06    0.19    0.20    7.90 v fanout789/X (sg13g2_buf_1)
                                         net789 (net)
                  0.19    0.00    7.91 v _4657_/A (sg13g2_and2_1)
     1    0.00    0.03    0.12    8.02 v _4657_/X (sg13g2_and2_1)
                                         _0523_ (net)
                  0.03    0.00    8.02 v _4658_/A (sg13g2_buf_1)
     5    0.09    0.27    0.25    8.27 v _4658_/X (sg13g2_buf_1)
                                         _0524_ (net)
                  0.27    0.00    8.28 v _4659_/B (sg13g2_nand2_1)
     6    0.10    0.42    0.44    8.71 ^ _4659_/Y (sg13g2_nand2_1)
                                         _0525_ (net)
                  0.42    0.00    8.71 ^ _4660_/B (sg13g2_nor2_1)
     5    0.07    0.29    0.39    9.10 v _4660_/Y (sg13g2_nor2_1)
                                         _0526_ (net)
                  0.29    0.00    9.10 v _4661_/B (sg13g2_nand2_1)
     3    0.04    0.21    0.27    9.37 ^ _4661_/Y (sg13g2_nand2_1)
                                         _0527_ (net)
                  0.21    0.00    9.37 ^ _4662_/B (sg13g2_nor2_1)
     3    0.08    0.32    0.31    9.69 v _4662_/Y (sg13g2_nor2_1)
                                         _0528_ (net)
                  0.32    0.00    9.69 v _4667_/A2 (sg13g2_a22oi_1)
     1    0.02    0.20    0.27    9.95 ^ _4667_/Y (sg13g2_a22oi_1)
                                         _0533_ (net)
                  0.20    0.00    9.95 ^ _4668_/B (sg13g2_xnor2_1)
     1    0.00    0.07    0.10   10.05 v _4668_/Y (sg13g2_xnor2_1)
                                         _0534_ (net)
                  0.07    0.00   10.05 v _4670_/A2 (sg13g2_a22oi_1)
     2    0.03    0.21    0.21   10.26 ^ _4670_/Y (sg13g2_a22oi_1)
                                         _0536_ (net)
                  0.21    0.00   10.26 ^ _4674_/B (sg13g2_nand4_1)
     1    0.00    0.09    0.14   10.40 v _4674_/Y (sg13g2_nand4_1)
                                         _0540_ (net)
                  0.09    0.00   10.40 v _4675_/B1 (sg13g2_a21o_1)
     1    0.01    0.04    0.14   10.54 v _4675_/X (sg13g2_a21o_1)
                                         _0541_ (net)
                  0.04    0.00   10.54 v _4676_/C1 (sg13g2_a221oi_1)
     1    0.01    0.20    0.17   10.71 ^ _4676_/Y (sg13g2_a221oi_1)
                                         _0542_ (net)
                  0.20    0.00   10.71 ^ _4683_/A2 (sg13g2_a221oi_1)
     1    0.00    0.11    0.12   10.83 v _4683_/Y (sg13g2_a221oi_1)
                                         _0085_ (net)
                  0.11    0.00   10.83 v cpu_inst.N$_DFFE_PN0P_/D (sg13g2_dfrbp_1)
                                 10.83   data arrival time

                         20.83   20.83   clock clk (rise edge)
                          0.00   20.83   clock source latency
     1    0.04    0.08    0.00   20.83 ^ u_pad_clk/p2c (sg13g2_IOPadIn)
                                         clk_phy (net)
                  0.06    0.00   20.83 ^ clkbuf_0_clk_phy/A (sg13g2_buf_4)
     4    0.10    0.11    0.17   21.01 ^ clkbuf_0_clk_phy/X (sg13g2_buf_4)
                                         clknet_0_clk_phy (net)
                  0.11    0.00   21.01 ^ clkbuf_2_1_0_clk_phy/A (sg13g2_buf_8)
     4    0.04    0.04    0.11   21.12 ^ clkbuf_2_1_0_clk_phy/X (sg13g2_buf_8)
                                         clknet_2_1_0_clk_phy (net)
                  0.04    0.00   21.12 ^ clkbuf_4_4__f_clk_phy/A (sg13g2_buf_4)
     7    0.04    0.05    0.11   21.23 ^ clkbuf_4_4__f_clk_phy/X (sg13g2_buf_4)
                                         clknet_4_4__leaf_clk_phy (net)
                  0.05    0.00   21.24 ^ cpu_inst.N$_DFFE_PN0P_/CLK (sg13g2_dfrbp_1)
                         -0.15   21.09   clock uncertainty
                          0.00   21.09   clock reconvergence pessimism
                         -0.14   20.95   library setup time
                                 20.95   data required time
-----------------------------------------------------------------------------
                                 20.95   data required time
                                -10.83   data arrival time
-----------------------------------------------------------------------------
                                 10.12   slack (MET)



==========================================================================
global route report_checks -unconstrained
--------------------------------------------------------------------------
Startpoint: reset_n (input port clocked by clk)
Endpoint: cpu_inst.IR[5]$_DFFE_PN1P_
          (recovery check against rising-edge clock clk)
Path Group: asynchronous
Path Type: max

Fanout     Cap    Slew   Delay    Time   Description
-----------------------------------------------------------------------------
                          0.00    0.00   clock clk (rise edge)
                          0.00    0.00   clock network delay (propagated)
                          2.00    2.00 ^ input external delay
     2    5.24    0.00    0.00    2.00 ^ reset_n (in)
                                         reset_n (net)
                  0.00    0.00    2.00 ^ u_pad_reset_n/pad (sg13g2_IOPadIn)
     3    0.03    0.07    0.09    2.09 ^ u_pad_reset_n/p2c (sg13g2_IOPadIn)
                                         cpu_inst.reset_n (net)
                  0.05    0.00    2.09 ^ fanout853/A (sg13g2_buf_1)
     4    0.01    0.06    0.10    2.19 ^ fanout853/X (sg13g2_buf_1)
                                         net853 (net)
                  0.06    0.00    2.19 ^ fanout848/A (sg13g2_buf_1)
     7    0.07    0.30    0.27    2.46 ^ fanout848/X (sg13g2_buf_1)
                                         net848 (net)
                  0.30    0.00    2.46 ^ fanout847/A (sg13g2_buf_1)
     8    0.07    0.27    0.32    2.77 ^ fanout847/X (sg13g2_buf_1)
                                         net847 (net)
                  0.27    0.00    2.77 ^ fanout846/A (sg13g2_buf_1)
     8    0.07    0.30    0.33    3.10 ^ fanout846/X (sg13g2_buf_1)
                                         net846 (net)
                  0.30    0.00    3.10 ^ cpu_inst.IR[5]$_DFFE_PN1P_/RESET_B (sg13g2_dfrbp_1)
                                  3.10   data arrival time

                         20.83   20.83   clock clk (rise edge)
                          0.00   20.83   clock source latency
     1    0.04    0.08    0.00   20.83 ^ u_pad_clk/p2c (sg13g2_IOPadIn)
                                         clk_phy (net)
                  0.06    0.00   20.83 ^ clkbuf_0_clk_phy/A (sg13g2_buf_4)
     4    0.10    0.11    0.17   21.01 ^ clkbuf_0_clk_phy/X (sg13g2_buf_4)
                                         clknet_0_clk_phy (net)
                  0.11    0.00   21.01 ^ clkbuf_2_0_0_clk_phy/A (sg13g2_buf_8)
     4    0.02    0.03    0.11   21.12 ^ clkbuf_2_0_0_clk_phy/X (sg13g2_buf_8)
                                         clknet_2_0_0_clk_phy (net)
                  0.03    0.00   21.12 ^ clkbuf_4_1__f_clk_phy/A (sg13g2_buf_4)
     7    0.03    0.05    0.10   21.22 ^ clkbuf_4_1__f_clk_phy/X (sg13g2_buf_4)
                                         clknet_4_1__leaf_clk_phy (net)
                  0.05    0.00   21.22 ^ cpu_inst.IR[5]$_DFFE_PN1P_/CLK (sg13g2_dfrbp_1)
                         -0.15   21.07   clock uncertainty
                          0.00   21.07   clock reconvergence pessimism
                         -0.20   20.87   library recovery time
                                 20.87   data required time
-----------------------------------------------------------------------------
                                 20.87   data required time
                                 -3.10   data arrival time
-----------------------------------------------------------------------------
                                 17.77   slack (MET)


Startpoint: data_2 (input port clocked by clk)
Endpoint: cpu_inst.N$_DFFE_PN0P_
          (rising edge-triggered flip-flop clocked by clk)
Path Group: clk
Path Type: max

Fanout     Cap    Slew   Delay    Time   Description
-----------------------------------------------------------------------------
                          0.00    0.00   clock clk (rise edge)
                          0.00    0.00   clock network delay (propagated)
                          2.00    2.00 v input external delay
     2    5.20    4.53    2.23    4.23 v data_2 (inout)
                                         data_2 (net)
                  4.53    0.00    4.23 v u_pad_data_2/pad (sg13g2_IOPadInOut4mA)
     1    0.03    0.15    2.80    7.03 v u_pad_data_2/p2c (sg13g2_IOPadInOut4mA)
                                         data_in_phy_2 (net)
                  0.11    0.00    7.03 v _3628_/A (sg13g2_buf_8)
     5    0.07    0.04    0.13    7.16 v _3628_/X (sg13g2_buf_8)
                                         _2475_ (net)
                  0.04    0.00    7.16 v _3785_/A (sg13g2_buf_1)
     3    0.01    0.04    0.08    7.24 v _3785_/X (sg13g2_buf_1)
                                         _3038_ (net)
                  0.04    0.00    7.24 v fanout832/A (sg13g2_buf_1)
     8    0.10    0.32    0.29    7.54 v fanout832/X (sg13g2_buf_1)
                                         net832 (net)
                  0.32    0.00    7.54 v _3889_/A (sg13g2_buf_1)
     3    0.01    0.05    0.16    7.70 v _3889_/X (sg13g2_buf_1)
                                         _3142_ (net)
                  0.05    0.00    7.70 v fanout789/A (sg13g2_buf_1)
     8    0.06    0.19    0.20    7.90 v fanout789/X (sg13g2_buf_1)
                                         net789 (net)
                  0.19    0.00    7.91 v _4657_/A (sg13g2_and2_1)
     1    0.00    0.03    0.12    8.02 v _4657_/X (sg13g2_and2_1)
                                         _0523_ (net)
                  0.03    0.00    8.02 v _4658_/A (sg13g2_buf_1)
     5    0.09    0.27    0.25    8.27 v _4658_/X (sg13g2_buf_1)
                                         _0524_ (net)
                  0.27    0.00    8.28 v _4659_/B (sg13g2_nand2_1)
     6    0.10    0.42    0.44    8.71 ^ _4659_/Y (sg13g2_nand2_1)
                                         _0525_ (net)
                  0.42    0.00    8.71 ^ _4660_/B (sg13g2_nor2_1)
     5    0.07    0.29    0.39    9.10 v _4660_/Y (sg13g2_nor2_1)
                                         _0526_ (net)
                  0.29    0.00    9.10 v _4661_/B (sg13g2_nand2_1)
     3    0.04    0.21    0.27    9.37 ^ _4661_/Y (sg13g2_nand2_1)
                                         _0527_ (net)
                  0.21    0.00    9.37 ^ _4662_/B (sg13g2_nor2_1)
     3    0.08    0.32    0.31    9.69 v _4662_/Y (sg13g2_nor2_1)
                                         _0528_ (net)
                  0.32    0.00    9.69 v _4667_/A2 (sg13g2_a22oi_1)
     1    0.02    0.20    0.27    9.95 ^ _4667_/Y (sg13g2_a22oi_1)
                                         _0533_ (net)
                  0.20    0.00    9.95 ^ _4668_/B (sg13g2_xnor2_1)
     1    0.00    0.07    0.10   10.05 v _4668_/Y (sg13g2_xnor2_1)
                                         _0534_ (net)
                  0.07    0.00   10.05 v _4670_/A2 (sg13g2_a22oi_1)
     2    0.03    0.21    0.21   10.26 ^ _4670_/Y (sg13g2_a22oi_1)
                                         _0536_ (net)
                  0.21    0.00   10.26 ^ _4674_/B (sg13g2_nand4_1)
     1    0.00    0.09    0.14   10.40 v _4674_/Y (sg13g2_nand4_1)
                                         _0540_ (net)
                  0.09    0.00   10.40 v _4675_/B1 (sg13g2_a21o_1)
     1    0.01    0.04    0.14   10.54 v _4675_/X (sg13g2_a21o_1)
                                         _0541_ (net)
                  0.04    0.00   10.54 v _4676_/C1 (sg13g2_a221oi_1)
     1    0.01    0.20    0.17   10.71 ^ _4676_/Y (sg13g2_a221oi_1)
                                         _0542_ (net)
                  0.20    0.00   10.71 ^ _4683_/A2 (sg13g2_a221oi_1)
     1    0.00    0.11    0.12   10.83 v _4683_/Y (sg13g2_a221oi_1)
                                         _0085_ (net)
                  0.11    0.00   10.83 v cpu_inst.N$_DFFE_PN0P_/D (sg13g2_dfrbp_1)
                                 10.83   data arrival time

                         20.83   20.83   clock clk (rise edge)
                          0.00   20.83   clock source latency
     1    0.04    0.08    0.00   20.83 ^ u_pad_clk/p2c (sg13g2_IOPadIn)
                                         clk_phy (net)
                  0.06    0.00   20.83 ^ clkbuf_0_clk_phy/A (sg13g2_buf_4)
     4    0.10    0.11    0.17   21.01 ^ clkbuf_0_clk_phy/X (sg13g2_buf_4)
                                         clknet_0_clk_phy (net)
                  0.11    0.00   21.01 ^ clkbuf_2_1_0_clk_phy/A (sg13g2_buf_8)
     4    0.04    0.04    0.11   21.12 ^ clkbuf_2_1_0_clk_phy/X (sg13g2_buf_8)
                                         clknet_2_1_0_clk_phy (net)
                  0.04    0.00   21.12 ^ clkbuf_4_4__f_clk_phy/A (sg13g2_buf_4)
     7    0.04    0.05    0.11   21.23 ^ clkbuf_4_4__f_clk_phy/X (sg13g2_buf_4)
                                         clknet_4_4__leaf_clk_phy (net)
                  0.05    0.00   21.24 ^ cpu_inst.N$_DFFE_PN0P_/CLK (sg13g2_dfrbp_1)
                         -0.15   21.09   clock uncertainty
                          0.00   21.09   clock reconvergence pessimism
                         -0.14   20.95   library setup time
                                 20.95   data required time
-----------------------------------------------------------------------------
                                 20.95   data required time
                                -10.83   data arrival time
-----------------------------------------------------------------------------
                                 10.12   slack (MET)



==========================================================================
global route report_check_types -max_slew -max_cap -max_fanout -violators
--------------------------------------------------------------------------
max slew

Pin                                    Limit    Slew   Slack
------------------------------------------------------------
u_pad_data_0/pad                        1.20    4.92   -3.72 (VIOLATED)
u_pad_data_1/pad                        1.20    4.92   -3.72 (VIOLATED)
u_pad_data_2/pad                        1.20    4.92   -3.72 (VIOLATED)
u_pad_data_3/pad                        1.20    4.92   -3.72 (VIOLATED)
u_pad_data_4/pad                        1.20    4.92   -3.72 (VIOLATED)
u_pad_data_5/pad                        1.20    4.92   -3.72 (VIOLATED)
u_pad_data_6/pad                        1.20    4.92   -3.72 (VIOLATED)
u_pad_data_7/pad                        1.20    4.92   -3.72 (VIOLATED)
data_0                                  1.20    4.92   -3.72 (VIOLATED)
data_1                                  1.20    4.92   -3.72 (VIOLATED)
data_2                                  1.20    4.92   -3.72 (VIOLATED)
data_3                                  1.20    4.92   -3.72 (VIOLATED)
data_4                                  1.20    4.92   -3.72 (VIOLATED)
data_5                                  1.20    4.92   -3.72 (VIOLATED)
data_6                                  1.20    4.92   -3.72 (VIOLATED)
data_7                                  1.20    4.92   -3.72 (VIOLATED)
u_pad_addr_15/pad                       1.20    4.68   -3.48 (VIOLATED)
u_pad_rw/pad                            1.20    4.68   -3.48 (VIOLATED)
u_pad_addr_0/pad                        1.20    4.68   -3.48 (VIOLATED)
u_pad_addr_1/pad                        1.20    4.68   -3.48 (VIOLATED)
u_pad_addr_2/pad                        1.20    4.68   -3.48 (VIOLATED)
u_pad_addr_3/pad                        1.20    4.68   -3.48 (VIOLATED)
u_pad_addr_4/pad                        1.20    4.68   -3.48 (VIOLATED)
u_pad_addr_10/pad                       1.20    4.68   -3.48 (VIOLATED)
u_pad_addr_11/pad                       1.20    4.68   -3.48 (VIOLATED)
u_pad_addr_12/pad                       1.20    4.68   -3.48 (VIOLATED)
u_pad_addr_13/pad                       1.20    4.68   -3.48 (VIOLATED)
u_pad_addr_14/pad                       1.20    4.68   -3.48 (VIOLATED)
u_pad_addr_5/pad                        1.20    4.68   -3.48 (VIOLATED)
u_pad_addr_6/pad                        1.20    4.68   -3.48 (VIOLATED)
u_pad_addr_7/pad                        1.20    4.68   -3.48 (VIOLATED)
u_pad_addr_8/pad                        1.20    4.68   -3.48 (VIOLATED)
u_pad_addr_9/pad                        1.20    4.68   -3.48 (VIOLATED)
RW                                      1.20    3.51   -2.31 (VIOLATED)
addr_15                                 1.20    3.51   -2.31 (VIOLATED)
addr_0                                  1.20    3.51   -2.31 (VIOLATED)
addr_1                                  1.20    3.51   -2.31 (VIOLATED)
addr_10                                 1.20    3.51   -2.31 (VIOLATED)
addr_11                                 1.20    3.51   -2.31 (VIOLATED)
addr_12                                 1.20    3.51   -2.31 (VIOLATED)
addr_13                                 1.20    3.51   -2.31 (VIOLATED)
addr_14                                 1.20    3.51   -2.31 (VIOLATED)
addr_2                                  1.20    3.51   -2.31 (VIOLATED)
addr_3                                  1.20    3.51   -2.31 (VIOLATED)
addr_4                                  1.20    3.51   -2.31 (VIOLATED)
addr_5                                  1.20    3.51   -2.31 (VIOLATED)
addr_6                                  1.20    3.51   -2.31 (VIOLATED)
addr_7                                  1.20    3.51   -2.31 (VIOLATED)
addr_8                                  1.20    3.51   -2.31 (VIOLATED)
addr_9                                  1.20    3.51   -2.31 (VIOLATED)

max fanout

Pin                                   Limit Fanout  Slack
---------------------------------------------------------
_4999_/Y                                  8     22    -14 (VIOLATED)

max capacitance

Pin                                    Limit     Cap   Slack
------------------------------------------------------------
data_0                                  1.08    5.21   -4.13 (VIOLATED)
data_1                                  1.08    5.21   -4.13 (VIOLATED)
data_2                                  1.08    5.21   -4.13 (VIOLATED)
data_3                                  1.08    5.21   -4.13 (VIOLATED)
data_4                                  1.08    5.21   -4.13 (VIOLATED)
data_5                                  1.08    5.21   -4.13 (VIOLATED)
data_6                                  1.08    5.21   -4.13 (VIOLATED)
data_7                                  1.08    5.21   -4.13 (VIOLATED)
u_pad_data_0/pad                        1.08    5.21   -4.13 (VIOLATED)
u_pad_data_1/pad                        1.08    5.21   -4.13 (VIOLATED)
u_pad_data_2/pad                        1.08    5.21   -4.13 (VIOLATED)
u_pad_data_3/pad                        1.08    5.21   -4.13 (VIOLATED)
u_pad_data_4/pad                        1.08    5.21   -4.13 (VIOLATED)
u_pad_data_5/pad                        1.08    5.21   -4.13 (VIOLATED)
u_pad_data_6/pad                        1.08    5.21   -4.13 (VIOLATED)
u_pad_data_7/pad                        1.08    5.21   -4.13 (VIOLATED)
u_pad_addr_0/pad                        1.11    5.00   -3.89 (VIOLATED)
u_pad_addr_1/pad                        1.11    5.00   -3.89 (VIOLATED)
u_pad_addr_10/pad                       1.11    5.00   -3.89 (VIOLATED)
u_pad_addr_11/pad                       1.11    5.00   -3.89 (VIOLATED)
u_pad_addr_12/pad                       1.11    5.00   -3.89 (VIOLATED)
u_pad_addr_13/pad                       1.11    5.00   -3.89 (VIOLATED)
u_pad_addr_14/pad                       1.11    5.00   -3.89 (VIOLATED)
u_pad_addr_15/pad                       1.11    5.00   -3.89 (VIOLATED)
u_pad_addr_2/pad                        1.11    5.00   -3.89 (VIOLATED)
u_pad_addr_3/pad                        1.11    5.00   -3.89 (VIOLATED)
u_pad_addr_4/pad                        1.11    5.00   -3.89 (VIOLATED)
u_pad_addr_5/pad                        1.11    5.00   -3.89 (VIOLATED)
u_pad_addr_6/pad                        1.11    5.00   -3.89 (VIOLATED)
u_pad_addr_7/pad                        1.11    5.00   -3.89 (VIOLATED)
u_pad_addr_8/pad                        1.11    5.00   -3.89 (VIOLATED)
u_pad_addr_9/pad                        1.11    5.00   -3.89 (VIOLATED)
u_pad_rw/pad                            1.11    5.00   -3.89 (VIOLATED)


==========================================================================
global route max_slew_check_slack
--------------------------------------------------------------------------
-3.7172701358795166

==========================================================================
global route max_slew_check_limit
--------------------------------------------------------------------------
1.2000000476837158

==========================================================================
global route max_slew_check_slack_limit
--------------------------------------------------------------------------
-3.0977

==========================================================================
global route max_fanout_check_slack
--------------------------------------------------------------------------
-14.0

==========================================================================
global route max_fanout_check_limit
--------------------------------------------------------------------------
8.0

==========================================================================
global route max_fanout_check_slack_limit
--------------------------------------------------------------------------
-1.7500

==========================================================================
global route max_capacitance_check_slack
--------------------------------------------------------------------------
-4.132936000823975

==========================================================================
global route max_capacitance_check_limit
--------------------------------------------------------------------------
1.0759299993515015

==========================================================================
global route max_capacitance_check_slack_limit
--------------------------------------------------------------------------
-3.8413

==========================================================================
global route max_slew_violation_count
--------------------------------------------------------------------------
max slew violation count 50

==========================================================================
global route max_fanout_violation_count
--------------------------------------------------------------------------
max fanout violation count 1

==========================================================================
global route max_cap_violation_count
--------------------------------------------------------------------------
max cap violation count 33

==========================================================================
global route setup_violation_count
--------------------------------------------------------------------------
setup violation count 0

==========================================================================
global route hold_violation_count
--------------------------------------------------------------------------
hold violation count 0

==========================================================================
global route report_checks -path_delay max reg to reg
--------------------------------------------------------------------------
Startpoint: cpu_inst.state[2]$_DFFE_PN0P_
            (rising edge-triggered flip-flop clocked by clk)
Endpoint: cpu_inst.ACC[4]$_DFFE_PN0P_
          (rising edge-triggered flip-flop clocked by clk)
Path Group: clk
Path Type: max

  Delay    Time   Description
---------------------------------------------------------
   0.00    0.00   clock clk (rise edge)
   0.00    0.00   clock source latency
   0.00    0.00 ^ u_pad_clk/p2c (sg13g2_IOPadIn)
   0.17    0.17 ^ clkbuf_0_clk_phy/X (sg13g2_buf_4)
   0.11    0.28 ^ clkbuf_2_0_0_clk_phy/X (sg13g2_buf_8)
   0.10    0.38 ^ clkbuf_4_2__f_clk_phy/X (sg13g2_buf_4)
   0.00    0.38 ^ cpu_inst.state[2]$_DFFE_PN0P_/CLK (sg13g2_dfrbp_1)
   0.21    0.60 ^ cpu_inst.state[2]$_DFFE_PN0P_/Q (sg13g2_dfrbp_1)
   0.11    0.70 ^ _3595_/X (sg13g2_buf_1)
   0.07    0.77 v _3596_/Y (sg13g2_inv_1)
   0.13    0.91 v fanout810/X (sg13g2_buf_1)
   0.07    0.98 ^ _3597_/Y (sg13g2_nor2_1)
   0.15    1.12 ^ _3598_/X (sg13g2_buf_1)
   0.13    1.25 v _3645_/Y (sg13g2_nand2_1)
   0.52    1.77 ^ _3646_/Y (sg13g2_nor3_1)
   0.20    1.97 ^ _3697_/X (sg13g2_buf_1)
   0.27    2.24 ^ fanout654/X (sg13g2_buf_1)
   0.27    2.52 ^ _3733_/X (sg13g2_buf_1)
   0.47    2.98 ^ fanout626/X (sg13g2_buf_1)
   0.19    3.17 ^ _3734_/X (sg13g2_buf_1)
   0.19    3.36 ^ fanout609/X (sg13g2_buf_1)
   0.09    3.45 v _4061_/Y (sg13g2_a221oi_1)
   0.09    3.54 ^ _4065_/Y (sg13g2_a22oi_1)
   0.18    3.72 ^ _4066_/X (sg13g2_mux2_1)
   0.00    3.72 ^ cpu_inst.ACC[4]$_DFFE_PN0P_/D (sg13g2_dfrbp_1)
           3.72   data arrival time

  20.83   20.83   clock clk (rise edge)
   0.00   20.83   clock source latency
   0.00   20.83 ^ u_pad_clk/p2c (sg13g2_IOPadIn)
   0.17   21.01 ^ clkbuf_0_clk_phy/X (sg13g2_buf_4)
   0.12   21.12 ^ clkbuf_2_1_0_clk_phy/X (sg13g2_buf_8)
   0.11   21.23 ^ clkbuf_4_4__f_clk_phy/X (sg13g2_buf_4)
   0.00   21.24 ^ cpu_inst.ACC[4]$_DFFE_PN0P_/CLK (sg13g2_dfrbp_1)
  -0.15   21.09   clock uncertainty
   0.00   21.09   clock reconvergence pessimism
  -0.14   20.95   library setup time
          20.95   data required time
---------------------------------------------------------
          20.95   data required time
          -3.72   data arrival time
---------------------------------------------------------
          17.23   slack (MET)



==========================================================================
global route report_checks -path_delay min reg to reg
--------------------------------------------------------------------------
Startpoint: cpu_inst.SP[0]$_DFFE_PN1P_
            (rising edge-triggered flip-flop clocked by clk)
Endpoint: cpu_inst.SP[0]$_DFFE_PN1P_
          (rising edge-triggered flip-flop clocked by clk)
Path Group: clk
Path Type: min

  Delay    Time   Description
---------------------------------------------------------
   0.00    0.00   clock clk (rise edge)
   0.00    0.00   clock source latency
   0.00    0.00 ^ u_pad_clk/p2c (sg13g2_IOPadIn)
   0.17    0.17 ^ clkbuf_0_clk_phy/X (sg13g2_buf_4)
   0.11    0.28 ^ clkbuf_2_3_0_clk_phy/X (sg13g2_buf_8)
   0.10    0.38 ^ clkbuf_4_12__f_clk_phy/X (sg13g2_buf_4)
   0.00    0.38 ^ cpu_inst.SP[0]$_DFFE_PN1P_/CLK (sg13g2_dfrbp_1)
   0.20    0.58 v cpu_inst.SP[0]$_DFFE_PN1P_/Q (sg13g2_dfrbp_1)
   0.03    0.61 ^ _5694_/Y (sg13g2_nand2_1)
   0.04    0.65 v _5695_/Y (sg13g2_o21ai_1)
   0.00    0.65 v cpu_inst.SP[0]$_DFFE_PN1P_/D (sg13g2_dfrbp_1)
           0.65   data arrival time

   0.00    0.00   clock clk (rise edge)
   0.00    0.00   clock source latency
   0.00    0.00 ^ u_pad_clk/p2c (sg13g2_IOPadIn)
   0.17    0.17 ^ clkbuf_0_clk_phy/X (sg13g2_buf_4)
   0.11    0.28 ^ clkbuf_2_3_0_clk_phy/X (sg13g2_buf_8)
   0.10    0.38 ^ clkbuf_4_12__f_clk_phy/X (sg13g2_buf_4)
   0.00    0.38 ^ cpu_inst.SP[0]$_DFFE_PN1P_/CLK (sg13g2_dfrbp_1)
   0.15    0.53   clock uncertainty
   0.00    0.53   clock reconvergence pessimism
  -0.03    0.50   library hold time
           0.50   data required time
---------------------------------------------------------
           0.50   data required time
          -0.65   data arrival time
---------------------------------------------------------
           0.15   slack (MET)



==========================================================================
global route critical path target clock latency max path
--------------------------------------------------------------------------
0.3851

==========================================================================
global route critical path target clock latency min path
--------------------------------------------------------------------------
0.3930

==========================================================================
global route critical path source clock latency min path
--------------------------------------------------------------------------
0.0000

==========================================================================
global route critical path delay
--------------------------------------------------------------------------
10.8307

==========================================================================
global route critical path slack
--------------------------------------------------------------------------
10.1173

==========================================================================
global route slack div critical path delay
--------------------------------------------------------------------------
93.413168

==========================================================================
global route report_power
--------------------------------------------------------------------------
Group                  Internal  Switching    Leakage      Total
                          Power      Power      Power      Power (Watts)
----------------------------------------------------------------
Sequential             1.94e-05   4.71e-07   5.39e-08   2.00e-05  58.9%
Combinational          2.17e-06   6.04e-06   4.51e-07   8.66e-06  25.6%
Clock                  2.24e-06   2.47e-06   9.09e-09   4.72e-06  13.9%
Macro                  0.00e+00   0.00e+00   0.00e+00   0.00e+00   0.0%
Pad                    2.63e-07   2.49e-07   2.97e-08   5.42e-07   1.6%
----------------------------------------------------------------
Total                  2.41e-05   9.24e-06   5.44e-07   3.39e-05 100.0%
                          71.1%      27.3%       1.6%
